1772348894
active_connections 0
1772348899
active_connections 388
1772348904
active_connections 388
1772348909
active_connections 388
1772348914
active_connections 388
1772348919
active_connections 388
1772348924
active_connections 388
1772348929
active_connections 388
1772348934
active_connections 388
1772348939
active_connections 388
1772348944
active_connections 388
1772348949
active_connections 388
1772348954
active_connections 388
1772348959
active_connections 388
1772348964
active_connections 388
1772348969
active_connections 388
1772348974
active_connections 388
1772348979
active_connections 388
1772348984
active_connections 388
1772348989
active_connections 388
1772348994
active_connections 388
1772348999
active_connections 388
1772349004
active_connections 388
1772349010
active_connections 226
1772349015
active_connections 226
1772349020
active_connections 314
1772349025
active_connections 314
1772349030
active_connections 191
1772349035
active_connections 191
1772349040
active_connections 191
1772349045
active_connections 191
1772349050
active_connections 191
1772349055
active_connections 191
1772349060
active_connections 191
1772349065
active_connections 191
1772349070
active_connections 191
1772349075
active_connections 191
1772349080
active_connections 191
1772349085
active_connections 191
1772349090
active_connections 191
1772349095
active_connections 191
1772349100
active_connections 191
1772349105
active_connections 191
1772349110
active_connections 191
1772349115
active_connections 191
1772349120
active_connections 191
1772349125
active_connections 191
1772349130
active_connections 110
1772349135
active_connections 110
1772349140
active_connections 86
1772349145
active_connections 86
1772349150
active_connections 143
1772349155
active_connections 143
1772349160
active_connections 145
1772349165
active_connections 145
1772349170
active_connections 145
1772349175
active_connections 145
1772349180
active_connections 145
1772349185
active_connections 145
1772349190
active_connections 145
1772349195
active_connections 145
1772349200
active_connections 145
1772349205
active_connections 145
1772349210
active_connections 145
1772349215
active_connections 145
1772349220
active_connections 145
1772349225
active_connections 0
1772349230
active_connections 0
1772349235
active_connections 0
1772349240
active_connections 0
1772349245
active_connections 0
1772349250
active_connections 0
1772349255
active_connections 0
1772349260
active_connections 0
1772349265
active_connections 0
1772349270
active_connections 0
1772349275
active_connections 0
1772349280
active_connections 0
1772349285
active_connections 0
1772349290
active_connections 0
1772349295
active_connections 0
1772349300
active_connections 0
1772349305
active_connections 0
1772349310
active_connections 0
1772349315
active_connections 0
1772349320
active_connections 0
1772349325
active_connections 0
1772349330
active_connections 0
1772349335
active_connections 0
1772349340
active_connections 0
1772349345
active_connections 0
1772349350
active_connections 0
1772349355
active_connections 0
1772349360
active_connections 0
1772349365
active_connections 0
1772349370
active_connections 0
1772349375
active_connections 0
1772349380
active_connections 0
1772349385
active_connections 0
1772349390
active_connections 0
1772349395
active_connections 0
1772349400
active_connections 0
1772349405
active_connections 0
1772349410
active_connections 0
1772349416
active_connections 0
1772349421
active_connections 0
1772349426
active_connections 0
1772349431
active_connections 0
1772349436
active_connections 0
1772349441
active_connections 0
1772349446
active_connections 0
1772349451
active_connections 0
1772349456
active_connections 0
1772349461
active_connections 0
1772349466
active_connections 0
1772349471
active_connections 0
1772349476
active_connections 0
1772349481
active_connections 0
1772349486
active_connections 0
1772349491
active_connections 0
1772349496
active_connections 0
1772349501
active_connections 0
1772349506
active_connections 0
1772349511
active_connections 0
1772349516
active_connections 0
1772349521
active_connections 0
1772349526
active_connections 0
1772349531
active_connections 0
1772349536
active_connections 0
1772349541
active_connections 0
1772349546
active_connections 0
1772349551
active_connections 0
1772349556
active_connections 0
1772349561
active_connections 0
1772349566
active_connections 0
1772349571
active_connections 0
1772349576
active_connections 0
1772349581
