1772348910
websocket-loadgen-hzp2t             66m    66Mi   
websocket-server-5f4f67c6f4-46x2g   194m   48Mi   
websocket-server-5f4f67c6f4-r8xls   148m   49Mi   
1772348915
websocket-loadgen-hzp2t             66m    66Mi   
websocket-server-5f4f67c6f4-46x2g   194m   48Mi   
websocket-server-5f4f67c6f4-r8xls   148m   49Mi   
1772348920
websocket-loadgen-hzp2t             66m    66Mi   
websocket-server-5f4f67c6f4-46x2g   194m   48Mi   
websocket-server-5f4f67c6f4-r8xls   148m   49Mi   
1772348925
websocket-loadgen-hzp2t             24m    66Mi   
websocket-server-5f4f67c6f4-46x2g   231m   48Mi   
websocket-server-5f4f67c6f4-r8xls   196m   49Mi   
1772348930
websocket-loadgen-hzp2t             24m    66Mi   
websocket-server-5f4f67c6f4-46x2g   231m   48Mi   
websocket-server-5f4f67c6f4-r8xls   196m   49Mi   
1772348935
websocket-loadgen-hzp2t             24m    66Mi   
websocket-server-5f4f67c6f4-46x2g   231m   48Mi   
websocket-server-5f4f67c6f4-r8xls   196m   49Mi   
1772348940
websocket-loadgen-hzp2t             24m    66Mi   
websocket-server-5f4f67c6f4-46x2g   231m   48Mi   
websocket-server-5f4f67c6f4-r8xls   224m   49Mi   
1772348945
websocket-loadgen-hzp2t             24m    66Mi   
websocket-server-5f4f67c6f4-46x2g   231m   48Mi   
websocket-server-5f4f67c6f4-r8xls   224m   49Mi   
1772348950
websocket-loadgen-hzp2t             24m    66Mi   
websocket-server-5f4f67c6f4-46x2g   231m   48Mi   
websocket-server-5f4f67c6f4-r8xls   224m   49Mi   
1772348955
websocket-loadgen-hzp2t             25m    66Mi   
websocket-server-5f4f67c6f4-46x2g   213m   48Mi   
websocket-server-5f4f67c6f4-pxzd8   0m     25Mi   
websocket-server-5f4f67c6f4-r8xls   246m   49Mi   
websocket-server-5f4f67c6f4-wmqhm   1m     25Mi   
1772348960
websocket-loadgen-hzp2t             25m    66Mi   
websocket-server-5f4f67c6f4-46x2g   213m   48Mi   
websocket-server-5f4f67c6f4-pxzd8   0m     25Mi   
websocket-server-5f4f67c6f4-r8xls   246m   49Mi   
websocket-server-5f4f67c6f4-wmqhm   1m     25Mi   
1772348965
websocket-loadgen-hzp2t             25m    66Mi   
websocket-server-5f4f67c6f4-46x2g   213m   48Mi   
websocket-server-5f4f67c6f4-pxzd8   0m     25Mi   
websocket-server-5f4f67c6f4-r8xls   246m   49Mi   
websocket-server-5f4f67c6f4-wmqhm   1m     25Mi   
1772348970
websocket-loadgen-hzp2t             26m    67Mi   
websocket-server-5f4f67c6f4-46x2g   218m   48Mi   
websocket-server-5f4f67c6f4-pxzd8   1m     25Mi   
websocket-server-5f4f67c6f4-r8xls   246m   49Mi   
websocket-server-5f4f67c6f4-wmqhm   0m     25Mi   
1772348975
websocket-loadgen-hzp2t             26m    67Mi   
websocket-server-5f4f67c6f4-46x2g   218m   48Mi   
websocket-server-5f4f67c6f4-pxzd8   1m     25Mi   
websocket-server-5f4f67c6f4-r8xls   246m   49Mi   
websocket-server-5f4f67c6f4-wmqhm   0m     25Mi   
1772348980
websocket-loadgen-hzp2t             26m    67Mi   
websocket-server-5f4f67c6f4-46x2g   218m   48Mi   
websocket-server-5f4f67c6f4-pxzd8   1m     25Mi   
websocket-server-5f4f67c6f4-r8xls   246m   49Mi   
websocket-server-5f4f67c6f4-wmqhm   0m     25Mi   
1772348986
websocket-loadgen-hzp2t             27m    68Mi   
websocket-server-5f4f67c6f4-46x2g   258m   48Mi   
websocket-server-5f4f67c6f4-pxzd8   1m     25Mi   
websocket-server-5f4f67c6f4-r8xls   241m   49Mi   
websocket-server-5f4f67c6f4-wmqhm   1m     25Mi   
1772348991
websocket-loadgen-hzp2t             27m    68Mi   
websocket-server-5f4f67c6f4-46x2g   258m   48Mi   
websocket-server-5f4f67c6f4-pxzd8   1m     25Mi   
websocket-server-5f4f67c6f4-r8xls   241m   49Mi   
websocket-server-5f4f67c6f4-wmqhm   1m     25Mi   
1772348996
websocket-loadgen-hzp2t             27m    68Mi   
websocket-server-5f4f67c6f4-46x2g   258m   48Mi   
websocket-server-5f4f67c6f4-pxzd8   1m     25Mi   
websocket-server-5f4f67c6f4-r8xls   241m   49Mi   
websocket-server-5f4f67c6f4-wmqhm   1m     25Mi   
1772349001
websocket-loadgen-hzp2t             9m     70Mi   
websocket-server-5f4f67c6f4-46x2g   258m   48Mi   
websocket-server-5f4f67c6f4-pxzd8   1m     25Mi   
websocket-server-5f4f67c6f4-r8xls   264m   49Mi   
websocket-server-5f4f67c6f4-wmqhm   1m     25Mi   
1772349006
websocket-loadgen-hzp2t             9m     70Mi   
websocket-server-5f4f67c6f4-46x2g   258m   48Mi   
websocket-server-5f4f67c6f4-pxzd8   1m     25Mi   
websocket-server-5f4f67c6f4-r8xls   264m   49Mi   
websocket-server-5f4f67c6f4-wmqhm   1m     25Mi   
1772349011
websocket-loadgen-hzp2t             9m     70Mi   
websocket-server-5f4f67c6f4-46x2g   258m   48Mi   
websocket-server-5f4f67c6f4-pxzd8   1m     25Mi   
websocket-server-5f4f67c6f4-r8xls   264m   49Mi   
websocket-server-5f4f67c6f4-wmqhm   1m     25Mi   
1772349016
websocket-loadgen-hzp2t             7m     70Mi   
websocket-server-5f4f67c6f4-46x2g   227m   49Mi   
websocket-server-5f4f67c6f4-pxzd8   1m     25Mi   
websocket-server-5f4f67c6f4-r8xls   156m   49Mi   
websocket-server-5f4f67c6f4-wmqhm   1m     25Mi   
1772349021
websocket-loadgen-hzp2t             7m     70Mi   
websocket-server-5f4f67c6f4-46x2g   227m   49Mi   
websocket-server-5f4f67c6f4-pxzd8   1m     25Mi   
websocket-server-5f4f67c6f4-r8xls   156m   49Mi   
websocket-server-5f4f67c6f4-wmqhm   1m     25Mi   
1772349026
websocket-loadgen-hzp2t             7m     70Mi   
websocket-server-5f4f67c6f4-46x2g   227m   49Mi   
websocket-server-5f4f67c6f4-pxzd8   1m     25Mi   
websocket-server-5f4f67c6f4-r8xls   156m   49Mi   
websocket-server-5f4f67c6f4-wmqhm   1m     25Mi   
1772349031
websocket-loadgen-hzp2t             46m    91Mi   
websocket-server-5f4f67c6f4-46x2g   93m    52Mi   
websocket-server-5f4f67c6f4-pxzd8   29m    31Mi   
websocket-server-5f4f67c6f4-r8xls   110m   55Mi   
websocket-server-5f4f67c6f4-wmqhm   1m     25Mi   
1772349036
websocket-loadgen-hzp2t             46m    91Mi   
websocket-server-5f4f67c6f4-46x2g   93m    52Mi   
websocket-server-5f4f67c6f4-pxzd8   29m    31Mi   
websocket-server-5f4f67c6f4-r8xls   110m   55Mi   
websocket-server-5f4f67c6f4-wmqhm   1m     25Mi   
1772349041
websocket-loadgen-hzp2t             46m    91Mi   
websocket-server-5f4f67c6f4-46x2g   93m    52Mi   
websocket-server-5f4f67c6f4-pxzd8   29m    31Mi   
websocket-server-5f4f67c6f4-r8xls   110m   55Mi   
websocket-server-5f4f67c6f4-wmqhm   1m     25Mi   
1772349046
websocket-loadgen-hzp2t             46m    91Mi   
websocket-server-5f4f67c6f4-46x2g   129m   56Mi   
websocket-server-5f4f67c6f4-pxzd8   128m   36Mi   
websocket-server-5f4f67c6f4-r8xls   122m   58Mi   
websocket-server-5f4f67c6f4-wmqhm   69m    37Mi   
1772349051
websocket-loadgen-hzp2t             46m    91Mi   
websocket-server-5f4f67c6f4-46x2g   129m   56Mi   
websocket-server-5f4f67c6f4-pxzd8   128m   36Mi   
websocket-server-5f4f67c6f4-r8xls   122m   58Mi   
websocket-server-5f4f67c6f4-wmqhm   69m    37Mi   
1772349056
websocket-loadgen-hzp2t             46m    91Mi   
websocket-server-5f4f67c6f4-46x2g   129m   56Mi   
websocket-server-5f4f67c6f4-pxzd8   128m   36Mi   
websocket-server-5f4f67c6f4-r8xls   122m   58Mi   
websocket-server-5f4f67c6f4-wmqhm   69m    37Mi   
1772349061
websocket-loadgen-hzp2t             41m    111Mi   
websocket-server-5f4f67c6f4-46x2g   129m   56Mi    
websocket-server-5f4f67c6f4-pxzd8   137m   37Mi    
websocket-server-5f4f67c6f4-r8xls   149m   59Mi    
websocket-server-5f4f67c6f4-wmqhm   154m   37Mi    
1772349067
websocket-loadgen-hzp2t             41m    111Mi   
websocket-server-5f4f67c6f4-46x2g   129m   56Mi    
websocket-server-5f4f67c6f4-pxzd8   137m   37Mi    
websocket-server-5f4f67c6f4-r8xls   149m   59Mi    
websocket-server-5f4f67c6f4-wmqhm   154m   37Mi    
1772349072
websocket-loadgen-hzp2t             41m    111Mi   
websocket-server-5f4f67c6f4-46x2g   129m   56Mi    
websocket-server-5f4f67c6f4-pxzd8   137m   37Mi    
websocket-server-5f4f67c6f4-r8xls   149m   59Mi    
websocket-server-5f4f67c6f4-wmqhm   154m   37Mi    
1772349077
websocket-loadgen-hzp2t             40m    112Mi   
websocket-server-5f4f67c6f4-46x2g   145m   56Mi    
websocket-server-5f4f67c6f4-pxzd8   137m   37Mi    
websocket-server-5f4f67c6f4-r8xls   131m   59Mi    
websocket-server-5f4f67c6f4-wmqhm   105m   37Mi    
1772349082
websocket-loadgen-hzp2t             40m    112Mi   
websocket-server-5f4f67c6f4-46x2g   145m   56Mi    
websocket-server-5f4f67c6f4-pxzd8   137m   37Mi    
websocket-server-5f4f67c6f4-r8xls   131m   59Mi    
websocket-server-5f4f67c6f4-wmqhm   105m   37Mi    
1772349087
websocket-loadgen-hzp2t             40m    112Mi   
websocket-server-5f4f67c6f4-46x2g   145m   56Mi    
websocket-server-5f4f67c6f4-pxzd8   137m   37Mi    
websocket-server-5f4f67c6f4-r8xls   131m   59Mi    
websocket-server-5f4f67c6f4-wmqhm   105m   37Mi    
1772349092
websocket-loadgen-hzp2t             26m    113Mi   
websocket-server-5f4f67c6f4-46x2g   136m   56Mi    
websocket-server-5f4f67c6f4-pxzd8   133m   37Mi    
websocket-server-5f4f67c6f4-r8xls   130m   58Mi    
websocket-server-5f4f67c6f4-sdjfz   15m    25Mi    
websocket-server-5f4f67c6f4-wmqhm   105m   37Mi    
1772349097
websocket-loadgen-hzp2t             26m    113Mi   
websocket-server-5f4f67c6f4-46x2g   136m   56Mi    
websocket-server-5f4f67c6f4-pxzd8   133m   37Mi    
websocket-server-5f4f67c6f4-r8xls   130m   58Mi    
websocket-server-5f4f67c6f4-sdjfz   15m    25Mi    
websocket-server-5f4f67c6f4-wmqhm   105m   37Mi    
1772349102
websocket-loadgen-hzp2t             26m    113Mi   
websocket-server-5f4f67c6f4-46x2g   136m   56Mi    
websocket-server-5f4f67c6f4-pxzd8   133m   37Mi    
websocket-server-5f4f67c6f4-r8xls   130m   58Mi    
websocket-server-5f4f67c6f4-sdjfz   15m    25Mi    
websocket-server-5f4f67c6f4-wmqhm   105m   37Mi    
1772349107
websocket-loadgen-hzp2t             33m    114Mi   
websocket-server-5f4f67c6f4-46x2g   136m   56Mi    
websocket-server-5f4f67c6f4-pxzd8   142m   37Mi    
websocket-server-5f4f67c6f4-r8xls   136m   58Mi    
websocket-server-5f4f67c6f4-sdjfz   0m     25Mi    
websocket-server-5f4f67c6f4-wmqhm   142m   37Mi    
1772349112
websocket-loadgen-hzp2t             33m    114Mi   
websocket-server-5f4f67c6f4-46x2g   136m   56Mi    
websocket-server-5f4f67c6f4-pxzd8   142m   37Mi    
websocket-server-5f4f67c6f4-r8xls   136m   58Mi    
websocket-server-5f4f67c6f4-sdjfz   0m     25Mi    
websocket-server-5f4f67c6f4-wmqhm   142m   37Mi    
1772349117
websocket-loadgen-hzp2t             33m    114Mi   
websocket-server-5f4f67c6f4-46x2g   136m   56Mi    
websocket-server-5f4f67c6f4-pxzd8   142m   37Mi    
websocket-server-5f4f67c6f4-r8xls   136m   58Mi    
websocket-server-5f4f67c6f4-sdjfz   0m     25Mi    
websocket-server-5f4f67c6f4-wmqhm   142m   37Mi    
1772349122
websocket-loadgen-hzp2t             23m    115Mi   
websocket-server-5f4f67c6f4-46x2g   135m   56Mi    
websocket-server-5f4f67c6f4-pxzd8   131m   37Mi    
websocket-server-5f4f67c6f4-r8xls   148m   58Mi    
websocket-server-5f4f67c6f4-sdjfz   1m     25Mi    
websocket-server-5f4f67c6f4-wmqhm   147m   37Mi    
1772349127
websocket-loadgen-hzp2t             23m    115Mi   
websocket-server-5f4f67c6f4-46x2g   135m   56Mi    
websocket-server-5f4f67c6f4-pxzd8   131m   37Mi    
websocket-server-5f4f67c6f4-r8xls   148m   58Mi    
websocket-server-5f4f67c6f4-sdjfz   1m     25Mi    
websocket-server-5f4f67c6f4-wmqhm   147m   37Mi    
1772349132
websocket-loadgen-hzp2t             23m    115Mi   
websocket-server-5f4f67c6f4-46x2g   135m   56Mi    
websocket-server-5f4f67c6f4-pxzd8   131m   37Mi    
websocket-server-5f4f67c6f4-r8xls   148m   58Mi    
websocket-server-5f4f67c6f4-sdjfz   1m     25Mi    
websocket-server-5f4f67c6f4-wmqhm   147m   37Mi    
1772349137
websocket-loadgen-hzp2t             16m    115Mi   
websocket-server-5f4f67c6f4-46x2g   122m   57Mi    
websocket-server-5f4f67c6f4-pxzd8   131m   37Mi    
websocket-server-5f4f67c6f4-r8xls   140m   58Mi    
websocket-server-5f4f67c6f4-sdjfz   1m     25Mi    
websocket-server-5f4f67c6f4-wmqhm   122m   37Mi    
1772349142
websocket-loadgen-hzp2t             16m    115Mi   
websocket-server-5f4f67c6f4-46x2g   122m   57Mi    
websocket-server-5f4f67c6f4-pxzd8   131m   37Mi    
websocket-server-5f4f67c6f4-r8xls   140m   58Mi    
websocket-server-5f4f67c6f4-sdjfz   1m     25Mi    
websocket-server-5f4f67c6f4-wmqhm   122m   37Mi    
1772349147
websocket-loadgen-hzp2t             16m    115Mi   
websocket-server-5f4f67c6f4-46x2g   122m   57Mi    
websocket-server-5f4f67c6f4-pxzd8   131m   37Mi    
websocket-server-5f4f67c6f4-r8xls   140m   58Mi    
websocket-server-5f4f67c6f4-sdjfz   1m     25Mi    
websocket-server-5f4f67c6f4-wmqhm   122m   37Mi    
1772349152
websocket-loadgen-hzp2t             63m   121Mi   
websocket-server-5f4f67c6f4-46x2g   50m   61Mi    
websocket-server-5f4f67c6f4-pxzd8   86m   37Mi    
websocket-server-5f4f67c6f4-r8xls   58m   61Mi    
websocket-server-5f4f67c6f4-sdjfz   29m   30Mi    
websocket-server-5f4f67c6f4-wmqhm   58m   42Mi    
1772349157
websocket-loadgen-hzp2t             63m   121Mi   
websocket-server-5f4f67c6f4-46x2g   50m   61Mi    
websocket-server-5f4f67c6f4-pxzd8   86m   37Mi    
websocket-server-5f4f67c6f4-r8xls   58m   61Mi    
websocket-server-5f4f67c6f4-sdjfz   29m   30Mi    
websocket-server-5f4f67c6f4-wmqhm   58m   42Mi    
1772349163
websocket-loadgen-hzp2t             63m   121Mi   
websocket-server-5f4f67c6f4-46x2g   50m   61Mi    
websocket-server-5f4f67c6f4-pxzd8   86m   37Mi    
websocket-server-5f4f67c6f4-r8xls   58m   61Mi    
websocket-server-5f4f67c6f4-sdjfz   29m   30Mi    
websocket-server-5f4f67c6f4-wmqhm   58m   42Mi    
1772349168
websocket-loadgen-hzp2t             60m    124Mi   
websocket-server-5f4f67c6f4-46x2g   106m   64Mi    
websocket-server-5f4f67c6f4-pxzd8   111m   43Mi    
websocket-server-5f4f67c6f4-r8xls   76m    64Mi    
websocket-server-5f4f67c6f4-sdjfz   115m   36Mi    
websocket-server-5f4f67c6f4-wmqhm   96m    43Mi    
1772349173
websocket-loadgen-hzp2t             60m    124Mi   
websocket-server-5f4f67c6f4-46x2g   106m   64Mi    
websocket-server-5f4f67c6f4-pxzd8   111m   43Mi    
websocket-server-5f4f67c6f4-r8xls   76m    64Mi    
websocket-server-5f4f67c6f4-sdjfz   115m   36Mi    
websocket-server-5f4f67c6f4-wmqhm   96m    43Mi    
1772349178
websocket-loadgen-hzp2t             60m    124Mi   
websocket-server-5f4f67c6f4-46x2g   106m   64Mi    
websocket-server-5f4f67c6f4-pxzd8   111m   43Mi    
websocket-server-5f4f67c6f4-r8xls   76m    64Mi    
websocket-server-5f4f67c6f4-sdjfz   115m   36Mi    
websocket-server-5f4f67c6f4-wmqhm   96m    43Mi    
1772349183
websocket-loadgen-hzp2t             26m    124Mi   
websocket-server-5f4f67c6f4-46x2g   133m   65Mi    
websocket-server-5f4f67c6f4-pxzd8   132m   43Mi    
websocket-server-5f4f67c6f4-r8xls   90m    65Mi    
websocket-server-5f4f67c6f4-sdjfz   131m   35Mi    
websocket-server-5f4f67c6f4-wmqhm   139m   43Mi    
1772349188
websocket-loadgen-hzp2t             26m    124Mi   
websocket-server-5f4f67c6f4-46x2g   133m   65Mi    
websocket-server-5f4f67c6f4-pxzd8   132m   43Mi    
websocket-server-5f4f67c6f4-r8xls   90m    65Mi    
websocket-server-5f4f67c6f4-sdjfz   131m   35Mi    
websocket-server-5f4f67c6f4-wmqhm   139m   43Mi    
1772349193
websocket-loadgen-hzp2t             26m    124Mi   
websocket-server-5f4f67c6f4-46x2g   133m   65Mi    
websocket-server-5f4f67c6f4-pxzd8   132m   43Mi    
websocket-server-5f4f67c6f4-r8xls   90m    65Mi    
websocket-server-5f4f67c6f4-sdjfz   131m   35Mi    
websocket-server-5f4f67c6f4-wmqhm   139m   43Mi    
1772349198
websocket-loadgen-hzp2t             26m    124Mi   
websocket-server-5f4f67c6f4-46x2g   99m    64Mi    
websocket-server-5f4f67c6f4-pxzd8   147m   43Mi    
websocket-server-5f4f67c6f4-r8xls   107m   65Mi    
websocket-server-5f4f67c6f4-sdjfz   118m   35Mi    
websocket-server-5f4f67c6f4-wmqhm   127m   43Mi    
1772349203
websocket-loadgen-hzp2t             26m    124Mi   
websocket-server-5f4f67c6f4-46x2g   99m    64Mi    
websocket-server-5f4f67c6f4-pxzd8   147m   43Mi    
websocket-server-5f4f67c6f4-r8xls   107m   65Mi    
websocket-server-5f4f67c6f4-sdjfz   118m   35Mi    
websocket-server-5f4f67c6f4-wmqhm   127m   43Mi    
1772349208
websocket-loadgen-hzp2t             26m    124Mi   
websocket-server-5f4f67c6f4-46x2g   99m    64Mi    
websocket-server-5f4f67c6f4-pxzd8   147m   43Mi    
websocket-server-5f4f67c6f4-r8xls   107m   65Mi    
websocket-server-5f4f67c6f4-sdjfz   118m   35Mi    
websocket-server-5f4f67c6f4-wmqhm   127m   43Mi    
1772349213
websocket-loadgen-hzp2t             31m    124Mi   
websocket-server-5f4f67c6f4-46x2g   99m    64Mi    
websocket-server-5f4f67c6f4-pxzd8   114m   43Mi    
websocket-server-5f4f67c6f4-r8xls   96m    65Mi    
websocket-server-5f4f67c6f4-sdjfz   121m   36Mi    
websocket-server-5f4f67c6f4-wmqhm   123m   43Mi    
1772349218
websocket-loadgen-hzp2t             31m    124Mi   
websocket-server-5f4f67c6f4-46x2g   99m    64Mi    
websocket-server-5f4f67c6f4-pxzd8   114m   43Mi    
websocket-server-5f4f67c6f4-r8xls   96m    65Mi    
websocket-server-5f4f67c6f4-sdjfz   121m   36Mi    
websocket-server-5f4f67c6f4-wmqhm   123m   43Mi    
1772349223
websocket-loadgen-hzp2t             33m    124Mi   
websocket-server-5f4f67c6f4-46x2g   113m   64Mi    
websocket-server-5f4f67c6f4-pxzd8   121m   43Mi    
websocket-server-5f4f67c6f4-r8xls   99m    66Mi    
websocket-server-5f4f67c6f4-sdjfz   121m   36Mi    
websocket-server-5f4f67c6f4-wmqhm   139m   43Mi    
1772349228
websocket-server-5f4f67c6f4-46x2g   113m   64Mi   
websocket-server-5f4f67c6f4-pxzd8   121m   43Mi   
websocket-server-5f4f67c6f4-r8xls   99m    66Mi   
websocket-server-5f4f67c6f4-sdjfz   121m   36Mi   
websocket-server-5f4f67c6f4-wmqhm   139m   43Mi   
1772349233
websocket-server-5f4f67c6f4-46x2g   113m   64Mi   
websocket-server-5f4f67c6f4-pxzd8   121m   43Mi   
websocket-server-5f4f67c6f4-r8xls   99m    66Mi   
websocket-server-5f4f67c6f4-sdjfz   121m   36Mi   
websocket-server-5f4f67c6f4-wmqhm   139m   43Mi   
1772349238
websocket-server-5f4f67c6f4-46x2g   56m    63Mi   
websocket-server-5f4f67c6f4-pxzd8   151m   42Mi   
websocket-server-5f4f67c6f4-r8xls   24m    65Mi   
websocket-server-5f4f67c6f4-sdjfz   126m   35Mi   
websocket-server-5f4f67c6f4-wmqhm   139m   43Mi   
1772349243
websocket-server-5f4f67c6f4-46x2g   56m    63Mi   
websocket-server-5f4f67c6f4-pxzd8   151m   42Mi   
websocket-server-5f4f67c6f4-r8xls   24m    65Mi   
websocket-server-5f4f67c6f4-sdjfz   126m   35Mi   
websocket-server-5f4f67c6f4-wmqhm   139m   43Mi   
1772349248
websocket-server-5f4f67c6f4-46x2g   56m    63Mi   
websocket-server-5f4f67c6f4-pxzd8   151m   42Mi   
websocket-server-5f4f67c6f4-r8xls   24m    65Mi   
websocket-server-5f4f67c6f4-sdjfz   126m   35Mi   
websocket-server-5f4f67c6f4-wmqhm   139m   43Mi   
1772349253
websocket-server-5f4f67c6f4-46x2g   1m    63Mi   
websocket-server-5f4f67c6f4-pxzd8   1m    42Mi   
websocket-server-5f4f67c6f4-r8xls   1m    65Mi   
websocket-server-5f4f67c6f4-sdjfz   5m    35Mi   
websocket-server-5f4f67c6f4-wmqhm   4m    42Mi   
1772349258
websocket-server-5f4f67c6f4-46x2g   1m    63Mi   
websocket-server-5f4f67c6f4-pxzd8   1m    42Mi   
websocket-server-5f4f67c6f4-r8xls   1m    65Mi   
websocket-server-5f4f67c6f4-sdjfz   5m    35Mi   
websocket-server-5f4f67c6f4-wmqhm   4m    42Mi   
1772349264
websocket-server-5f4f67c6f4-46x2g   1m    63Mi   
websocket-server-5f4f67c6f4-pxzd8   1m    42Mi   
websocket-server-5f4f67c6f4-r8xls   1m    65Mi   
websocket-server-5f4f67c6f4-sdjfz   5m    35Mi   
websocket-server-5f4f67c6f4-wmqhm   4m    42Mi   
1772349269
websocket-server-5f4f67c6f4-46x2g   1m    63Mi   
websocket-server-5f4f67c6f4-pxzd8   1m    42Mi   
websocket-server-5f4f67c6f4-r8xls   1m    65Mi   
websocket-server-5f4f67c6f4-sdjfz   1m    35Mi   
websocket-server-5f4f67c6f4-wmqhm   1m    42Mi   
1772349274
websocket-server-5f4f67c6f4-46x2g   1m    63Mi   
websocket-server-5f4f67c6f4-pxzd8   1m    42Mi   
websocket-server-5f4f67c6f4-r8xls   1m    65Mi   
websocket-server-5f4f67c6f4-sdjfz   1m    35Mi   
websocket-server-5f4f67c6f4-wmqhm   1m    42Mi   
1772349279
websocket-server-5f4f67c6f4-46x2g   1m    63Mi   
websocket-server-5f4f67c6f4-pxzd8   1m    42Mi   
websocket-server-5f4f67c6f4-r8xls   1m    65Mi   
websocket-server-5f4f67c6f4-sdjfz   1m    35Mi   
websocket-server-5f4f67c6f4-wmqhm   1m    42Mi   
1772349284
websocket-server-5f4f67c6f4-46x2g   1m    63Mi   
websocket-server-5f4f67c6f4-pxzd8   1m    42Mi   
websocket-server-5f4f67c6f4-r8xls   1m    65Mi   
websocket-server-5f4f67c6f4-sdjfz   1m    35Mi   
websocket-server-5f4f67c6f4-wmqhm   1m    42Mi   
1772349289
websocket-server-5f4f67c6f4-46x2g   1m    63Mi   
websocket-server-5f4f67c6f4-pxzd8   1m    42Mi   
websocket-server-5f4f67c6f4-r8xls   1m    65Mi   
websocket-server-5f4f67c6f4-sdjfz   1m    35Mi   
websocket-server-5f4f67c6f4-wmqhm   1m    42Mi   
1772349294
websocket-server-5f4f67c6f4-46x2g   1m    63Mi   
websocket-server-5f4f67c6f4-pxzd8   1m    42Mi   
websocket-server-5f4f67c6f4-r8xls   1m    65Mi   
websocket-server-5f4f67c6f4-sdjfz   1m    35Mi   
websocket-server-5f4f67c6f4-wmqhm   1m    42Mi   
1772349299
websocket-server-5f4f67c6f4-46x2g   1m    63Mi   
websocket-server-5f4f67c6f4-pxzd8   1m    42Mi   
websocket-server-5f4f67c6f4-r8xls   1m    65Mi   
websocket-server-5f4f67c6f4-sdjfz   1m    35Mi   
websocket-server-5f4f67c6f4-wmqhm   1m    42Mi   
1772349304
websocket-server-5f4f67c6f4-46x2g   1m    63Mi   
websocket-server-5f4f67c6f4-pxzd8   1m    42Mi   
websocket-server-5f4f67c6f4-r8xls   1m    65Mi   
websocket-server-5f4f67c6f4-sdjfz   1m    35Mi   
websocket-server-5f4f67c6f4-wmqhm   1m    42Mi   
1772349309
websocket-server-5f4f67c6f4-46x2g   1m    63Mi   
websocket-server-5f4f67c6f4-pxzd8   1m    42Mi   
websocket-server-5f4f67c6f4-r8xls   1m    65Mi   
websocket-server-5f4f67c6f4-sdjfz   1m    35Mi   
websocket-server-5f4f67c6f4-wmqhm   1m    42Mi   
1772349314
websocket-server-5f4f67c6f4-46x2g   1m    63Mi   
websocket-server-5f4f67c6f4-pxzd8   1m    42Mi   
websocket-server-5f4f67c6f4-r8xls   1m    65Mi   
websocket-server-5f4f67c6f4-sdjfz   1m    35Mi   
websocket-server-5f4f67c6f4-wmqhm   1m    42Mi   
1772349319
websocket-server-5f4f67c6f4-46x2g   1m    63Mi   
websocket-server-5f4f67c6f4-pxzd8   1m    42Mi   
websocket-server-5f4f67c6f4-r8xls   1m    65Mi   
websocket-server-5f4f67c6f4-sdjfz   1m    35Mi   
websocket-server-5f4f67c6f4-wmqhm   1m    42Mi   
1772349324
websocket-server-5f4f67c6f4-46x2g   1m    63Mi   
websocket-server-5f4f67c6f4-pxzd8   1m    42Mi   
websocket-server-5f4f67c6f4-r8xls   1m    65Mi   
websocket-server-5f4f67c6f4-sdjfz   1m    35Mi   
websocket-server-5f4f67c6f4-wmqhm   1m    42Mi   
1772349329
websocket-server-5f4f67c6f4-46x2g   1m    64Mi   
websocket-server-5f4f67c6f4-pxzd8   1m    42Mi   
websocket-server-5f4f67c6f4-r8xls   1m    65Mi   
websocket-server-5f4f67c6f4-sdjfz   1m    35Mi   
websocket-server-5f4f67c6f4-wmqhm   1m    42Mi   
1772349334
websocket-server-5f4f67c6f4-46x2g   1m    64Mi   
websocket-server-5f4f67c6f4-pxzd8   1m    42Mi   
websocket-server-5f4f67c6f4-r8xls   1m    65Mi   
websocket-server-5f4f67c6f4-sdjfz   1m    35Mi   
websocket-server-5f4f67c6f4-wmqhm   1m    42Mi   
1772349339
websocket-server-5f4f67c6f4-46x2g   1m    64Mi   
websocket-server-5f4f67c6f4-pxzd8   1m    42Mi   
websocket-server-5f4f67c6f4-r8xls   1m    65Mi   
websocket-server-5f4f67c6f4-sdjfz   1m    35Mi   
websocket-server-5f4f67c6f4-wmqhm   1m    42Mi   
1772349344
websocket-server-5f4f67c6f4-46x2g   1m    63Mi   
websocket-server-5f4f67c6f4-pxzd8   1m    42Mi   
websocket-server-5f4f67c6f4-r8xls   1m    65Mi   
websocket-server-5f4f67c6f4-sdjfz   1m    35Mi   
websocket-server-5f4f67c6f4-wmqhm   0m    42Mi   
1772349349
websocket-server-5f4f67c6f4-46x2g   1m    63Mi   
websocket-server-5f4f67c6f4-pxzd8   1m    42Mi   
websocket-server-5f4f67c6f4-r8xls   1m    65Mi   
websocket-server-5f4f67c6f4-sdjfz   1m    35Mi   
websocket-server-5f4f67c6f4-wmqhm   0m    42Mi   
1772349355
websocket-server-5f4f67c6f4-46x2g   1m    63Mi   
websocket-server-5f4f67c6f4-pxzd8   1m    42Mi   
websocket-server-5f4f67c6f4-r8xls   1m    65Mi   
websocket-server-5f4f67c6f4-sdjfz   1m    35Mi   
websocket-server-5f4f67c6f4-wmqhm   0m    42Mi   
1772349360
websocket-server-5f4f67c6f4-46x2g   1m    63Mi   
websocket-server-5f4f67c6f4-pxzd8   1m    42Mi   
websocket-server-5f4f67c6f4-r8xls   1m    65Mi   
websocket-server-5f4f67c6f4-sdjfz   1m    35Mi   
websocket-server-5f4f67c6f4-wmqhm   1m    42Mi   
1772349365
websocket-server-5f4f67c6f4-46x2g   1m    63Mi   
websocket-server-5f4f67c6f4-pxzd8   1m    42Mi   
websocket-server-5f4f67c6f4-r8xls   1m    65Mi   
websocket-server-5f4f67c6f4-sdjfz   1m    35Mi   
websocket-server-5f4f67c6f4-wmqhm   1m    42Mi   
1772349370
websocket-server-5f4f67c6f4-46x2g   1m    63Mi   
websocket-server-5f4f67c6f4-pxzd8   1m    42Mi   
websocket-server-5f4f67c6f4-r8xls   1m    65Mi   
websocket-server-5f4f67c6f4-sdjfz   1m    35Mi   
websocket-server-5f4f67c6f4-wmqhm   1m    42Mi   
1772349375
websocket-server-5f4f67c6f4-46x2g   1m    63Mi   
websocket-server-5f4f67c6f4-pxzd8   1m    42Mi   
websocket-server-5f4f67c6f4-r8xls   1m    65Mi   
websocket-server-5f4f67c6f4-sdjfz   1m    35Mi   
websocket-server-5f4f67c6f4-wmqhm   1m    42Mi   
1772349380
websocket-server-5f4f67c6f4-46x2g   1m    63Mi   
websocket-server-5f4f67c6f4-pxzd8   1m    42Mi   
websocket-server-5f4f67c6f4-r8xls   1m    65Mi   
websocket-server-5f4f67c6f4-sdjfz   1m    35Mi   
websocket-server-5f4f67c6f4-wmqhm   1m    42Mi   
1772349385
websocket-server-5f4f67c6f4-46x2g   1m    63Mi   
websocket-server-5f4f67c6f4-pxzd8   1m    42Mi   
websocket-server-5f4f67c6f4-r8xls   1m    65Mi   
websocket-server-5f4f67c6f4-sdjfz   1m    35Mi   
websocket-server-5f4f67c6f4-wmqhm   1m    42Mi   
1772349390
websocket-server-5f4f67c6f4-46x2g   1m    63Mi   
websocket-server-5f4f67c6f4-pxzd8   0m    42Mi   
websocket-server-5f4f67c6f4-r8xls   1m    65Mi   
websocket-server-5f4f67c6f4-sdjfz   1m    35Mi   
websocket-server-5f4f67c6f4-wmqhm   1m    42Mi   
1772349395
websocket-server-5f4f67c6f4-46x2g   1m    63Mi   
websocket-server-5f4f67c6f4-pxzd8   0m    42Mi   
websocket-server-5f4f67c6f4-r8xls   1m    65Mi   
websocket-server-5f4f67c6f4-sdjfz   1m    35Mi   
websocket-server-5f4f67c6f4-wmqhm   1m    42Mi   
1772349400
websocket-server-5f4f67c6f4-46x2g   1m    63Mi   
websocket-server-5f4f67c6f4-pxzd8   0m    42Mi   
websocket-server-5f4f67c6f4-r8xls   1m    65Mi   
websocket-server-5f4f67c6f4-sdjfz   1m    35Mi   
websocket-server-5f4f67c6f4-wmqhm   1m    42Mi   
1772349405
websocket-server-5f4f67c6f4-46x2g   1m    63Mi   
websocket-server-5f4f67c6f4-pxzd8   1m    42Mi   
websocket-server-5f4f67c6f4-r8xls   1m    65Mi   
websocket-server-5f4f67c6f4-sdjfz   1m    35Mi   
websocket-server-5f4f67c6f4-wmqhm   1m    42Mi   
1772349410
websocket-server-5f4f67c6f4-46x2g   1m    63Mi   
websocket-server-5f4f67c6f4-pxzd8   1m    42Mi   
websocket-server-5f4f67c6f4-r8xls   1m    65Mi   
websocket-server-5f4f67c6f4-sdjfz   1m    35Mi   
websocket-server-5f4f67c6f4-wmqhm   1m    42Mi   
1772349415
websocket-server-5f4f67c6f4-46x2g   1m    63Mi   
websocket-server-5f4f67c6f4-pxzd8   1m    42Mi   
websocket-server-5f4f67c6f4-r8xls   1m    65Mi   
websocket-server-5f4f67c6f4-sdjfz   1m    35Mi   
websocket-server-5f4f67c6f4-wmqhm   1m    42Mi   
1772349420
websocket-server-5f4f67c6f4-46x2g   1m    64Mi   
websocket-server-5f4f67c6f4-pxzd8   1m    42Mi   
websocket-server-5f4f67c6f4-r8xls   1m    65Mi   
websocket-server-5f4f67c6f4-sdjfz   1m    35Mi   
websocket-server-5f4f67c6f4-wmqhm   1m    42Mi   
1772349425
websocket-server-5f4f67c6f4-46x2g   1m    64Mi   
websocket-server-5f4f67c6f4-pxzd8   1m    42Mi   
websocket-server-5f4f67c6f4-r8xls   1m    65Mi   
websocket-server-5f4f67c6f4-sdjfz   1m    35Mi   
websocket-server-5f4f67c6f4-wmqhm   1m    42Mi   
1772349430
websocket-server-5f4f67c6f4-46x2g   1m    64Mi   
websocket-server-5f4f67c6f4-pxzd8   1m    42Mi   
websocket-server-5f4f67c6f4-r8xls   1m    65Mi   
websocket-server-5f4f67c6f4-sdjfz   1m    35Mi   
websocket-server-5f4f67c6f4-wmqhm   1m    42Mi   
1772349435
websocket-server-5f4f67c6f4-46x2g   1m    64Mi   
websocket-server-5f4f67c6f4-pxzd8   1m    42Mi   
websocket-server-5f4f67c6f4-r8xls   1m    65Mi   
websocket-server-5f4f67c6f4-sdjfz   1m    35Mi   
websocket-server-5f4f67c6f4-wmqhm   1m    42Mi   
1772349440
websocket-server-5f4f67c6f4-46x2g   1m    64Mi   
websocket-server-5f4f67c6f4-pxzd8   1m    42Mi   
websocket-server-5f4f67c6f4-r8xls   1m    65Mi   
websocket-server-5f4f67c6f4-sdjfz   1m    35Mi   
websocket-server-5f4f67c6f4-wmqhm   1m    42Mi   
1772349445
websocket-server-5f4f67c6f4-46x2g   1m    64Mi   
websocket-server-5f4f67c6f4-pxzd8   1m    42Mi   
websocket-server-5f4f67c6f4-r8xls   1m    65Mi   
websocket-server-5f4f67c6f4-sdjfz   1m    35Mi   
websocket-server-5f4f67c6f4-wmqhm   1m    42Mi   
1772349451
websocket-server-5f4f67c6f4-46x2g   1m    63Mi   
websocket-server-5f4f67c6f4-pxzd8   1m    42Mi   
websocket-server-5f4f67c6f4-r8xls   1m    65Mi   
websocket-server-5f4f67c6f4-sdjfz   1m    35Mi   
websocket-server-5f4f67c6f4-wmqhm   1m    42Mi   
1772349456
websocket-server-5f4f67c6f4-46x2g   1m    63Mi   
websocket-server-5f4f67c6f4-pxzd8   1m    42Mi   
websocket-server-5f4f67c6f4-r8xls   1m    65Mi   
websocket-server-5f4f67c6f4-sdjfz   1m    35Mi   
websocket-server-5f4f67c6f4-wmqhm   1m    42Mi   
1772349461
websocket-server-5f4f67c6f4-46x2g   1m    63Mi   
websocket-server-5f4f67c6f4-pxzd8   1m    42Mi   
websocket-server-5f4f67c6f4-r8xls   1m    65Mi   
websocket-server-5f4f67c6f4-sdjfz   1m    35Mi   
websocket-server-5f4f67c6f4-wmqhm   1m    42Mi   
1772349466
websocket-server-5f4f67c6f4-46x2g   1m    63Mi   
websocket-server-5f4f67c6f4-pxzd8   1m    42Mi   
websocket-server-5f4f67c6f4-r8xls   1m    65Mi   
websocket-server-5f4f67c6f4-sdjfz   1m    35Mi   
websocket-server-5f4f67c6f4-wmqhm   1m    42Mi   
1772349471
websocket-server-5f4f67c6f4-46x2g   1m    63Mi   
websocket-server-5f4f67c6f4-pxzd8   1m    42Mi   
websocket-server-5f4f67c6f4-r8xls   1m    65Mi   
websocket-server-5f4f67c6f4-sdjfz   1m    35Mi   
websocket-server-5f4f67c6f4-wmqhm   1m    42Mi   
1772349476
websocket-server-5f4f67c6f4-46x2g   1m    63Mi   
websocket-server-5f4f67c6f4-pxzd8   1m    42Mi   
websocket-server-5f4f67c6f4-r8xls   1m    65Mi   
websocket-server-5f4f67c6f4-sdjfz   1m    35Mi   
websocket-server-5f4f67c6f4-wmqhm   1m    42Mi   
1772349481
websocket-server-5f4f67c6f4-46x2g   1m    63Mi   
websocket-server-5f4f67c6f4-pxzd8   1m    42Mi   
websocket-server-5f4f67c6f4-r8xls   1m    65Mi   
websocket-server-5f4f67c6f4-sdjfz   1m    35Mi   
websocket-server-5f4f67c6f4-wmqhm   1m    42Mi   
1772349486
websocket-server-5f4f67c6f4-46x2g   1m    63Mi   
websocket-server-5f4f67c6f4-pxzd8   1m    42Mi   
websocket-server-5f4f67c6f4-r8xls   1m    65Mi   
websocket-server-5f4f67c6f4-sdjfz   1m    35Mi   
websocket-server-5f4f67c6f4-wmqhm   1m    42Mi   
1772349491
websocket-server-5f4f67c6f4-46x2g   1m    63Mi   
websocket-server-5f4f67c6f4-pxzd8   1m    42Mi   
websocket-server-5f4f67c6f4-r8xls   1m    65Mi   
websocket-server-5f4f67c6f4-sdjfz   1m    35Mi   
websocket-server-5f4f67c6f4-wmqhm   1m    42Mi   
1772349496
websocket-server-5f4f67c6f4-46x2g   1m    64Mi   
websocket-server-5f4f67c6f4-pxzd8   1m    42Mi   
websocket-server-5f4f67c6f4-r8xls   1m    65Mi   
websocket-server-5f4f67c6f4-sdjfz   1m    35Mi   
websocket-server-5f4f67c6f4-wmqhm   1m    42Mi   
1772349501
websocket-server-5f4f67c6f4-46x2g   1m    64Mi   
websocket-server-5f4f67c6f4-pxzd8   1m    42Mi   
websocket-server-5f4f67c6f4-r8xls   1m    65Mi   
websocket-server-5f4f67c6f4-sdjfz   1m    35Mi   
websocket-server-5f4f67c6f4-wmqhm   1m    42Mi   
1772349506
websocket-server-5f4f67c6f4-46x2g   1m    64Mi   
websocket-server-5f4f67c6f4-pxzd8   1m    42Mi   
websocket-server-5f4f67c6f4-r8xls   1m    65Mi   
websocket-server-5f4f67c6f4-sdjfz   1m    35Mi   
websocket-server-5f4f67c6f4-wmqhm   1m    42Mi   
1772349511
websocket-server-5f4f67c6f4-46x2g   1m    63Mi   
websocket-server-5f4f67c6f4-pxzd8   1m    42Mi   
websocket-server-5f4f67c6f4-r8xls   1m    65Mi   
websocket-server-5f4f67c6f4-sdjfz   0m    35Mi   
websocket-server-5f4f67c6f4-wmqhm   1m    42Mi   
1772349516
websocket-server-5f4f67c6f4-46x2g   1m    63Mi   
websocket-server-5f4f67c6f4-pxzd8   1m    42Mi   
websocket-server-5f4f67c6f4-r8xls   1m    65Mi   
websocket-server-5f4f67c6f4-sdjfz   0m    35Mi   
websocket-server-5f4f67c6f4-wmqhm   1m    42Mi   
1772349521
websocket-server-5f4f67c6f4-46x2g   1m    63Mi   
websocket-server-5f4f67c6f4-pxzd8   1m    42Mi   
websocket-server-5f4f67c6f4-r8xls   1m    65Mi   
websocket-server-5f4f67c6f4-sdjfz   0m    35Mi   
websocket-server-5f4f67c6f4-wmqhm   1m    42Mi   
1772349526
websocket-server-5f4f67c6f4-46x2g   1m    63Mi   
websocket-server-5f4f67c6f4-pxzd8   1m    42Mi   
websocket-server-5f4f67c6f4-r8xls   1m    65Mi   
websocket-server-5f4f67c6f4-sdjfz   1m    35Mi   
websocket-server-5f4f67c6f4-wmqhm   1m    42Mi   
1772349531
websocket-server-5f4f67c6f4-46x2g   1m    63Mi   
websocket-server-5f4f67c6f4-pxzd8   1m    42Mi   
websocket-server-5f4f67c6f4-r8xls   1m    65Mi   
websocket-server-5f4f67c6f4-sdjfz   1m    35Mi   
websocket-server-5f4f67c6f4-wmqhm   1m    42Mi   
1772349536
websocket-server-5f4f67c6f4-46x2g   1m    63Mi   
websocket-server-5f4f67c6f4-pxzd8   1m    42Mi   
websocket-server-5f4f67c6f4-r8xls   1m    65Mi   
websocket-server-5f4f67c6f4-sdjfz   1m    35Mi   
websocket-server-5f4f67c6f4-wmqhm   1m    42Mi   
1772349542
websocket-server-5f4f67c6f4-46x2g   1m    63Mi   
websocket-server-5f4f67c6f4-pxzd8   1m    42Mi   
websocket-server-5f4f67c6f4-r8xls   1m    65Mi   
websocket-server-5f4f67c6f4-sdjfz   1m    35Mi   
websocket-server-5f4f67c6f4-wmqhm   1m    42Mi   
1772349547
websocket-server-5f4f67c6f4-46x2g   1m    63Mi   
websocket-server-5f4f67c6f4-pxzd8   1m    42Mi   
websocket-server-5f4f67c6f4-r8xls   1m    65Mi   
websocket-server-5f4f67c6f4-sdjfz   1m    35Mi   
websocket-server-5f4f67c6f4-wmqhm   1m    42Mi   
1772349552
websocket-server-5f4f67c6f4-46x2g   1m    63Mi   
websocket-server-5f4f67c6f4-pxzd8   1m    42Mi   
websocket-server-5f4f67c6f4-r8xls   1m    65Mi   
websocket-server-5f4f67c6f4-sdjfz   1m    35Mi   
websocket-server-5f4f67c6f4-wmqhm   1m    42Mi   
1772349557
websocket-server-5f4f67c6f4-46x2g   1m    63Mi   
websocket-server-5f4f67c6f4-pxzd8   1m    42Mi   
websocket-server-5f4f67c6f4-r8xls   1m    65Mi   
websocket-server-5f4f67c6f4-sdjfz   0m    35Mi   
websocket-server-5f4f67c6f4-wmqhm   1m    42Mi   
1772349562
websocket-server-5f4f67c6f4-46x2g   1m    63Mi   
websocket-server-5f4f67c6f4-pxzd8   1m    42Mi   
websocket-server-5f4f67c6f4-r8xls   1m    65Mi   
websocket-server-5f4f67c6f4-sdjfz   0m    35Mi   
websocket-server-5f4f67c6f4-wmqhm   1m    42Mi   
1772349567
websocket-server-5f4f67c6f4-46x2g   1m    63Mi   
websocket-server-5f4f67c6f4-pxzd8   1m    42Mi   
websocket-server-5f4f67c6f4-r8xls   1m    65Mi   
websocket-server-5f4f67c6f4-sdjfz   0m    35Mi   
websocket-server-5f4f67c6f4-wmqhm   1m    42Mi   
1772349572
websocket-server-5f4f67c6f4-46x2g   1m    63Mi   
websocket-server-5f4f67c6f4-pxzd8   1m    42Mi   
websocket-server-5f4f67c6f4-r8xls   1m    65Mi   
websocket-server-5f4f67c6f4-sdjfz   1m    35Mi   
websocket-server-5f4f67c6f4-wmqhm   1m    42Mi   
1772349577
websocket-server-5f4f67c6f4-46x2g   1m    63Mi   
websocket-server-5f4f67c6f4-pxzd8   1m    42Mi   
websocket-server-5f4f67c6f4-r8xls   1m    65Mi   
websocket-server-5f4f67c6f4-sdjfz   1m    35Mi   
websocket-server-5f4f67c6f4-wmqhm   1m    42Mi   
1772349582
websocket-server-5f4f67c6f4-pxzd8   1m    42Mi   
websocket-server-5f4f67c6f4-r8xls   1m    65Mi   
