1772348889
NAME                                READY   STATUS    RESTARTS   AGE
websocket-server-5f4f67c6f4-46x2g   1/1     Running   0          1s
websocket-server-5f4f67c6f4-r8xls   1/1     Running   0          1s
1772348894
NAME                                READY   STATUS              RESTARTS   AGE
websocket-loadgen-hzp2t             0/1     ContainerCreating   0          0s
websocket-server-5f4f67c6f4-46x2g   1/1     Running             0          6s
websocket-server-5f4f67c6f4-r8xls   1/1     Running             0          6s
1772348899
NAME                                READY   STATUS    RESTARTS   AGE
websocket-loadgen-hzp2t             1/1     Running   0          5s
websocket-server-5f4f67c6f4-46x2g   1/1     Running   0          11s
websocket-server-5f4f67c6f4-r8xls   1/1     Running   0          11s
1772348904
NAME                                READY   STATUS    RESTARTS   AGE
websocket-loadgen-hzp2t             1/1     Running   0          11s
websocket-server-5f4f67c6f4-46x2g   1/1     Running   0          17s
websocket-server-5f4f67c6f4-r8xls   1/1     Running   0          17s
1772348910
NAME                                READY   STATUS    RESTARTS   AGE
websocket-loadgen-hzp2t             1/1     Running   0          16s
websocket-server-5f4f67c6f4-46x2g   1/1     Running   0          22s
websocket-server-5f4f67c6f4-r8xls   1/1     Running   0          22s
1772348915
NAME                                READY   STATUS    RESTARTS   AGE
websocket-loadgen-hzp2t             1/1     Running   0          21s
websocket-server-5f4f67c6f4-46x2g   1/1     Running   0          27s
websocket-server-5f4f67c6f4-r8xls   1/1     Running   0          27s
1772348920
NAME                                READY   STATUS    RESTARTS   AGE
websocket-loadgen-hzp2t             1/1     Running   0          26s
websocket-server-5f4f67c6f4-46x2g   1/1     Running   0          32s
websocket-server-5f4f67c6f4-r8xls   1/1     Running   0          32s
1772348925
NAME                                READY   STATUS    RESTARTS   AGE
websocket-loadgen-hzp2t             1/1     Running   0          31s
websocket-server-5f4f67c6f4-46x2g   1/1     Running   0          37s
websocket-server-5f4f67c6f4-r8xls   1/1     Running   0          37s
1772348930
NAME                                READY   STATUS    RESTARTS   AGE
websocket-loadgen-hzp2t             1/1     Running   0          36s
websocket-server-5f4f67c6f4-46x2g   1/1     Running   0          42s
websocket-server-5f4f67c6f4-r8xls   1/1     Running   0          42s
1772348935
NAME                                READY   STATUS    RESTARTS   AGE
websocket-loadgen-hzp2t             1/1     Running   0          41s
websocket-server-5f4f67c6f4-46x2g   1/1     Running   0          47s
websocket-server-5f4f67c6f4-pxzd8   1/1     Running   0          2s
websocket-server-5f4f67c6f4-r8xls   1/1     Running   0          47s
websocket-server-5f4f67c6f4-wmqhm   1/1     Running   0          2s
1772348940
NAME                                READY   STATUS    RESTARTS   AGE
websocket-loadgen-hzp2t             1/1     Running   0          46s
websocket-server-5f4f67c6f4-46x2g   1/1     Running   0          52s
websocket-server-5f4f67c6f4-pxzd8   1/1     Running   0          7s
websocket-server-5f4f67c6f4-r8xls   1/1     Running   0          52s
websocket-server-5f4f67c6f4-wmqhm   1/1     Running   0          7s
1772348945
NAME                                READY   STATUS    RESTARTS   AGE
websocket-loadgen-hzp2t             1/1     Running   0          51s
websocket-server-5f4f67c6f4-46x2g   1/1     Running   0          57s
websocket-server-5f4f67c6f4-pxzd8   1/1     Running   0          12s
websocket-server-5f4f67c6f4-r8xls   1/1     Running   0          57s
websocket-server-5f4f67c6f4-wmqhm   1/1     Running   0          12s
1772348950
NAME                                READY   STATUS    RESTARTS   AGE
websocket-loadgen-hzp2t             1/1     Running   0          56s
websocket-server-5f4f67c6f4-46x2g   1/1     Running   0          62s
websocket-server-5f4f67c6f4-pxzd8   1/1     Running   0          17s
websocket-server-5f4f67c6f4-r8xls   1/1     Running   0          62s
websocket-server-5f4f67c6f4-wmqhm   1/1     Running   0          17s
1772348955
NAME                                READY   STATUS    RESTARTS   AGE
websocket-loadgen-hzp2t             1/1     Running   0          61s
websocket-server-5f4f67c6f4-46x2g   1/1     Running   0          67s
websocket-server-5f4f67c6f4-pxzd8   1/1     Running   0          22s
websocket-server-5f4f67c6f4-r8xls   1/1     Running   0          67s
websocket-server-5f4f67c6f4-wmqhm   1/1     Running   0          22s
1772348960
NAME                                READY   STATUS    RESTARTS   AGE
websocket-loadgen-hzp2t             1/1     Running   0          66s
websocket-server-5f4f67c6f4-46x2g   1/1     Running   0          72s
websocket-server-5f4f67c6f4-pxzd8   1/1     Running   0          27s
websocket-server-5f4f67c6f4-r8xls   1/1     Running   0          72s
websocket-server-5f4f67c6f4-wmqhm   1/1     Running   0          27s
1772348965
NAME                                READY   STATUS    RESTARTS   AGE
websocket-loadgen-hzp2t             1/1     Running   0          71s
websocket-server-5f4f67c6f4-46x2g   1/1     Running   0          77s
websocket-server-5f4f67c6f4-pxzd8   1/1     Running   0          32s
websocket-server-5f4f67c6f4-r8xls   1/1     Running   0          77s
websocket-server-5f4f67c6f4-wmqhm   1/1     Running   0          32s
1772348970
NAME                                READY   STATUS    RESTARTS   AGE
websocket-loadgen-hzp2t             1/1     Running   0          76s
websocket-server-5f4f67c6f4-46x2g   1/1     Running   0          82s
websocket-server-5f4f67c6f4-pxzd8   1/1     Running   0          37s
websocket-server-5f4f67c6f4-r8xls   1/1     Running   0          82s
websocket-server-5f4f67c6f4-wmqhm   1/1     Running   0          37s
1772348975
NAME                                READY   STATUS    RESTARTS   AGE
websocket-loadgen-hzp2t             1/1     Running   0          81s
websocket-server-5f4f67c6f4-46x2g   1/1     Running   0          87s
websocket-server-5f4f67c6f4-pxzd8   1/1     Running   0          42s
websocket-server-5f4f67c6f4-r8xls   1/1     Running   0          87s
websocket-server-5f4f67c6f4-wmqhm   1/1     Running   0          42s
1772348980
NAME                                READY   STATUS    RESTARTS   AGE
websocket-loadgen-hzp2t             1/1     Running   0          86s
websocket-server-5f4f67c6f4-46x2g   1/1     Running   0          92s
websocket-server-5f4f67c6f4-pxzd8   1/1     Running   0          47s
websocket-server-5f4f67c6f4-r8xls   1/1     Running   0          92s
websocket-server-5f4f67c6f4-wmqhm   1/1     Running   0          47s
1772348986
NAME                                READY   STATUS    RESTARTS   AGE
websocket-loadgen-hzp2t             1/1     Running   0          92s
websocket-server-5f4f67c6f4-46x2g   1/1     Running   0          98s
websocket-server-5f4f67c6f4-pxzd8   1/1     Running   0          53s
websocket-server-5f4f67c6f4-r8xls   1/1     Running   0          98s
websocket-server-5f4f67c6f4-wmqhm   1/1     Running   0          53s
1772348991
NAME                                READY   STATUS    RESTARTS   AGE
websocket-loadgen-hzp2t             1/1     Running   0          97s
websocket-server-5f4f67c6f4-46x2g   1/1     Running   0          103s
websocket-server-5f4f67c6f4-pxzd8   1/1     Running   0          58s
websocket-server-5f4f67c6f4-r8xls   1/1     Running   0          103s
websocket-server-5f4f67c6f4-wmqhm   1/1     Running   0          58s
1772348996
NAME                                READY   STATUS    RESTARTS   AGE
websocket-loadgen-hzp2t             1/1     Running   0          102s
websocket-server-5f4f67c6f4-46x2g   1/1     Running   0          108s
websocket-server-5f4f67c6f4-pxzd8   1/1     Running   0          63s
websocket-server-5f4f67c6f4-r8xls   1/1     Running   0          108s
websocket-server-5f4f67c6f4-wmqhm   1/1     Running   0          63s
1772349001
NAME                                READY   STATUS    RESTARTS   AGE
websocket-loadgen-hzp2t             1/1     Running   0          107s
websocket-server-5f4f67c6f4-46x2g   1/1     Running   0          113s
websocket-server-5f4f67c6f4-pxzd8   1/1     Running   0          68s
websocket-server-5f4f67c6f4-r8xls   1/1     Running   0          113s
websocket-server-5f4f67c6f4-wmqhm   1/1     Running   0          68s
1772349006
NAME                                READY   STATUS    RESTARTS   AGE
websocket-loadgen-hzp2t             1/1     Running   0          112s
websocket-server-5f4f67c6f4-46x2g   1/1     Running   0          118s
websocket-server-5f4f67c6f4-pxzd8   1/1     Running   0          73s
websocket-server-5f4f67c6f4-r8xls   1/1     Running   0          118s
websocket-server-5f4f67c6f4-wmqhm   1/1     Running   0          73s
1772349011
NAME                                READY   STATUS    RESTARTS   AGE
websocket-loadgen-hzp2t             1/1     Running   0          117s
websocket-server-5f4f67c6f4-46x2g   1/1     Running   0          2m3s
websocket-server-5f4f67c6f4-pxzd8   1/1     Running   0          78s
websocket-server-5f4f67c6f4-r8xls   1/1     Running   0          2m3s
websocket-server-5f4f67c6f4-wmqhm   1/1     Running   0          78s
1772349016
NAME                                READY   STATUS    RESTARTS   AGE
websocket-loadgen-hzp2t             1/1     Running   0          2m2s
websocket-server-5f4f67c6f4-46x2g   1/1     Running   0          2m8s
websocket-server-5f4f67c6f4-pxzd8   1/1     Running   0          83s
websocket-server-5f4f67c6f4-r8xls   1/1     Running   0          2m8s
websocket-server-5f4f67c6f4-wmqhm   1/1     Running   0          83s
1772349021
NAME                                READY   STATUS    RESTARTS   AGE
websocket-loadgen-hzp2t             1/1     Running   0          2m7s
websocket-server-5f4f67c6f4-46x2g   1/1     Running   0          2m13s
websocket-server-5f4f67c6f4-pxzd8   1/1     Running   0          88s
websocket-server-5f4f67c6f4-r8xls   1/1     Running   0          2m13s
websocket-server-5f4f67c6f4-wmqhm   1/1     Running   0          88s
1772349026
NAME                                READY   STATUS    RESTARTS   AGE
websocket-loadgen-hzp2t             1/1     Running   0          2m12s
websocket-server-5f4f67c6f4-46x2g   1/1     Running   0          2m18s
websocket-server-5f4f67c6f4-pxzd8   1/1     Running   0          93s
websocket-server-5f4f67c6f4-r8xls   1/1     Running   0          2m18s
websocket-server-5f4f67c6f4-wmqhm   1/1     Running   0          93s
1772349031
NAME                                READY   STATUS    RESTARTS   AGE
websocket-loadgen-hzp2t             1/1     Running   0          2m17s
websocket-server-5f4f67c6f4-46x2g   1/1     Running   0          2m23s
websocket-server-5f4f67c6f4-pxzd8   1/1     Running   0          98s
websocket-server-5f4f67c6f4-r8xls   1/1     Running   0          2m23s
websocket-server-5f4f67c6f4-wmqhm   1/1     Running   0          98s
1772349036
NAME                                READY   STATUS    RESTARTS   AGE
websocket-loadgen-hzp2t             1/1     Running   0          2m22s
websocket-server-5f4f67c6f4-46x2g   1/1     Running   0          2m28s
websocket-server-5f4f67c6f4-pxzd8   1/1     Running   0          103s
websocket-server-5f4f67c6f4-r8xls   1/1     Running   0          2m28s
websocket-server-5f4f67c6f4-wmqhm   1/1     Running   0          103s
1772349041
NAME                                READY   STATUS    RESTARTS   AGE
websocket-loadgen-hzp2t             1/1     Running   0          2m27s
websocket-server-5f4f67c6f4-46x2g   1/1     Running   0          2m33s
websocket-server-5f4f67c6f4-pxzd8   1/1     Running   0          108s
websocket-server-5f4f67c6f4-r8xls   1/1     Running   0          2m33s
websocket-server-5f4f67c6f4-wmqhm   1/1     Running   0          108s
1772349046
NAME                                READY   STATUS    RESTARTS   AGE
websocket-loadgen-hzp2t             1/1     Running   0          2m32s
websocket-server-5f4f67c6f4-46x2g   1/1     Running   0          2m38s
websocket-server-5f4f67c6f4-pxzd8   1/1     Running   0          113s
websocket-server-5f4f67c6f4-r8xls   1/1     Running   0          2m38s
websocket-server-5f4f67c6f4-wmqhm   1/1     Running   0          113s
1772349051
NAME                                READY   STATUS    RESTARTS   AGE
websocket-loadgen-hzp2t             1/1     Running   0          2m37s
websocket-server-5f4f67c6f4-46x2g   1/1     Running   0          2m43s
websocket-server-5f4f67c6f4-pxzd8   1/1     Running   0          118s
websocket-server-5f4f67c6f4-r8xls   1/1     Running   0          2m43s
websocket-server-5f4f67c6f4-wmqhm   1/1     Running   0          118s
1772349056
NAME                                READY   STATUS    RESTARTS   AGE
websocket-loadgen-hzp2t             1/1     Running   0          2m42s
websocket-server-5f4f67c6f4-46x2g   1/1     Running   0          2m48s
websocket-server-5f4f67c6f4-pxzd8   1/1     Running   0          2m3s
websocket-server-5f4f67c6f4-r8xls   1/1     Running   0          2m48s
websocket-server-5f4f67c6f4-wmqhm   1/1     Running   0          2m3s
1772349061
NAME                                READY   STATUS    RESTARTS   AGE
websocket-loadgen-hzp2t             1/1     Running   0          2m48s
websocket-server-5f4f67c6f4-46x2g   1/1     Running   0          2m54s
websocket-server-5f4f67c6f4-pxzd8   1/1     Running   0          2m9s
websocket-server-5f4f67c6f4-r8xls   1/1     Running   0          2m54s
websocket-server-5f4f67c6f4-wmqhm   1/1     Running   0          2m9s
1772349067
NAME                                READY   STATUS    RESTARTS   AGE
websocket-loadgen-hzp2t             1/1     Running   0          2m53s
websocket-server-5f4f67c6f4-46x2g   1/1     Running   0          2m59s
websocket-server-5f4f67c6f4-pxzd8   1/1     Running   0          2m14s
websocket-server-5f4f67c6f4-r8xls   1/1     Running   0          2m59s
websocket-server-5f4f67c6f4-wmqhm   1/1     Running   0          2m14s
1772349072
NAME                                READY   STATUS    RESTARTS   AGE
websocket-loadgen-hzp2t             1/1     Running   0          2m58s
websocket-server-5f4f67c6f4-46x2g   1/1     Running   0          3m4s
websocket-server-5f4f67c6f4-pxzd8   1/1     Running   0          2m19s
websocket-server-5f4f67c6f4-r8xls   1/1     Running   0          3m4s
websocket-server-5f4f67c6f4-sdjfz   1/1     Running   0          4s
websocket-server-5f4f67c6f4-wmqhm   1/1     Running   0          2m19s
1772349077
NAME                                READY   STATUS    RESTARTS   AGE
websocket-loadgen-hzp2t             1/1     Running   0          3m3s
websocket-server-5f4f67c6f4-46x2g   1/1     Running   0          3m9s
websocket-server-5f4f67c6f4-pxzd8   1/1     Running   0          2m24s
websocket-server-5f4f67c6f4-r8xls   1/1     Running   0          3m9s
websocket-server-5f4f67c6f4-sdjfz   1/1     Running   0          9s
websocket-server-5f4f67c6f4-wmqhm   1/1     Running   0          2m24s
1772349082
NAME                                READY   STATUS    RESTARTS   AGE
websocket-loadgen-hzp2t             1/1     Running   0          3m8s
websocket-server-5f4f67c6f4-46x2g   1/1     Running   0          3m14s
websocket-server-5f4f67c6f4-pxzd8   1/1     Running   0          2m29s
websocket-server-5f4f67c6f4-r8xls   1/1     Running   0          3m14s
websocket-server-5f4f67c6f4-sdjfz   1/1     Running   0          14s
websocket-server-5f4f67c6f4-wmqhm   1/1     Running   0          2m29s
1772349087
NAME                                READY   STATUS    RESTARTS   AGE
websocket-loadgen-hzp2t             1/1     Running   0          3m13s
websocket-server-5f4f67c6f4-46x2g   1/1     Running   0          3m19s
websocket-server-5f4f67c6f4-pxzd8   1/1     Running   0          2m34s
websocket-server-5f4f67c6f4-r8xls   1/1     Running   0          3m19s
websocket-server-5f4f67c6f4-sdjfz   1/1     Running   0          19s
websocket-server-5f4f67c6f4-wmqhm   1/1     Running   0          2m34s
1772349092
NAME                                READY   STATUS    RESTARTS   AGE
websocket-loadgen-hzp2t             1/1     Running   0          3m18s
websocket-server-5f4f67c6f4-46x2g   1/1     Running   0          3m24s
websocket-server-5f4f67c6f4-pxzd8   1/1     Running   0          2m39s
websocket-server-5f4f67c6f4-r8xls   1/1     Running   0          3m24s
websocket-server-5f4f67c6f4-sdjfz   1/1     Running   0          24s
websocket-server-5f4f67c6f4-wmqhm   1/1     Running   0          2m39s
1772349097
NAME                                READY   STATUS    RESTARTS   AGE
websocket-loadgen-hzp2t             1/1     Running   0          3m23s
websocket-server-5f4f67c6f4-46x2g   1/1     Running   0          3m29s
websocket-server-5f4f67c6f4-pxzd8   1/1     Running   0          2m44s
websocket-server-5f4f67c6f4-r8xls   1/1     Running   0          3m29s
websocket-server-5f4f67c6f4-sdjfz   1/1     Running   0          29s
websocket-server-5f4f67c6f4-wmqhm   1/1     Running   0          2m44s
1772349102
NAME                                READY   STATUS    RESTARTS   AGE
websocket-loadgen-hzp2t             1/1     Running   0          3m28s
websocket-server-5f4f67c6f4-46x2g   1/1     Running   0          3m34s
websocket-server-5f4f67c6f4-pxzd8   1/1     Running   0          2m49s
websocket-server-5f4f67c6f4-r8xls   1/1     Running   0          3m34s
websocket-server-5f4f67c6f4-sdjfz   1/1     Running   0          34s
websocket-server-5f4f67c6f4-wmqhm   1/1     Running   0          2m49s
1772349107
NAME                                READY   STATUS    RESTARTS   AGE
websocket-loadgen-hzp2t             1/1     Running   0          3m33s
websocket-server-5f4f67c6f4-46x2g   1/1     Running   0          3m39s
websocket-server-5f4f67c6f4-pxzd8   1/1     Running   0          2m54s
websocket-server-5f4f67c6f4-r8xls   1/1     Running   0          3m39s
websocket-server-5f4f67c6f4-sdjfz   1/1     Running   0          39s
websocket-server-5f4f67c6f4-wmqhm   1/1     Running   0          2m54s
1772349112
NAME                                READY   STATUS    RESTARTS   AGE
websocket-loadgen-hzp2t             1/1     Running   0          3m38s
websocket-server-5f4f67c6f4-46x2g   1/1     Running   0          3m44s
websocket-server-5f4f67c6f4-pxzd8   1/1     Running   0          2m59s
websocket-server-5f4f67c6f4-r8xls   1/1     Running   0          3m44s
websocket-server-5f4f67c6f4-sdjfz   1/1     Running   0          44s
websocket-server-5f4f67c6f4-wmqhm   1/1     Running   0          2m59s
1772349117
NAME                                READY   STATUS    RESTARTS   AGE
websocket-loadgen-hzp2t             1/1     Running   0          3m43s
websocket-server-5f4f67c6f4-46x2g   1/1     Running   0          3m49s
websocket-server-5f4f67c6f4-pxzd8   1/1     Running   0          3m4s
websocket-server-5f4f67c6f4-r8xls   1/1     Running   0          3m49s
websocket-server-5f4f67c6f4-sdjfz   1/1     Running   0          49s
websocket-server-5f4f67c6f4-wmqhm   1/1     Running   0          3m4s
1772349122
NAME                                READY   STATUS    RESTARTS   AGE
websocket-loadgen-hzp2t             1/1     Running   0          3m48s
websocket-server-5f4f67c6f4-46x2g   1/1     Running   0          3m54s
websocket-server-5f4f67c6f4-pxzd8   1/1     Running   0          3m9s
websocket-server-5f4f67c6f4-r8xls   1/1     Running   0          3m54s
websocket-server-5f4f67c6f4-sdjfz   1/1     Running   0          54s
websocket-server-5f4f67c6f4-wmqhm   1/1     Running   0          3m9s
1772349127
NAME                                READY   STATUS    RESTARTS   AGE
websocket-loadgen-hzp2t             1/1     Running   0          3m53s
websocket-server-5f4f67c6f4-46x2g   1/1     Running   0          3m59s
websocket-server-5f4f67c6f4-pxzd8   1/1     Running   0          3m14s
websocket-server-5f4f67c6f4-r8xls   1/1     Running   0          3m59s
websocket-server-5f4f67c6f4-sdjfz   1/1     Running   0          59s
websocket-server-5f4f67c6f4-wmqhm   1/1     Running   0          3m14s
1772349132
NAME                                READY   STATUS    RESTARTS   AGE
websocket-loadgen-hzp2t             1/1     Running   0          3m58s
websocket-server-5f4f67c6f4-46x2g   1/1     Running   0          4m4s
websocket-server-5f4f67c6f4-pxzd8   1/1     Running   0          3m19s
websocket-server-5f4f67c6f4-r8xls   1/1     Running   0          4m4s
websocket-server-5f4f67c6f4-sdjfz   1/1     Running   0          64s
websocket-server-5f4f67c6f4-wmqhm   1/1     Running   0          3m19s
1772349137
NAME                                READY   STATUS    RESTARTS   AGE
websocket-loadgen-hzp2t             1/1     Running   0          4m3s
websocket-server-5f4f67c6f4-46x2g   1/1     Running   0          4m9s
websocket-server-5f4f67c6f4-pxzd8   1/1     Running   0          3m24s
websocket-server-5f4f67c6f4-r8xls   1/1     Running   0          4m9s
websocket-server-5f4f67c6f4-sdjfz   1/1     Running   0          69s
websocket-server-5f4f67c6f4-wmqhm   1/1     Running   0          3m24s
1772349142
NAME                                READY   STATUS    RESTARTS   AGE
websocket-loadgen-hzp2t             1/1     Running   0          4m8s
websocket-server-5f4f67c6f4-46x2g   1/1     Running   0          4m14s
websocket-server-5f4f67c6f4-pxzd8   1/1     Running   0          3m29s
websocket-server-5f4f67c6f4-r8xls   1/1     Running   0          4m14s
websocket-server-5f4f67c6f4-sdjfz   1/1     Running   0          74s
websocket-server-5f4f67c6f4-wmqhm   1/1     Running   0          3m29s
1772349147
NAME                                READY   STATUS    RESTARTS   AGE
websocket-loadgen-hzp2t             1/1     Running   0          4m13s
websocket-server-5f4f67c6f4-46x2g   1/1     Running   0          4m19s
websocket-server-5f4f67c6f4-pxzd8   1/1     Running   0          3m34s
websocket-server-5f4f67c6f4-r8xls   1/1     Running   0          4m19s
websocket-server-5f4f67c6f4-sdjfz   1/1     Running   0          79s
websocket-server-5f4f67c6f4-wmqhm   1/1     Running   0          3m34s
1772349152
NAME                                READY   STATUS    RESTARTS   AGE
websocket-loadgen-hzp2t             1/1     Running   0          4m18s
websocket-server-5f4f67c6f4-46x2g   1/1     Running   0          4m24s
websocket-server-5f4f67c6f4-pxzd8   1/1     Running   0          3m39s
websocket-server-5f4f67c6f4-r8xls   1/1     Running   0          4m24s
websocket-server-5f4f67c6f4-sdjfz   1/1     Running   0          84s
websocket-server-5f4f67c6f4-wmqhm   1/1     Running   0          3m39s
1772349157
NAME                                READY   STATUS    RESTARTS   AGE
websocket-loadgen-hzp2t             1/1     Running   0          4m24s
websocket-server-5f4f67c6f4-46x2g   1/1     Running   0          4m30s
websocket-server-5f4f67c6f4-pxzd8   1/1     Running   0          3m45s
websocket-server-5f4f67c6f4-r8xls   1/1     Running   0          4m30s
websocket-server-5f4f67c6f4-sdjfz   1/1     Running   0          90s
websocket-server-5f4f67c6f4-wmqhm   1/1     Running   0          3m45s
1772349163
NAME                                READY   STATUS    RESTARTS   AGE
websocket-loadgen-hzp2t             1/1     Running   0          4m29s
websocket-server-5f4f67c6f4-46x2g   1/1     Running   0          4m35s
websocket-server-5f4f67c6f4-pxzd8   1/1     Running   0          3m50s
websocket-server-5f4f67c6f4-r8xls   1/1     Running   0          4m35s
websocket-server-5f4f67c6f4-sdjfz   1/1     Running   0          95s
websocket-server-5f4f67c6f4-wmqhm   1/1     Running   0          3m50s
1772349168
NAME                                READY   STATUS    RESTARTS   AGE
websocket-loadgen-hzp2t             1/1     Running   0          4m34s
websocket-server-5f4f67c6f4-46x2g   1/1     Running   0          4m40s
websocket-server-5f4f67c6f4-pxzd8   1/1     Running   0          3m55s
websocket-server-5f4f67c6f4-r8xls   1/1     Running   0          4m40s
websocket-server-5f4f67c6f4-sdjfz   1/1     Running   0          100s
websocket-server-5f4f67c6f4-wmqhm   1/1     Running   0          3m55s
1772349173
NAME                                READY   STATUS    RESTARTS   AGE
websocket-loadgen-hzp2t             1/1     Running   0          4m39s
websocket-server-5f4f67c6f4-46x2g   1/1     Running   0          4m45s
websocket-server-5f4f67c6f4-pxzd8   1/1     Running   0          4m
websocket-server-5f4f67c6f4-r8xls   1/1     Running   0          4m45s
websocket-server-5f4f67c6f4-sdjfz   1/1     Running   0          105s
websocket-server-5f4f67c6f4-wmqhm   1/1     Running   0          4m
1772349178
NAME                                READY   STATUS    RESTARTS   AGE
websocket-loadgen-hzp2t             1/1     Running   0          4m44s
websocket-server-5f4f67c6f4-46x2g   1/1     Running   0          4m50s
websocket-server-5f4f67c6f4-pxzd8   1/1     Running   0          4m5s
websocket-server-5f4f67c6f4-r8xls   1/1     Running   0          4m50s
websocket-server-5f4f67c6f4-sdjfz   1/1     Running   0          110s
websocket-server-5f4f67c6f4-wmqhm   1/1     Running   0          4m5s
1772349183
NAME                                READY   STATUS    RESTARTS   AGE
websocket-loadgen-hzp2t             1/1     Running   0          4m49s
websocket-server-5f4f67c6f4-46x2g   1/1     Running   0          4m55s
websocket-server-5f4f67c6f4-pxzd8   1/1     Running   0          4m10s
websocket-server-5f4f67c6f4-r8xls   1/1     Running   0          4m55s
websocket-server-5f4f67c6f4-sdjfz   1/1     Running   0          115s
websocket-server-5f4f67c6f4-wmqhm   1/1     Running   0          4m10s
1772349188
NAME                                READY   STATUS    RESTARTS   AGE
websocket-loadgen-hzp2t             1/1     Running   0          4m54s
websocket-server-5f4f67c6f4-46x2g   1/1     Running   0          5m
websocket-server-5f4f67c6f4-pxzd8   1/1     Running   0          4m15s
websocket-server-5f4f67c6f4-r8xls   1/1     Running   0          5m
websocket-server-5f4f67c6f4-sdjfz   1/1     Running   0          2m
websocket-server-5f4f67c6f4-wmqhm   1/1     Running   0          4m15s
1772349193
NAME                                READY   STATUS    RESTARTS   AGE
websocket-loadgen-hzp2t             1/1     Running   0          4m59s
websocket-server-5f4f67c6f4-46x2g   1/1     Running   0          5m5s
websocket-server-5f4f67c6f4-pxzd8   1/1     Running   0          4m20s
websocket-server-5f4f67c6f4-r8xls   1/1     Running   0          5m5s
websocket-server-5f4f67c6f4-sdjfz   1/1     Running   0          2m5s
websocket-server-5f4f67c6f4-wmqhm   1/1     Running   0          4m20s
1772349198
NAME                                READY   STATUS        RESTARTS   AGE
websocket-loadgen-hzp2t             1/1     Terminating   0          5m4s
websocket-server-5f4f67c6f4-46x2g   1/1     Running       0          5m10s
websocket-server-5f4f67c6f4-pxzd8   1/1     Running       0          4m25s
websocket-server-5f4f67c6f4-r8xls   1/1     Running       0          5m10s
websocket-server-5f4f67c6f4-sdjfz   1/1     Running       0          2m10s
websocket-server-5f4f67c6f4-wmqhm   1/1     Running       0          4m25s
1772349203
NAME                                READY   STATUS        RESTARTS   AGE
websocket-loadgen-hzp2t             1/1     Terminating   0          5m9s
websocket-server-5f4f67c6f4-46x2g   1/1     Running       0          5m15s
websocket-server-5f4f67c6f4-pxzd8   1/1     Running       0          4m30s
websocket-server-5f4f67c6f4-r8xls   1/1     Running       0          5m15s
websocket-server-5f4f67c6f4-sdjfz   1/1     Running       0          2m15s
websocket-server-5f4f67c6f4-wmqhm   1/1     Running       0          4m30s
1772349208
NAME                                READY   STATUS        RESTARTS   AGE
websocket-loadgen-hzp2t             1/1     Terminating   0          5m14s
websocket-server-5f4f67c6f4-46x2g   1/1     Running       0          5m20s
websocket-server-5f4f67c6f4-pxzd8   1/1     Running       0          4m35s
websocket-server-5f4f67c6f4-r8xls   1/1     Running       0          5m20s
websocket-server-5f4f67c6f4-sdjfz   1/1     Running       0          2m20s
websocket-server-5f4f67c6f4-wmqhm   1/1     Running       0          4m35s
1772349213
NAME                                READY   STATUS        RESTARTS   AGE
websocket-loadgen-hzp2t             1/1     Terminating   0          5m19s
websocket-server-5f4f67c6f4-46x2g   1/1     Running       0          5m25s
websocket-server-5f4f67c6f4-pxzd8   1/1     Running       0          4m40s
websocket-server-5f4f67c6f4-r8xls   1/1     Running       0          5m25s
websocket-server-5f4f67c6f4-sdjfz   1/1     Running       0          2m25s
websocket-server-5f4f67c6f4-wmqhm   1/1     Running       0          4m40s
1772349218
NAME                                READY   STATUS        RESTARTS   AGE
websocket-loadgen-hzp2t             1/1     Terminating   0          5m24s
websocket-server-5f4f67c6f4-46x2g   1/1     Running       0          5m30s
websocket-server-5f4f67c6f4-pxzd8   1/1     Running       0          4m45s
websocket-server-5f4f67c6f4-r8xls   1/1     Running       0          5m30s
websocket-server-5f4f67c6f4-sdjfz   1/1     Running       0          2m30s
websocket-server-5f4f67c6f4-wmqhm   1/1     Running       0          4m45s
1772349223
NAME                                READY   STATUS        RESTARTS   AGE
websocket-loadgen-hzp2t             1/1     Terminating   0          5m29s
websocket-server-5f4f67c6f4-46x2g   1/1     Running       0          5m35s
websocket-server-5f4f67c6f4-pxzd8   1/1     Running       0          4m50s
websocket-server-5f4f67c6f4-r8xls   1/1     Running       0          5m35s
websocket-server-5f4f67c6f4-sdjfz   1/1     Running       0          2m35s
websocket-server-5f4f67c6f4-wmqhm   1/1     Running       0          4m50s
1772349228
NAME                                READY   STATUS    RESTARTS   AGE
websocket-server-5f4f67c6f4-46x2g   1/1     Running   0          5m40s
websocket-server-5f4f67c6f4-pxzd8   1/1     Running   0          4m55s
websocket-server-5f4f67c6f4-r8xls   1/1     Running   0          5m40s
websocket-server-5f4f67c6f4-sdjfz   1/1     Running   0          2m40s
websocket-server-5f4f67c6f4-wmqhm   1/1     Running   0          4m55s
1772349233
NAME                                READY   STATUS    RESTARTS   AGE
websocket-server-5f4f67c6f4-46x2g   1/1     Running   0          5m45s
websocket-server-5f4f67c6f4-pxzd8   1/1     Running   0          5m
websocket-server-5f4f67c6f4-r8xls   1/1     Running   0          5m45s
websocket-server-5f4f67c6f4-sdjfz   1/1     Running   0          2m45s
websocket-server-5f4f67c6f4-wmqhm   1/1     Running   0          5m
1772349238
NAME                                READY   STATUS    RESTARTS   AGE
websocket-server-5f4f67c6f4-46x2g   1/1     Running   0          5m50s
websocket-server-5f4f67c6f4-pxzd8   1/1     Running   0          5m5s
websocket-server-5f4f67c6f4-r8xls   1/1     Running   0          5m50s
websocket-server-5f4f67c6f4-sdjfz   1/1     Running   0          2m50s
websocket-server-5f4f67c6f4-wmqhm   1/1     Running   0          5m5s
1772349243
NAME                                READY   STATUS    RESTARTS   AGE
websocket-server-5f4f67c6f4-46x2g   1/1     Running   0          5m55s
websocket-server-5f4f67c6f4-pxzd8   1/1     Running   0          5m10s
websocket-server-5f4f67c6f4-r8xls   1/1     Running   0          5m55s
websocket-server-5f4f67c6f4-sdjfz   1/1     Running   0          2m55s
websocket-server-5f4f67c6f4-wmqhm   1/1     Running   0          5m10s
1772349248
NAME                                READY   STATUS    RESTARTS   AGE
websocket-server-5f4f67c6f4-46x2g   1/1     Running   0          6m
websocket-server-5f4f67c6f4-pxzd8   1/1     Running   0          5m15s
websocket-server-5f4f67c6f4-r8xls   1/1     Running   0          6m
websocket-server-5f4f67c6f4-sdjfz   1/1     Running   0          3m
websocket-server-5f4f67c6f4-wmqhm   1/1     Running   0          5m15s
1772349253
NAME                                READY   STATUS    RESTARTS   AGE
websocket-server-5f4f67c6f4-46x2g   1/1     Running   0          6m5s
websocket-server-5f4f67c6f4-pxzd8   1/1     Running   0          5m20s
websocket-server-5f4f67c6f4-r8xls   1/1     Running   0          6m5s
websocket-server-5f4f67c6f4-sdjfz   1/1     Running   0          3m5s
websocket-server-5f4f67c6f4-wmqhm   1/1     Running   0          5m20s
1772349258
NAME                                READY   STATUS    RESTARTS   AGE
websocket-server-5f4f67c6f4-46x2g   1/1     Running   0          6m10s
websocket-server-5f4f67c6f4-pxzd8   1/1     Running   0          5m25s
websocket-server-5f4f67c6f4-r8xls   1/1     Running   0          6m10s
websocket-server-5f4f67c6f4-sdjfz   1/1     Running   0          3m10s
websocket-server-5f4f67c6f4-wmqhm   1/1     Running   0          5m25s
1772349263
NAME                                READY   STATUS    RESTARTS   AGE
websocket-server-5f4f67c6f4-46x2g   1/1     Running   0          6m16s
websocket-server-5f4f67c6f4-pxzd8   1/1     Running   0          5m31s
websocket-server-5f4f67c6f4-r8xls   1/1     Running   0          6m16s
websocket-server-5f4f67c6f4-sdjfz   1/1     Running   0          3m16s
websocket-server-5f4f67c6f4-wmqhm   1/1     Running   0          5m31s
1772349269
NAME                                READY   STATUS    RESTARTS   AGE
websocket-server-5f4f67c6f4-46x2g   1/1     Running   0          6m21s
websocket-server-5f4f67c6f4-pxzd8   1/1     Running   0          5m36s
websocket-server-5f4f67c6f4-r8xls   1/1     Running   0          6m21s
websocket-server-5f4f67c6f4-sdjfz   1/1     Running   0          3m21s
websocket-server-5f4f67c6f4-wmqhm   1/1     Running   0          5m36s
1772349274
NAME                                READY   STATUS    RESTARTS   AGE
websocket-server-5f4f67c6f4-46x2g   1/1     Running   0          6m26s
websocket-server-5f4f67c6f4-pxzd8   1/1     Running   0          5m41s
websocket-server-5f4f67c6f4-r8xls   1/1     Running   0          6m26s
websocket-server-5f4f67c6f4-sdjfz   1/1     Running   0          3m26s
websocket-server-5f4f67c6f4-wmqhm   1/1     Running   0          5m41s
1772349279
NAME                                READY   STATUS    RESTARTS   AGE
websocket-server-5f4f67c6f4-46x2g   1/1     Running   0          6m31s
websocket-server-5f4f67c6f4-pxzd8   1/1     Running   0          5m46s
websocket-server-5f4f67c6f4-r8xls   1/1     Running   0          6m31s
websocket-server-5f4f67c6f4-sdjfz   1/1     Running   0          3m31s
websocket-server-5f4f67c6f4-wmqhm   1/1     Running   0          5m46s
1772349284
NAME                                READY   STATUS    RESTARTS   AGE
websocket-server-5f4f67c6f4-46x2g   1/1     Running   0          6m36s
websocket-server-5f4f67c6f4-pxzd8   1/1     Running   0          5m51s
websocket-server-5f4f67c6f4-r8xls   1/1     Running   0          6m36s
websocket-server-5f4f67c6f4-sdjfz   1/1     Running   0          3m36s
websocket-server-5f4f67c6f4-wmqhm   1/1     Running   0          5m51s
1772349289
NAME                                READY   STATUS    RESTARTS   AGE
websocket-server-5f4f67c6f4-46x2g   1/1     Running   0          6m41s
websocket-server-5f4f67c6f4-pxzd8   1/1     Running   0          5m56s
websocket-server-5f4f67c6f4-r8xls   1/1     Running   0          6m41s
websocket-server-5f4f67c6f4-sdjfz   1/1     Running   0          3m41s
websocket-server-5f4f67c6f4-wmqhm   1/1     Running   0          5m56s
1772349294
NAME                                READY   STATUS    RESTARTS   AGE
websocket-server-5f4f67c6f4-46x2g   1/1     Running   0          6m46s
websocket-server-5f4f67c6f4-pxzd8   1/1     Running   0          6m1s
websocket-server-5f4f67c6f4-r8xls   1/1     Running   0          6m46s
websocket-server-5f4f67c6f4-sdjfz   1/1     Running   0          3m46s
websocket-server-5f4f67c6f4-wmqhm   1/1     Running   0          6m1s
1772349299
NAME                                READY   STATUS    RESTARTS   AGE
websocket-server-5f4f67c6f4-46x2g   1/1     Running   0          6m51s
websocket-server-5f4f67c6f4-pxzd8   1/1     Running   0          6m6s
websocket-server-5f4f67c6f4-r8xls   1/1     Running   0          6m51s
websocket-server-5f4f67c6f4-sdjfz   1/1     Running   0          3m51s
websocket-server-5f4f67c6f4-wmqhm   1/1     Running   0          6m6s
1772349304
NAME                                READY   STATUS    RESTARTS   AGE
websocket-server-5f4f67c6f4-46x2g   1/1     Running   0          6m56s
websocket-server-5f4f67c6f4-pxzd8   1/1     Running   0          6m11s
websocket-server-5f4f67c6f4-r8xls   1/1     Running   0          6m56s
websocket-server-5f4f67c6f4-sdjfz   1/1     Running   0          3m56s
websocket-server-5f4f67c6f4-wmqhm   1/1     Running   0          6m11s
1772349309
NAME                                READY   STATUS    RESTARTS   AGE
websocket-server-5f4f67c6f4-46x2g   1/1     Running   0          7m1s
websocket-server-5f4f67c6f4-pxzd8   1/1     Running   0          6m16s
websocket-server-5f4f67c6f4-r8xls   1/1     Running   0          7m1s
websocket-server-5f4f67c6f4-sdjfz   1/1     Running   0          4m1s
websocket-server-5f4f67c6f4-wmqhm   1/1     Running   0          6m16s
1772349314
NAME                                READY   STATUS    RESTARTS   AGE
websocket-server-5f4f67c6f4-46x2g   1/1     Running   0          7m6s
websocket-server-5f4f67c6f4-pxzd8   1/1     Running   0          6m21s
websocket-server-5f4f67c6f4-r8xls   1/1     Running   0          7m6s
websocket-server-5f4f67c6f4-sdjfz   1/1     Running   0          4m6s
websocket-server-5f4f67c6f4-wmqhm   1/1     Running   0          6m21s
1772349319
NAME                                READY   STATUS    RESTARTS   AGE
websocket-server-5f4f67c6f4-46x2g   1/1     Running   0          7m11s
websocket-server-5f4f67c6f4-pxzd8   1/1     Running   0          6m26s
websocket-server-5f4f67c6f4-r8xls   1/1     Running   0          7m11s
websocket-server-5f4f67c6f4-sdjfz   1/1     Running   0          4m11s
websocket-server-5f4f67c6f4-wmqhm   1/1     Running   0          6m26s
1772349324
NAME                                READY   STATUS    RESTARTS   AGE
websocket-server-5f4f67c6f4-46x2g   1/1     Running   0          7m16s
websocket-server-5f4f67c6f4-pxzd8   1/1     Running   0          6m31s
websocket-server-5f4f67c6f4-r8xls   1/1     Running   0          7m16s
websocket-server-5f4f67c6f4-sdjfz   1/1     Running   0          4m16s
websocket-server-5f4f67c6f4-wmqhm   1/1     Running   0          6m31s
1772349329
NAME                                READY   STATUS    RESTARTS   AGE
websocket-server-5f4f67c6f4-46x2g   1/1     Running   0          7m21s
websocket-server-5f4f67c6f4-pxzd8   1/1     Running   0          6m36s
websocket-server-5f4f67c6f4-r8xls   1/1     Running   0          7m21s
websocket-server-5f4f67c6f4-sdjfz   1/1     Running   0          4m21s
websocket-server-5f4f67c6f4-wmqhm   1/1     Running   0          6m36s
1772349334
NAME                                READY   STATUS    RESTARTS   AGE
websocket-server-5f4f67c6f4-46x2g   1/1     Running   0          7m26s
websocket-server-5f4f67c6f4-pxzd8   1/1     Running   0          6m41s
websocket-server-5f4f67c6f4-r8xls   1/1     Running   0          7m26s
websocket-server-5f4f67c6f4-sdjfz   1/1     Running   0          4m26s
websocket-server-5f4f67c6f4-wmqhm   1/1     Running   0          6m41s
1772349339
NAME                                READY   STATUS    RESTARTS   AGE
websocket-server-5f4f67c6f4-46x2g   1/1     Running   0          7m31s
websocket-server-5f4f67c6f4-pxzd8   1/1     Running   0          6m46s
websocket-server-5f4f67c6f4-r8xls   1/1     Running   0          7m31s
websocket-server-5f4f67c6f4-sdjfz   1/1     Running   0          4m31s
websocket-server-5f4f67c6f4-wmqhm   1/1     Running   0          6m46s
1772349344
NAME                                READY   STATUS    RESTARTS   AGE
websocket-server-5f4f67c6f4-46x2g   1/1     Running   0          7m36s
websocket-server-5f4f67c6f4-pxzd8   1/1     Running   0          6m51s
websocket-server-5f4f67c6f4-r8xls   1/1     Running   0          7m36s
websocket-server-5f4f67c6f4-sdjfz   1/1     Running   0          4m36s
websocket-server-5f4f67c6f4-wmqhm   1/1     Running   0          6m51s
1772349349
NAME                                READY   STATUS    RESTARTS   AGE
websocket-server-5f4f67c6f4-46x2g   1/1     Running   0          7m41s
websocket-server-5f4f67c6f4-pxzd8   1/1     Running   0          6m56s
websocket-server-5f4f67c6f4-r8xls   1/1     Running   0          7m41s
websocket-server-5f4f67c6f4-sdjfz   1/1     Running   0          4m41s
websocket-server-5f4f67c6f4-wmqhm   1/1     Running   0          6m56s
1772349354
NAME                                READY   STATUS    RESTARTS   AGE
websocket-server-5f4f67c6f4-46x2g   1/1     Running   0          7m47s
websocket-server-5f4f67c6f4-pxzd8   1/1     Running   0          7m2s
websocket-server-5f4f67c6f4-r8xls   1/1     Running   0          7m47s
websocket-server-5f4f67c6f4-sdjfz   1/1     Running   0          4m47s
websocket-server-5f4f67c6f4-wmqhm   1/1     Running   0          7m2s
1772349360
NAME                                READY   STATUS    RESTARTS   AGE
websocket-server-5f4f67c6f4-46x2g   1/1     Running   0          7m52s
websocket-server-5f4f67c6f4-pxzd8   1/1     Running   0          7m7s
websocket-server-5f4f67c6f4-r8xls   1/1     Running   0          7m52s
websocket-server-5f4f67c6f4-sdjfz   1/1     Running   0          4m52s
websocket-server-5f4f67c6f4-wmqhm   1/1     Running   0          7m7s
1772349365
NAME                                READY   STATUS    RESTARTS   AGE
websocket-server-5f4f67c6f4-46x2g   1/1     Running   0          7m57s
websocket-server-5f4f67c6f4-pxzd8   1/1     Running   0          7m12s
websocket-server-5f4f67c6f4-r8xls   1/1     Running   0          7m57s
websocket-server-5f4f67c6f4-sdjfz   1/1     Running   0          4m57s
websocket-server-5f4f67c6f4-wmqhm   1/1     Running   0          7m12s
1772349370
NAME                                READY   STATUS    RESTARTS   AGE
websocket-server-5f4f67c6f4-46x2g   1/1     Running   0          8m2s
websocket-server-5f4f67c6f4-pxzd8   1/1     Running   0          7m17s
websocket-server-5f4f67c6f4-r8xls   1/1     Running   0          8m2s
websocket-server-5f4f67c6f4-sdjfz   1/1     Running   0          5m2s
websocket-server-5f4f67c6f4-wmqhm   1/1     Running   0          7m17s
1772349375
NAME                                READY   STATUS    RESTARTS   AGE
websocket-server-5f4f67c6f4-46x2g   1/1     Running   0          8m7s
websocket-server-5f4f67c6f4-pxzd8   1/1     Running   0          7m22s
websocket-server-5f4f67c6f4-r8xls   1/1     Running   0          8m7s
websocket-server-5f4f67c6f4-sdjfz   1/1     Running   0          5m7s
websocket-server-5f4f67c6f4-wmqhm   1/1     Running   0          7m22s
1772349380
NAME                                READY   STATUS    RESTARTS   AGE
websocket-server-5f4f67c6f4-46x2g   1/1     Running   0          8m12s
websocket-server-5f4f67c6f4-pxzd8   1/1     Running   0          7m27s
websocket-server-5f4f67c6f4-r8xls   1/1     Running   0          8m12s
websocket-server-5f4f67c6f4-sdjfz   1/1     Running   0          5m12s
websocket-server-5f4f67c6f4-wmqhm   1/1     Running   0          7m27s
1772349385
NAME                                READY   STATUS    RESTARTS   AGE
websocket-server-5f4f67c6f4-46x2g   1/1     Running   0          8m17s
websocket-server-5f4f67c6f4-pxzd8   1/1     Running   0          7m32s
websocket-server-5f4f67c6f4-r8xls   1/1     Running   0          8m17s
websocket-server-5f4f67c6f4-sdjfz   1/1     Running   0          5m17s
websocket-server-5f4f67c6f4-wmqhm   1/1     Running   0          7m32s
1772349390
NAME                                READY   STATUS    RESTARTS   AGE
websocket-server-5f4f67c6f4-46x2g   1/1     Running   0          8m22s
websocket-server-5f4f67c6f4-pxzd8   1/1     Running   0          7m37s
websocket-server-5f4f67c6f4-r8xls   1/1     Running   0          8m22s
websocket-server-5f4f67c6f4-sdjfz   1/1     Running   0          5m22s
websocket-server-5f4f67c6f4-wmqhm   1/1     Running   0          7m37s
1772349395
NAME                                READY   STATUS    RESTARTS   AGE
websocket-server-5f4f67c6f4-46x2g   1/1     Running   0          8m27s
websocket-server-5f4f67c6f4-pxzd8   1/1     Running   0          7m42s
websocket-server-5f4f67c6f4-r8xls   1/1     Running   0          8m27s
websocket-server-5f4f67c6f4-sdjfz   1/1     Running   0          5m27s
websocket-server-5f4f67c6f4-wmqhm   1/1     Running   0          7m42s
1772349400
NAME                                READY   STATUS    RESTARTS   AGE
websocket-server-5f4f67c6f4-46x2g   1/1     Running   0          8m32s
websocket-server-5f4f67c6f4-pxzd8   1/1     Running   0          7m47s
websocket-server-5f4f67c6f4-r8xls   1/1     Running   0          8m32s
websocket-server-5f4f67c6f4-sdjfz   1/1     Running   0          5m32s
websocket-server-5f4f67c6f4-wmqhm   1/1     Running   0          7m47s
1772349405
NAME                                READY   STATUS    RESTARTS   AGE
websocket-server-5f4f67c6f4-46x2g   1/1     Running   0          8m37s
websocket-server-5f4f67c6f4-pxzd8   1/1     Running   0          7m52s
websocket-server-5f4f67c6f4-r8xls   1/1     Running   0          8m37s
websocket-server-5f4f67c6f4-sdjfz   1/1     Running   0          5m37s
websocket-server-5f4f67c6f4-wmqhm   1/1     Running   0          7m52s
1772349410
NAME                                READY   STATUS    RESTARTS   AGE
websocket-server-5f4f67c6f4-46x2g   1/1     Running   0          8m42s
websocket-server-5f4f67c6f4-pxzd8   1/1     Running   0          7m57s
websocket-server-5f4f67c6f4-r8xls   1/1     Running   0          8m42s
websocket-server-5f4f67c6f4-sdjfz   1/1     Running   0          5m42s
websocket-server-5f4f67c6f4-wmqhm   1/1     Running   0          7m57s
1772349415
NAME                                READY   STATUS    RESTARTS   AGE
websocket-server-5f4f67c6f4-46x2g   1/1     Running   0          8m47s
websocket-server-5f4f67c6f4-pxzd8   1/1     Running   0          8m2s
websocket-server-5f4f67c6f4-r8xls   1/1     Running   0          8m47s
websocket-server-5f4f67c6f4-sdjfz   1/1     Running   0          5m47s
websocket-server-5f4f67c6f4-wmqhm   1/1     Running   0          8m2s
1772349420
NAME                                READY   STATUS    RESTARTS   AGE
websocket-server-5f4f67c6f4-46x2g   1/1     Running   0          8m52s
websocket-server-5f4f67c6f4-pxzd8   1/1     Running   0          8m7s
websocket-server-5f4f67c6f4-r8xls   1/1     Running   0          8m52s
websocket-server-5f4f67c6f4-sdjfz   1/1     Running   0          5m52s
websocket-server-5f4f67c6f4-wmqhm   1/1     Running   0          8m7s
1772349425
NAME                                READY   STATUS    RESTARTS   AGE
websocket-server-5f4f67c6f4-46x2g   1/1     Running   0          8m57s
websocket-server-5f4f67c6f4-pxzd8   1/1     Running   0          8m12s
websocket-server-5f4f67c6f4-r8xls   1/1     Running   0          8m57s
websocket-server-5f4f67c6f4-sdjfz   1/1     Running   0          5m57s
websocket-server-5f4f67c6f4-wmqhm   1/1     Running   0          8m12s
1772349430
NAME                                READY   STATUS    RESTARTS   AGE
websocket-server-5f4f67c6f4-46x2g   1/1     Running   0          9m2s
websocket-server-5f4f67c6f4-pxzd8   1/1     Running   0          8m17s
websocket-server-5f4f67c6f4-r8xls   1/1     Running   0          9m2s
websocket-server-5f4f67c6f4-sdjfz   1/1     Running   0          6m2s
websocket-server-5f4f67c6f4-wmqhm   1/1     Running   0          8m17s
1772349435
NAME                                READY   STATUS    RESTARTS   AGE
websocket-server-5f4f67c6f4-46x2g   1/1     Running   0          9m7s
websocket-server-5f4f67c6f4-pxzd8   1/1     Running   0          8m22s
websocket-server-5f4f67c6f4-r8xls   1/1     Running   0          9m7s
websocket-server-5f4f67c6f4-sdjfz   1/1     Running   0          6m7s
websocket-server-5f4f67c6f4-wmqhm   1/1     Running   0          8m22s
1772349440
NAME                                READY   STATUS    RESTARTS   AGE
websocket-server-5f4f67c6f4-46x2g   1/1     Running   0          9m12s
websocket-server-5f4f67c6f4-pxzd8   1/1     Running   0          8m27s
websocket-server-5f4f67c6f4-r8xls   1/1     Running   0          9m12s
websocket-server-5f4f67c6f4-sdjfz   1/1     Running   0          6m12s
websocket-server-5f4f67c6f4-wmqhm   1/1     Running   0          8m27s
1772349445
NAME                                READY   STATUS    RESTARTS   AGE
websocket-server-5f4f67c6f4-46x2g   1/1     Running   0          9m17s
websocket-server-5f4f67c6f4-pxzd8   1/1     Running   0          8m32s
websocket-server-5f4f67c6f4-r8xls   1/1     Running   0          9m17s
websocket-server-5f4f67c6f4-sdjfz   1/1     Running   0          6m17s
websocket-server-5f4f67c6f4-wmqhm   1/1     Running   0          8m32s
1772349450
NAME                                READY   STATUS    RESTARTS   AGE
websocket-server-5f4f67c6f4-46x2g   1/1     Running   0          9m23s
websocket-server-5f4f67c6f4-pxzd8   1/1     Running   0          8m38s
websocket-server-5f4f67c6f4-r8xls   1/1     Running   0          9m23s
websocket-server-5f4f67c6f4-sdjfz   1/1     Running   0          6m23s
websocket-server-5f4f67c6f4-wmqhm   1/1     Running   0          8m38s
1772349456
NAME                                READY   STATUS    RESTARTS   AGE
websocket-server-5f4f67c6f4-46x2g   1/1     Running   0          9m28s
websocket-server-5f4f67c6f4-pxzd8   1/1     Running   0          8m43s
websocket-server-5f4f67c6f4-r8xls   1/1     Running   0          9m28s
websocket-server-5f4f67c6f4-sdjfz   1/1     Running   0          6m28s
websocket-server-5f4f67c6f4-wmqhm   1/1     Running   0          8m43s
1772349461
NAME                                READY   STATUS    RESTARTS   AGE
websocket-server-5f4f67c6f4-46x2g   1/1     Running   0          9m33s
websocket-server-5f4f67c6f4-pxzd8   1/1     Running   0          8m48s
websocket-server-5f4f67c6f4-r8xls   1/1     Running   0          9m33s
websocket-server-5f4f67c6f4-sdjfz   1/1     Running   0          6m33s
websocket-server-5f4f67c6f4-wmqhm   1/1     Running   0          8m48s
1772349466
NAME                                READY   STATUS    RESTARTS   AGE
websocket-server-5f4f67c6f4-46x2g   1/1     Running   0          9m38s
websocket-server-5f4f67c6f4-pxzd8   1/1     Running   0          8m53s
websocket-server-5f4f67c6f4-r8xls   1/1     Running   0          9m38s
websocket-server-5f4f67c6f4-sdjfz   1/1     Running   0          6m38s
websocket-server-5f4f67c6f4-wmqhm   1/1     Running   0          8m53s
1772349471
NAME                                READY   STATUS    RESTARTS   AGE
websocket-server-5f4f67c6f4-46x2g   1/1     Running   0          9m43s
websocket-server-5f4f67c6f4-pxzd8   1/1     Running   0          8m58s
websocket-server-5f4f67c6f4-r8xls   1/1     Running   0          9m43s
websocket-server-5f4f67c6f4-sdjfz   1/1     Running   0          6m43s
websocket-server-5f4f67c6f4-wmqhm   1/1     Running   0          8m58s
1772349476
NAME                                READY   STATUS    RESTARTS   AGE
websocket-server-5f4f67c6f4-46x2g   1/1     Running   0          9m48s
websocket-server-5f4f67c6f4-pxzd8   1/1     Running   0          9m3s
websocket-server-5f4f67c6f4-r8xls   1/1     Running   0          9m48s
websocket-server-5f4f67c6f4-sdjfz   1/1     Running   0          6m48s
websocket-server-5f4f67c6f4-wmqhm   1/1     Running   0          9m3s
1772349481
NAME                                READY   STATUS    RESTARTS   AGE
websocket-server-5f4f67c6f4-46x2g   1/1     Running   0          9m53s
websocket-server-5f4f67c6f4-pxzd8   1/1     Running   0          9m8s
websocket-server-5f4f67c6f4-r8xls   1/1     Running   0          9m53s
websocket-server-5f4f67c6f4-sdjfz   1/1     Running   0          6m53s
websocket-server-5f4f67c6f4-wmqhm   1/1     Running   0          9m8s
1772349486
NAME                                READY   STATUS    RESTARTS   AGE
websocket-server-5f4f67c6f4-46x2g   1/1     Running   0          9m58s
websocket-server-5f4f67c6f4-pxzd8   1/1     Running   0          9m13s
websocket-server-5f4f67c6f4-r8xls   1/1     Running   0          9m58s
websocket-server-5f4f67c6f4-sdjfz   1/1     Running   0          6m58s
websocket-server-5f4f67c6f4-wmqhm   1/1     Running   0          9m13s
1772349491
NAME                                READY   STATUS    RESTARTS   AGE
websocket-server-5f4f67c6f4-46x2g   1/1     Running   0          10m
websocket-server-5f4f67c6f4-pxzd8   1/1     Running   0          9m18s
websocket-server-5f4f67c6f4-r8xls   1/1     Running   0          10m
websocket-server-5f4f67c6f4-sdjfz   1/1     Running   0          7m3s
websocket-server-5f4f67c6f4-wmqhm   1/1     Running   0          9m18s
1772349496
NAME                                READY   STATUS    RESTARTS   AGE
websocket-server-5f4f67c6f4-46x2g   1/1     Running   0          10m
websocket-server-5f4f67c6f4-pxzd8   1/1     Running   0          9m23s
websocket-server-5f4f67c6f4-r8xls   1/1     Running   0          10m
websocket-server-5f4f67c6f4-sdjfz   1/1     Running   0          7m8s
websocket-server-5f4f67c6f4-wmqhm   1/1     Running   0          9m23s
1772349501
NAME                                READY   STATUS    RESTARTS   AGE
websocket-server-5f4f67c6f4-46x2g   1/1     Running   0          10m
websocket-server-5f4f67c6f4-pxzd8   1/1     Running   0          9m28s
websocket-server-5f4f67c6f4-r8xls   1/1     Running   0          10m
websocket-server-5f4f67c6f4-sdjfz   1/1     Running   0          7m13s
websocket-server-5f4f67c6f4-wmqhm   1/1     Running   0          9m28s
1772349506
NAME                                READY   STATUS    RESTARTS   AGE
websocket-server-5f4f67c6f4-46x2g   1/1     Running   0          10m
websocket-server-5f4f67c6f4-pxzd8   1/1     Running   0          9m33s
websocket-server-5f4f67c6f4-r8xls   1/1     Running   0          10m
websocket-server-5f4f67c6f4-sdjfz   1/1     Running   0          7m18s
websocket-server-5f4f67c6f4-wmqhm   1/1     Running   0          9m33s
1772349511
NAME                                READY   STATUS    RESTARTS   AGE
websocket-server-5f4f67c6f4-46x2g   1/1     Running   0          10m
websocket-server-5f4f67c6f4-pxzd8   1/1     Running   0          9m38s
websocket-server-5f4f67c6f4-r8xls   1/1     Running   0          10m
websocket-server-5f4f67c6f4-sdjfz   1/1     Running   0          7m23s
websocket-server-5f4f67c6f4-wmqhm   1/1     Running   0          9m38s
1772349516
NAME                                READY   STATUS    RESTARTS   AGE
websocket-server-5f4f67c6f4-46x2g   1/1     Running   0          10m
websocket-server-5f4f67c6f4-pxzd8   1/1     Running   0          9m43s
websocket-server-5f4f67c6f4-r8xls   1/1     Running   0          10m
websocket-server-5f4f67c6f4-sdjfz   1/1     Running   0          7m28s
websocket-server-5f4f67c6f4-wmqhm   1/1     Running   0          9m43s
1772349521
NAME                                READY   STATUS    RESTARTS   AGE
websocket-server-5f4f67c6f4-46x2g   1/1     Running   0          10m
websocket-server-5f4f67c6f4-pxzd8   1/1     Running   0          9m48s
websocket-server-5f4f67c6f4-r8xls   1/1     Running   0          10m
websocket-server-5f4f67c6f4-sdjfz   1/1     Running   0          7m33s
websocket-server-5f4f67c6f4-wmqhm   1/1     Running   0          9m48s
1772349526
NAME                                READY   STATUS    RESTARTS   AGE
websocket-server-5f4f67c6f4-46x2g   1/1     Running   0          10m
websocket-server-5f4f67c6f4-pxzd8   1/1     Running   0          9m53s
websocket-server-5f4f67c6f4-r8xls   1/1     Running   0          10m
websocket-server-5f4f67c6f4-sdjfz   1/1     Running   0          7m38s
websocket-server-5f4f67c6f4-wmqhm   1/1     Running   0          9m53s
1772349531
NAME                                READY   STATUS    RESTARTS   AGE
websocket-server-5f4f67c6f4-46x2g   1/1     Running   0          10m
websocket-server-5f4f67c6f4-pxzd8   1/1     Running   0          9m58s
websocket-server-5f4f67c6f4-r8xls   1/1     Running   0          10m
websocket-server-5f4f67c6f4-sdjfz   1/1     Running   0          7m43s
websocket-server-5f4f67c6f4-wmqhm   1/1     Running   0          9m58s
1772349536
NAME                                READY   STATUS    RESTARTS   AGE
websocket-server-5f4f67c6f4-46x2g   1/1     Running   0          10m
websocket-server-5f4f67c6f4-pxzd8   1/1     Running   0          10m
websocket-server-5f4f67c6f4-r8xls   1/1     Running   0          10m
websocket-server-5f4f67c6f4-sdjfz   1/1     Running   0          7m48s
websocket-server-5f4f67c6f4-wmqhm   1/1     Running   0          10m
1772349541
NAME                                READY   STATUS    RESTARTS   AGE
websocket-server-5f4f67c6f4-46x2g   1/1     Running   0          10m
websocket-server-5f4f67c6f4-pxzd8   1/1     Running   0          10m
websocket-server-5f4f67c6f4-r8xls   1/1     Running   0          10m
websocket-server-5f4f67c6f4-sdjfz   1/1     Running   0          7m54s
websocket-server-5f4f67c6f4-wmqhm   1/1     Running   0          10m
1772349547
NAME                                READY   STATUS    RESTARTS   AGE
websocket-server-5f4f67c6f4-46x2g   1/1     Running   0          10m
websocket-server-5f4f67c6f4-pxzd8   1/1     Running   0          10m
websocket-server-5f4f67c6f4-r8xls   1/1     Running   0          10m
websocket-server-5f4f67c6f4-sdjfz   1/1     Running   0          7m59s
websocket-server-5f4f67c6f4-wmqhm   1/1     Running   0          10m
1772349552
NAME                                READY   STATUS        RESTARTS   AGE
websocket-server-5f4f67c6f4-46x2g   1/1     Terminating   0          11m
websocket-server-5f4f67c6f4-pxzd8   1/1     Running       0          10m
websocket-server-5f4f67c6f4-r8xls   1/1     Running       0          11m
websocket-server-5f4f67c6f4-sdjfz   1/1     Terminating   0          8m4s
websocket-server-5f4f67c6f4-wmqhm   1/1     Terminating   0          10m
1772349557
NAME                                READY   STATUS        RESTARTS   AGE
websocket-server-5f4f67c6f4-46x2g   1/1     Terminating   0          11m
websocket-server-5f4f67c6f4-pxzd8   1/1     Running       0          10m
websocket-server-5f4f67c6f4-r8xls   1/1     Running       0          11m
websocket-server-5f4f67c6f4-sdjfz   1/1     Terminating   0          8m9s
websocket-server-5f4f67c6f4-wmqhm   1/1     Terminating   0          10m
1772349562
NAME                                READY   STATUS        RESTARTS   AGE
websocket-server-5f4f67c6f4-46x2g   1/1     Terminating   0          11m
websocket-server-5f4f67c6f4-pxzd8   1/1     Running       0          10m
websocket-server-5f4f67c6f4-r8xls   1/1     Running       0          11m
websocket-server-5f4f67c6f4-sdjfz   1/1     Terminating   0          8m14s
websocket-server-5f4f67c6f4-wmqhm   1/1     Terminating   0          10m
1772349567
NAME                                READY   STATUS        RESTARTS   AGE
websocket-server-5f4f67c6f4-46x2g   1/1     Terminating   0          11m
websocket-server-5f4f67c6f4-pxzd8   1/1     Running       0          10m
websocket-server-5f4f67c6f4-r8xls   1/1     Running       0          11m
websocket-server-5f4f67c6f4-sdjfz   1/1     Terminating   0          8m19s
websocket-server-5f4f67c6f4-wmqhm   1/1     Terminating   0          10m
1772349572
NAME                                READY   STATUS        RESTARTS   AGE
websocket-server-5f4f67c6f4-46x2g   1/1     Terminating   0          11m
websocket-server-5f4f67c6f4-pxzd8   1/1     Running       0          10m
websocket-server-5f4f67c6f4-r8xls   1/1     Running       0          11m
websocket-server-5f4f67c6f4-sdjfz   1/1     Terminating   0          8m24s
websocket-server-5f4f67c6f4-wmqhm   1/1     Terminating   0          10m
1772349577
NAME                                READY   STATUS        RESTARTS   AGE
websocket-server-5f4f67c6f4-46x2g   1/1     Terminating   0          11m
websocket-server-5f4f67c6f4-pxzd8   1/1     Running       0          10m
websocket-server-5f4f67c6f4-r8xls   1/1     Running       0          11m
websocket-server-5f4f67c6f4-sdjfz   1/1     Terminating   0          8m29s
websocket-server-5f4f67c6f4-wmqhm   1/1     Terminating   0          10m
1772349582
NAME                                READY   STATUS    RESTARTS   AGE
websocket-server-5f4f67c6f4-pxzd8   1/1     Running   0          10m
websocket-server-5f4f67c6f4-r8xls   1/1     Running   0          11m
