1772364628
active_connections 0
1772364633
active_connections 408
1772364638
active_connections 408
1772364643
active_connections 408
1772364648
active_connections 408
1772364653
active_connections 408
1772364659
active_connections 408
1772364664
active_connections 408
1772364669
active_connections 408
1772364674
active_connections 408
1772364679
active_connections 408
1772364684
active_connections 408
1772364689
active_connections 408
1772364694
active_connections 408
1772364699
active_connections 408
1772364704
active_connections 408
1772364709
active_connections 408
1772364714
active_connections 408
1772364719
active_connections 0
1772364724
active_connections 0
1772364729
active_connections 0
1772364734
active_connections 0
1772364739
active_connections 0
1772364744
active_connections 0
1772364749
active_connections 0
1772364754
active_connections 0
1772364759
active_connections 0
1772364764
active_connections 0
1772364769
active_connections 0
1772364774
active_connections 0
1772364779
active_connections 59
1772364784
active_connections 86
1772364789
active_connections 86
1772364794
active_connections 86
1772364799
active_connections 86
1772364805
active_connections 86
1772364811
active_connections 86
1772364816
active_connections 86
1772364821
active_connections 408
1772364828
active_connections 408
1772364834
active_connections 408
1772364839
active_connections 408
1772364844
active_connections 408
1772364849
active_connections 408
1772364854
active_connections 408
1772364859
active_connections 408
1772364864
active_connections 408
1772364869
active_connections 0
1772364874
active_connections 0
1772364879
active_connections 0
1772364884
active_connections 0
1772364889
active_connections 0
1772364895
active_connections 0
1772364900
active_connections 0
1772364905
active_connections 0
1772364910
active_connections 0
1772364915
active_connections 0
1772364920
active_connections 0
1772364925
active_connections 0
1772364930
active_connections 77
1772364935
active_connections 97
1772364940
active_connections 97
1772364945
active_connections 97
1772364950
active_connections 97
1772364955
active_connections 97
1772364960
active_connections 97
1772364965
active_connections 97
1772364970
active_connections 97
1772364975
active_connections 283
1772364981
active_connections 283
1772364986
active_connections 283
1772364993
active_connections 283
1772364999
active_connections 283
1772365004
active_connections 283
1772365009
active_connections 283
1772365014
active_connections 283
1772365020
active_connections 0
1772365025
active_connections 0
1772365030
active_connections 0
1772365035
active_connections 0
1772365040
active_connections 0
1772365045
active_connections 0
1772365050
active_connections 0
1772365055
active_connections 0
1772365060
active_connections 0
1772365065
active_connections 0
1772365070
active_connections 0
1772365075
active_connections 0
1772365080
active_connections 0
1772365085
active_connections 74
1772365090
active_connections 74
1772365095
active_connections 74
1772365100
active_connections 74
1772365105
active_connections 74
1772365110
active_connections 74
1772365115
active_connections 74
1772365120
active_connections 74
1772365125
active_connections 143
1772365130
active_connections 143
1772365135
active_connections 143
1772365140
active_connections 143
1772365145
active_connections 143
1772365150
active_connections 143
1772365155
active_connections 143
1772365160
active_connections 143
1772365165
active_connections 143
1772365170
active_connections 0
1772365175
active_connections 0
1772365180
active_connections 0
1772365185
active_connections 0
1772365190
active_connections 0
1772365195
active_connections 0
1772365200
active_connections 0
1772365205
active_connections 0
1772365210
active_connections 0
1772365215
active_connections 0
1772365220
active_connections 0
1772365225
active_connections 0
1772365230
active_connections 92
1772365235
active_connections 92
1772365240
active_connections 92
1772365247
active_connections 92
1772365252
active_connections 92
1772365257
active_connections 92
1772365262
active_connections 92
1772365267
active_connections 92
1772365272
active_connections 196
1772365278
active_connections 196
1772365283
active_connections 196
1772365288
active_connections 196
1772365293
active_connections 196
1772365298
active_connections 196
1772365303
active_connections 196
1772365308
active_connections 196
1772365313
active_connections 196
1772365318
active_connections 196
1772365323
active_connections 0
1772365328
active_connections 0
1772365333
active_connections 0
1772365338
active_connections 0
1772365344
active_connections 0
1772365349
active_connections 0
1772365354
active_connections 0
1772365359
active_connections 0
1772365364
active_connections 0
1772365369
active_connections 0
1772365374
active_connections 0
1772365379
active_connections 0
1772365384
active_connections 0
1772365389
active_connections 0
1772365394
active_connections 0
1772365399
active_connections 0
1772365404
active_connections 0
1772365409
active_connections 0
1772365414
active_connections 0
1772365419
active_connections 0
