1772364638
websocket-server-5f4f67c6f4-ht5l4   252m   49Mi   
websocket-server-5f4f67c6f4-xxmst   234m   47Mi   
1772364643
websocket-server-5f4f67c6f4-ht5l4   252m   49Mi   
websocket-server-5f4f67c6f4-xxmst   234m   47Mi   
1772364648
websocket-server-5f4f67c6f4-ht5l4   252m   49Mi   
websocket-server-5f4f67c6f4-xxmst   234m   47Mi   
1772364653
websocket-loadgen-xctq2             37m    65Mi   
websocket-server-5f4f67c6f4-ht5l4   402m   48Mi   
websocket-server-5f4f67c6f4-xxmst   388m   48Mi   
1772364658
websocket-loadgen-xctq2             37m    65Mi   
websocket-server-5f4f67c6f4-ht5l4   402m   48Mi   
websocket-server-5f4f67c6f4-xxmst   388m   48Mi   
1772364663
websocket-loadgen-xctq2             47m    65Mi   
websocket-server-5f4f67c6f4-bkzdq   47m    25Mi   
websocket-server-5f4f67c6f4-ht5l4   379m   51Mi   
websocket-server-5f4f67c6f4-k9vpl   51m    25Mi   
websocket-server-5f4f67c6f4-plr9q   51m    25Mi   
websocket-server-5f4f67c6f4-w6kvq   47m    25Mi   
websocket-server-5f4f67c6f4-xxmst   410m   48Mi   
1772364669
websocket-loadgen-xctq2             47m    65Mi   
websocket-server-5f4f67c6f4-bkzdq   47m    25Mi   
websocket-server-5f4f67c6f4-ht5l4   379m   51Mi   
websocket-server-5f4f67c6f4-k9vpl   51m    25Mi   
websocket-server-5f4f67c6f4-plr9q   51m    25Mi   
websocket-server-5f4f67c6f4-w6kvq   47m    25Mi   
websocket-server-5f4f67c6f4-xxmst   410m   48Mi   
1772364674
websocket-loadgen-xctq2             47m    65Mi   
websocket-server-5f4f67c6f4-bkzdq   47m    25Mi   
websocket-server-5f4f67c6f4-ht5l4   379m   51Mi   
websocket-server-5f4f67c6f4-k9vpl   51m    25Mi   
websocket-server-5f4f67c6f4-plr9q   51m    25Mi   
websocket-server-5f4f67c6f4-w6kvq   47m    25Mi   
websocket-server-5f4f67c6f4-xxmst   410m   48Mi   
1772364679
websocket-loadgen-xctq2             48m    67Mi   
websocket-server-5f4f67c6f4-bkzdq   0m     25Mi   
websocket-server-5f4f67c6f4-ht5l4   436m   49Mi   
websocket-server-5f4f67c6f4-k9vpl   0m     25Mi   
websocket-server-5f4f67c6f4-plr9q   0m     25Mi   
websocket-server-5f4f67c6f4-w6kvq   0m     25Mi   
websocket-server-5f4f67c6f4-xxmst   419m   48Mi   
1772364684
websocket-loadgen-xctq2             48m    67Mi   
websocket-server-5f4f67c6f4-bkzdq   0m     25Mi   
websocket-server-5f4f67c6f4-ht5l4   436m   49Mi   
websocket-server-5f4f67c6f4-k9vpl   0m     25Mi   
websocket-server-5f4f67c6f4-plr9q   0m     25Mi   
websocket-server-5f4f67c6f4-w6kvq   0m     25Mi   
websocket-server-5f4f67c6f4-xxmst   419m   48Mi   
1772364689
websocket-loadgen-xctq2             48m    67Mi   
websocket-server-5f4f67c6f4-bkzdq   0m     25Mi   
websocket-server-5f4f67c6f4-ht5l4   436m   49Mi   
websocket-server-5f4f67c6f4-k9vpl   0m     25Mi   
websocket-server-5f4f67c6f4-plr9q   0m     25Mi   
websocket-server-5f4f67c6f4-w6kvq   0m     25Mi   
websocket-server-5f4f67c6f4-xxmst   419m   48Mi   
1772364694
websocket-loadgen-xctq2             48m    67Mi   
websocket-server-5f4f67c6f4-2cczd   48m    25Mi   
websocket-server-5f4f67c6f4-bkzdq   0m     25Mi   
websocket-server-5f4f67c6f4-ht5l4   428m   49Mi   
websocket-server-5f4f67c6f4-k9vpl   0m     25Mi   
websocket-server-5f4f67c6f4-ljlgc   44m    25Mi   
websocket-server-5f4f67c6f4-plr9q   0m     25Mi   
websocket-server-5f4f67c6f4-w6kvq   0m     25Mi   
websocket-server-5f4f67c6f4-xxmst   411m   49Mi   
1772364699
websocket-loadgen-xctq2             48m    67Mi   
websocket-server-5f4f67c6f4-2cczd   48m    25Mi   
websocket-server-5f4f67c6f4-bkzdq   0m     25Mi   
websocket-server-5f4f67c6f4-ht5l4   428m   49Mi   
websocket-server-5f4f67c6f4-k9vpl   0m     25Mi   
websocket-server-5f4f67c6f4-ljlgc   44m    25Mi   
websocket-server-5f4f67c6f4-plr9q   0m     25Mi   
websocket-server-5f4f67c6f4-w6kvq   0m     25Mi   
websocket-server-5f4f67c6f4-xxmst   411m   49Mi   
1772364704
websocket-loadgen-xctq2             48m    67Mi   
websocket-server-5f4f67c6f4-2cczd   48m    25Mi   
websocket-server-5f4f67c6f4-bkzdq   0m     25Mi   
websocket-server-5f4f67c6f4-ht5l4   428m   49Mi   
websocket-server-5f4f67c6f4-k9vpl   0m     25Mi   
websocket-server-5f4f67c6f4-ljlgc   44m    25Mi   
websocket-server-5f4f67c6f4-plr9q   0m     25Mi   
websocket-server-5f4f67c6f4-w6kvq   0m     25Mi   
websocket-server-5f4f67c6f4-xxmst   411m   49Mi   
1772364709
websocket-loadgen-xctq2             46m    67Mi   
websocket-server-5f4f67c6f4-2cczd   0m     25Mi   
websocket-server-5f4f67c6f4-bkzdq   0m     25Mi   
websocket-server-5f4f67c6f4-ht5l4   449m   49Mi   
websocket-server-5f4f67c6f4-k9vpl   0m     25Mi   
websocket-server-5f4f67c6f4-ljlgc   40m    25Mi   
websocket-server-5f4f67c6f4-plr9q   0m     25Mi   
websocket-server-5f4f67c6f4-w6kvq   0m     25Mi   
websocket-server-5f4f67c6f4-xxmst   423m   48Mi   
1772364714
websocket-loadgen-xctq2             46m    67Mi   
websocket-server-5f4f67c6f4-2cczd   0m     25Mi   
websocket-server-5f4f67c6f4-bkzdq   0m     25Mi   
websocket-server-5f4f67c6f4-ht5l4   449m   49Mi   
websocket-server-5f4f67c6f4-k9vpl   0m     25Mi   
websocket-server-5f4f67c6f4-ljlgc   40m    25Mi   
websocket-server-5f4f67c6f4-plr9q   0m     25Mi   
websocket-server-5f4f67c6f4-w6kvq   0m     25Mi   
websocket-server-5f4f67c6f4-xxmst   423m   48Mi   
1772364720
websocket-server-5f4f67c6f4-2cczd   0m     25Mi   
websocket-server-5f4f67c6f4-bkzdq   0m     25Mi   
websocket-server-5f4f67c6f4-ht5l4   449m   49Mi   
websocket-server-5f4f67c6f4-k9vpl   0m     25Mi   
websocket-server-5f4f67c6f4-ljlgc   40m    25Mi   
websocket-server-5f4f67c6f4-plr9q   0m     25Mi   
websocket-server-5f4f67c6f4-w6kvq   0m     25Mi   
websocket-server-5f4f67c6f4-xxmst   423m   48Mi   
1772364725
websocket-server-5f4f67c6f4-2cczd   0m     25Mi   
websocket-server-5f4f67c6f4-bkzdq   0m     25Mi   
websocket-server-5f4f67c6f4-ht5l4   457m   48Mi   
websocket-server-5f4f67c6f4-k9vpl   0m     25Mi   
websocket-server-5f4f67c6f4-ljlgc   0m     25Mi   
websocket-server-5f4f67c6f4-plr9q   0m     25Mi   
websocket-server-5f4f67c6f4-w6kvq   0m     25Mi   
websocket-server-5f4f67c6f4-xxmst   436m   48Mi   
1772364730
websocket-server-5f4f67c6f4-2cczd   0m     25Mi   
websocket-server-5f4f67c6f4-bkzdq   0m     25Mi   
websocket-server-5f4f67c6f4-ht5l4   457m   48Mi   
websocket-server-5f4f67c6f4-k9vpl   0m     25Mi   
websocket-server-5f4f67c6f4-ljlgc   0m     25Mi   
websocket-server-5f4f67c6f4-plr9q   0m     25Mi   
websocket-server-5f4f67c6f4-w6kvq   0m     25Mi   
websocket-server-5f4f67c6f4-xxmst   436m   48Mi   
1772364735
websocket-server-5f4f67c6f4-2cczd   0m     25Mi   
websocket-server-5f4f67c6f4-bkzdq   0m     25Mi   
websocket-server-5f4f67c6f4-ht5l4   457m   48Mi   
websocket-server-5f4f67c6f4-k9vpl   0m     25Mi   
websocket-server-5f4f67c6f4-ljlgc   0m     25Mi   
websocket-server-5f4f67c6f4-plr9q   0m     25Mi   
websocket-server-5f4f67c6f4-w6kvq   0m     25Mi   
websocket-server-5f4f67c6f4-xxmst   436m   48Mi   
1772364740
websocket-server-5f4f67c6f4-2cczd   0m    25Mi   
websocket-server-5f4f67c6f4-bkzdq   0m    25Mi   
websocket-server-5f4f67c6f4-ht5l4   13m   48Mi   
websocket-server-5f4f67c6f4-k9vpl   0m    25Mi   
websocket-server-5f4f67c6f4-ljlgc   0m    25Mi   
websocket-server-5f4f67c6f4-plr9q   0m    25Mi   
websocket-server-5f4f67c6f4-w6kvq   0m    25Mi   
websocket-server-5f4f67c6f4-xxmst   69m   47Mi   
1772364745
websocket-server-5f4f67c6f4-2cczd   0m    25Mi   
websocket-server-5f4f67c6f4-bkzdq   0m    25Mi   
websocket-server-5f4f67c6f4-ht5l4   13m   48Mi   
websocket-server-5f4f67c6f4-k9vpl   0m    25Mi   
websocket-server-5f4f67c6f4-ljlgc   0m    25Mi   
websocket-server-5f4f67c6f4-plr9q   0m    25Mi   
websocket-server-5f4f67c6f4-w6kvq   0m    25Mi   
websocket-server-5f4f67c6f4-xxmst   69m   47Mi   
1772364750
websocket-server-5f4f67c6f4-2cczd   0m    25Mi   
websocket-server-5f4f67c6f4-bkzdq   0m    25Mi   
websocket-server-5f4f67c6f4-ht5l4   13m   48Mi   
websocket-server-5f4f67c6f4-k9vpl   0m    25Mi   
websocket-server-5f4f67c6f4-ljlgc   0m    25Mi   
websocket-server-5f4f67c6f4-plr9q   0m    25Mi   
websocket-server-5f4f67c6f4-w6kvq   0m    25Mi   
websocket-server-5f4f67c6f4-xxmst   69m   47Mi   
1772364755
websocket-server-5f4f67c6f4-2cczd   0m    25Mi   
websocket-server-5f4f67c6f4-bkzdq   0m    25Mi   
websocket-server-5f4f67c6f4-ht5l4   1m    48Mi   
websocket-server-5f4f67c6f4-k9vpl   0m    25Mi   
websocket-server-5f4f67c6f4-ljlgc   0m    25Mi   
websocket-server-5f4f67c6f4-plr9q   0m    25Mi   
websocket-server-5f4f67c6f4-w6kvq   0m    25Mi   
websocket-server-5f4f67c6f4-xxmst   0m    47Mi   
1772364760
websocket-server-5f4f67c6f4-2cczd   0m    25Mi   
websocket-server-5f4f67c6f4-bkzdq   0m    25Mi   
websocket-server-5f4f67c6f4-ht5l4   1m    48Mi   
websocket-server-5f4f67c6f4-k9vpl   0m    25Mi   
websocket-server-5f4f67c6f4-ljlgc   0m    25Mi   
websocket-server-5f4f67c6f4-plr9q   0m    25Mi   
websocket-server-5f4f67c6f4-w6kvq   0m    25Mi   
websocket-server-5f4f67c6f4-xxmst   0m    47Mi   
1772364765
websocket-server-5f4f67c6f4-2cczd   0m    25Mi   
websocket-server-5f4f67c6f4-bkzdq   0m    25Mi   
websocket-server-5f4f67c6f4-ht5l4   1m    48Mi   
websocket-server-5f4f67c6f4-k9vpl   0m    25Mi   
websocket-server-5f4f67c6f4-ljlgc   0m    25Mi   
websocket-server-5f4f67c6f4-plr9q   0m    25Mi   
websocket-server-5f4f67c6f4-w6kvq   0m    25Mi   
websocket-server-5f4f67c6f4-xxmst   0m    47Mi   
1772364771
websocket-server-5f4f67c6f4-2cczd   0m    25Mi   
websocket-server-5f4f67c6f4-bkzdq   0m    25Mi   
websocket-server-5f4f67c6f4-ht5l4   1m    48Mi   
websocket-server-5f4f67c6f4-k9vpl   0m    25Mi   
websocket-server-5f4f67c6f4-ljlgc   0m    25Mi   
websocket-server-5f4f67c6f4-plr9q   0m    25Mi   
websocket-server-5f4f67c6f4-w6kvq   0m    25Mi   
websocket-server-5f4f67c6f4-xxmst   0m    47Mi   
1772364776
websocket-server-5f4f67c6f4-2cczd   0m    25Mi   
websocket-server-5f4f67c6f4-bkzdq   0m    25Mi   
websocket-server-5f4f67c6f4-ht5l4   1m    48Mi   
websocket-server-5f4f67c6f4-k9vpl   0m    25Mi   
websocket-server-5f4f67c6f4-ljlgc   0m    25Mi   
websocket-server-5f4f67c6f4-plr9q   0m    25Mi   
websocket-server-5f4f67c6f4-w6kvq   0m    25Mi   
websocket-server-5f4f67c6f4-xxmst   0m    47Mi   
1772364781
websocket-server-5f4f67c6f4-2cczd   0m    25Mi   
websocket-server-5f4f67c6f4-bkzdq   0m    25Mi   
websocket-server-5f4f67c6f4-ht5l4   1m    48Mi   
websocket-server-5f4f67c6f4-k9vpl   0m    25Mi   
websocket-server-5f4f67c6f4-ljlgc   0m    25Mi   
websocket-server-5f4f67c6f4-plr9q   0m    25Mi   
websocket-server-5f4f67c6f4-w6kvq   0m    25Mi   
websocket-server-5f4f67c6f4-xxmst   0m    47Mi   
1772364786
websocket-server-5f4f67c6f4-2cczd   5m    29Mi   
websocket-server-5f4f67c6f4-bkzdq   0m    25Mi   
websocket-server-5f4f67c6f4-ht5l4   25m   52Mi   
websocket-server-5f4f67c6f4-k9vpl   0m    25Mi   
websocket-server-5f4f67c6f4-ljlgc   0m    25Mi   
websocket-server-5f4f67c6f4-plr9q   0m    25Mi   
websocket-server-5f4f67c6f4-w6kvq   26m   31Mi   
websocket-server-5f4f67c6f4-xxmst   0m    47Mi   
1772364791
websocket-server-5f4f67c6f4-2cczd   5m    29Mi   
websocket-server-5f4f67c6f4-bkzdq   0m    25Mi   
websocket-server-5f4f67c6f4-ht5l4   25m   52Mi   
websocket-server-5f4f67c6f4-k9vpl   0m    25Mi   
websocket-server-5f4f67c6f4-ljlgc   0m    25Mi   
websocket-server-5f4f67c6f4-plr9q   0m    25Mi   
websocket-server-5f4f67c6f4-w6kvq   26m   31Mi   
websocket-server-5f4f67c6f4-xxmst   0m    47Mi   
1772364796
websocket-server-5f4f67c6f4-2cczd   5m    29Mi   
websocket-server-5f4f67c6f4-bkzdq   0m    25Mi   
websocket-server-5f4f67c6f4-ht5l4   25m   52Mi   
websocket-server-5f4f67c6f4-k9vpl   0m    25Mi   
websocket-server-5f4f67c6f4-ljlgc   0m    25Mi   
websocket-server-5f4f67c6f4-plr9q   0m    25Mi   
websocket-server-5f4f67c6f4-w6kvq   26m   31Mi   
websocket-server-5f4f67c6f4-xxmst   0m    47Mi   
1772364801
websocket-loadgen-cfksn             128m   65Mi   
websocket-server-5f4f67c6f4-2cczd   139m   32Mi   
websocket-server-5f4f67c6f4-bkzdq   74m    32Mi   
websocket-server-5f4f67c6f4-ht5l4   109m   52Mi   
websocket-server-5f4f67c6f4-k9vpl   153m   32Mi   
websocket-server-5f4f67c6f4-ljlgc   115m   31Mi   
websocket-server-5f4f67c6f4-plr9q   0m     25Mi   
websocket-server-5f4f67c6f4-w6kvq   133m   31Mi   
websocket-server-5f4f67c6f4-xxmst   115m   51Mi   
1772364806
websocket-loadgen-cfksn             128m   65Mi   
websocket-server-5f4f67c6f4-2cczd   139m   32Mi   
websocket-server-5f4f67c6f4-bkzdq   74m    32Mi   
websocket-server-5f4f67c6f4-ht5l4   109m   52Mi   
websocket-server-5f4f67c6f4-k9vpl   153m   32Mi   
websocket-server-5f4f67c6f4-ljlgc   115m   31Mi   
websocket-server-5f4f67c6f4-plr9q   0m     25Mi   
websocket-server-5f4f67c6f4-w6kvq   133m   31Mi   
websocket-server-5f4f67c6f4-xxmst   115m   51Mi   
1772364811
websocket-loadgen-cfksn             128m   65Mi   
websocket-server-5f4f67c6f4-2cczd   139m   32Mi   
websocket-server-5f4f67c6f4-bkzdq   74m    32Mi   
websocket-server-5f4f67c6f4-ht5l4   109m   52Mi   
websocket-server-5f4f67c6f4-k9vpl   153m   32Mi   
websocket-server-5f4f67c6f4-ljlgc   115m   31Mi   
websocket-server-5f4f67c6f4-plr9q   0m     25Mi   
websocket-server-5f4f67c6f4-w6kvq   133m   31Mi   
websocket-server-5f4f67c6f4-xxmst   115m   51Mi   
1772364816
websocket-loadgen-cfksn             42m    65Mi   
websocket-server-5f4f67c6f4-2cczd   157m   31Mi   
websocket-server-5f4f67c6f4-bkzdq   126m   32Mi   
websocket-server-5f4f67c6f4-ht5l4   130m   52Mi   
websocket-server-5f4f67c6f4-k9vpl   149m   32Mi   
websocket-server-5f4f67c6f4-ljlgc   130m   31Mi   
websocket-server-5f4f67c6f4-plr9q   119m   32Mi   
websocket-server-5f4f67c6f4-w6kvq   122m   31Mi   
websocket-server-5f4f67c6f4-xxmst   115m   51Mi   
1772364821
websocket-loadgen-cfksn             42m    65Mi   
websocket-server-5f4f67c6f4-ht5l4   130m   52Mi   
websocket-server-5f4f67c6f4-xxmst   115m   51Mi   
1772364827
websocket-loadgen-cfksn             42m    65Mi   
websocket-server-5f4f67c6f4-ht5l4   130m   52Mi   
websocket-server-5f4f67c6f4-xxmst   115m   51Mi   
1772364832
websocket-loadgen-cfksn             91m    98Mi   
websocket-server-5f4f67c6f4-ht5l4   130m   52Mi   
websocket-server-5f4f67c6f4-xxmst   127m   51Mi   
1772364837
websocket-loadgen-cfksn             91m    98Mi   
websocket-server-5f4f67c6f4-ht5l4   130m   52Mi   
websocket-server-5f4f67c6f4-xxmst   127m   51Mi   
1772364842
websocket-loadgen-cfksn             91m    98Mi   
websocket-server-5f4f67c6f4-ht5l4   130m   52Mi   
websocket-server-5f4f67c6f4-xxmst   127m   51Mi   
1772364847
websocket-loadgen-cfksn             33m    98Mi   
websocket-server-5f4f67c6f4-ht5l4   343m   70Mi   
websocket-server-5f4f67c6f4-xxmst   357m   68Mi   
1772364852
websocket-loadgen-cfksn             33m    98Mi   
websocket-server-5f4f67c6f4-ht5l4   343m   70Mi   
websocket-server-5f4f67c6f4-xxmst   357m   68Mi   
1772364857
websocket-loadgen-cfksn             33m    98Mi   
websocket-server-5f4f67c6f4-ht5l4   343m   70Mi   
websocket-server-5f4f67c6f4-xxmst   357m   68Mi   
1772364862
websocket-loadgen-cfksn             43m    99Mi   
websocket-server-5f4f67c6f4-ht5l4   468m   70Mi   
websocket-server-5f4f67c6f4-mwptc   50m    25Mi   
websocket-server-5f4f67c6f4-nzqx6   50m    25Mi   
websocket-server-5f4f67c6f4-qzmdm   51m    25Mi   
websocket-server-5f4f67c6f4-vrdfv   51m    25Mi   
websocket-server-5f4f67c6f4-xxmst   445m   68Mi   
1772364867
websocket-loadgen-cfksn             43m    99Mi   
websocket-server-5f4f67c6f4-ht5l4   468m   70Mi   
websocket-server-5f4f67c6f4-mwptc   50m    25Mi   
websocket-server-5f4f67c6f4-nzqx6   50m    25Mi   
websocket-server-5f4f67c6f4-qzmdm   51m    25Mi   
websocket-server-5f4f67c6f4-vrdfv   51m    25Mi   
websocket-server-5f4f67c6f4-xxmst   445m   68Mi   
1772364872
websocket-server-5f4f67c6f4-ht5l4   468m   70Mi   
websocket-server-5f4f67c6f4-mwptc   50m    25Mi   
websocket-server-5f4f67c6f4-nzqx6   50m    25Mi   
websocket-server-5f4f67c6f4-qzmdm   51m    25Mi   
websocket-server-5f4f67c6f4-vrdfv   51m    25Mi   
websocket-server-5f4f67c6f4-xxmst   445m   68Mi   
1772364877
websocket-server-5f4f67c6f4-gk8lk   45m    25Mi   
websocket-server-5f4f67c6f4-ht5l4   460m   70Mi   
websocket-server-5f4f67c6f4-mwptc   0m     25Mi   
websocket-server-5f4f67c6f4-nzqx6   0m     25Mi   
websocket-server-5f4f67c6f4-qzmdm   0m     25Mi   
websocket-server-5f4f67c6f4-vrdfv   38m    25Mi   
websocket-server-5f4f67c6f4-wfwm8   45m    25Mi   
websocket-server-5f4f67c6f4-xxmst   432m   68Mi   
1772364883
websocket-server-5f4f67c6f4-gk8lk   45m    25Mi   
websocket-server-5f4f67c6f4-ht5l4   460m   70Mi   
websocket-server-5f4f67c6f4-mwptc   0m     25Mi   
websocket-server-5f4f67c6f4-nzqx6   0m     25Mi   
websocket-server-5f4f67c6f4-qzmdm   0m     25Mi   
websocket-server-5f4f67c6f4-vrdfv   38m    25Mi   
websocket-server-5f4f67c6f4-wfwm8   45m    25Mi   
websocket-server-5f4f67c6f4-xxmst   432m   68Mi   
1772364888
websocket-server-5f4f67c6f4-gk8lk   45m    25Mi   
websocket-server-5f4f67c6f4-ht5l4   460m   70Mi   
websocket-server-5f4f67c6f4-mwptc   0m     25Mi   
websocket-server-5f4f67c6f4-nzqx6   0m     25Mi   
websocket-server-5f4f67c6f4-qzmdm   0m     25Mi   
websocket-server-5f4f67c6f4-vrdfv   38m    25Mi   
websocket-server-5f4f67c6f4-wfwm8   45m    25Mi   
websocket-server-5f4f67c6f4-xxmst   432m   68Mi   
1772364893
websocket-server-5f4f67c6f4-gk8lk   43m    25Mi   
websocket-server-5f4f67c6f4-ht5l4   131m   70Mi   
websocket-server-5f4f67c6f4-mwptc   0m     25Mi   
websocket-server-5f4f67c6f4-nzqx6   0m     25Mi   
websocket-server-5f4f67c6f4-qzmdm   0m     25Mi   
websocket-server-5f4f67c6f4-vrdfv   0m     25Mi   
websocket-server-5f4f67c6f4-wfwm8   0m     25Mi   
websocket-server-5f4f67c6f4-xxmst   98m    68Mi   
1772364898
websocket-server-5f4f67c6f4-gk8lk   43m    25Mi   
websocket-server-5f4f67c6f4-ht5l4   131m   70Mi   
websocket-server-5f4f67c6f4-mwptc   0m     25Mi   
websocket-server-5f4f67c6f4-nzqx6   0m     25Mi   
websocket-server-5f4f67c6f4-qzmdm   0m     25Mi   
websocket-server-5f4f67c6f4-vrdfv   0m     25Mi   
websocket-server-5f4f67c6f4-wfwm8   0m     25Mi   
websocket-server-5f4f67c6f4-xxmst   98m    68Mi   
1772364903
websocket-server-5f4f67c6f4-gk8lk   43m    25Mi   
websocket-server-5f4f67c6f4-ht5l4   131m   70Mi   
websocket-server-5f4f67c6f4-mwptc   0m     25Mi   
websocket-server-5f4f67c6f4-nzqx6   0m     25Mi   
websocket-server-5f4f67c6f4-qzmdm   0m     25Mi   
websocket-server-5f4f67c6f4-vrdfv   0m     25Mi   
websocket-server-5f4f67c6f4-wfwm8   0m     25Mi   
websocket-server-5f4f67c6f4-xxmst   98m    68Mi   
1772364908
websocket-server-5f4f67c6f4-gk8lk   0m    25Mi   
websocket-server-5f4f67c6f4-ht5l4   1m    70Mi   
websocket-server-5f4f67c6f4-mwptc   0m    25Mi   
websocket-server-5f4f67c6f4-nzqx6   0m    25Mi   
websocket-server-5f4f67c6f4-qzmdm   0m    25Mi   
websocket-server-5f4f67c6f4-vrdfv   0m    25Mi   
websocket-server-5f4f67c6f4-wfwm8   0m    25Mi   
websocket-server-5f4f67c6f4-xxmst   0m    68Mi   
1772364913
websocket-server-5f4f67c6f4-gk8lk   0m    25Mi   
websocket-server-5f4f67c6f4-ht5l4   1m    70Mi   
websocket-server-5f4f67c6f4-mwptc   0m    25Mi   
websocket-server-5f4f67c6f4-nzqx6   0m    25Mi   
websocket-server-5f4f67c6f4-qzmdm   0m    25Mi   
websocket-server-5f4f67c6f4-vrdfv   0m    25Mi   
websocket-server-5f4f67c6f4-wfwm8   0m    25Mi   
websocket-server-5f4f67c6f4-xxmst   0m    68Mi   
1772364918
websocket-server-5f4f67c6f4-gk8lk   0m    25Mi   
websocket-server-5f4f67c6f4-ht5l4   1m    70Mi   
websocket-server-5f4f67c6f4-mwptc   0m    25Mi   
websocket-server-5f4f67c6f4-nzqx6   0m    25Mi   
websocket-server-5f4f67c6f4-qzmdm   0m    25Mi   
websocket-server-5f4f67c6f4-vrdfv   0m    25Mi   
websocket-server-5f4f67c6f4-wfwm8   0m    25Mi   
websocket-server-5f4f67c6f4-xxmst   0m    68Mi   
1772364923
websocket-server-5f4f67c6f4-gk8lk   0m    25Mi   
websocket-server-5f4f67c6f4-ht5l4   1m    70Mi   
websocket-server-5f4f67c6f4-mwptc   0m    25Mi   
websocket-server-5f4f67c6f4-nzqx6   0m    25Mi   
websocket-server-5f4f67c6f4-qzmdm   0m    25Mi   
websocket-server-5f4f67c6f4-vrdfv   0m    25Mi   
websocket-server-5f4f67c6f4-wfwm8   0m    25Mi   
websocket-server-5f4f67c6f4-xxmst   0m    68Mi   
1772364928
websocket-server-5f4f67c6f4-gk8lk   0m    25Mi   
websocket-server-5f4f67c6f4-ht5l4   1m    70Mi   
websocket-server-5f4f67c6f4-mwptc   0m    25Mi   
websocket-server-5f4f67c6f4-nzqx6   0m    25Mi   
websocket-server-5f4f67c6f4-qzmdm   0m    25Mi   
websocket-server-5f4f67c6f4-vrdfv   0m    25Mi   
websocket-server-5f4f67c6f4-wfwm8   0m    25Mi   
websocket-server-5f4f67c6f4-xxmst   0m    68Mi   
1772364934
websocket-server-5f4f67c6f4-gk8lk   0m    25Mi   
websocket-server-5f4f67c6f4-ht5l4   1m    70Mi   
websocket-server-5f4f67c6f4-mwptc   32m   31Mi   
websocket-server-5f4f67c6f4-nzqx6   0m    25Mi   
websocket-server-5f4f67c6f4-qzmdm   0m    25Mi   
websocket-server-5f4f67c6f4-vrdfv   0m    25Mi   
websocket-server-5f4f67c6f4-wfwm8   0m    25Mi   
websocket-server-5f4f67c6f4-xxmst   0m    68Mi   
1772364939
websocket-server-5f4f67c6f4-gk8lk   0m    25Mi   
websocket-server-5f4f67c6f4-ht5l4   1m    70Mi   
websocket-server-5f4f67c6f4-mwptc   32m   31Mi   
websocket-server-5f4f67c6f4-nzqx6   0m    25Mi   
websocket-server-5f4f67c6f4-qzmdm   0m    25Mi   
websocket-server-5f4f67c6f4-vrdfv   0m    25Mi   
websocket-server-5f4f67c6f4-wfwm8   0m    25Mi   
websocket-server-5f4f67c6f4-xxmst   0m    68Mi   
1772364944
websocket-server-5f4f67c6f4-gk8lk   0m    25Mi   
websocket-server-5f4f67c6f4-ht5l4   1m    70Mi   
websocket-server-5f4f67c6f4-mwptc   32m   31Mi   
websocket-server-5f4f67c6f4-nzqx6   0m    25Mi   
websocket-server-5f4f67c6f4-qzmdm   0m    25Mi   
websocket-server-5f4f67c6f4-vrdfv   0m    25Mi   
websocket-server-5f4f67c6f4-wfwm8   0m    25Mi   
websocket-server-5f4f67c6f4-xxmst   0m    68Mi   
1772364949
websocket-loadgen-dg79p             141m   66Mi   
websocket-server-5f4f67c6f4-gk8lk   54m    32Mi   
websocket-server-5f4f67c6f4-ht5l4   114m   75Mi   
websocket-server-5f4f67c6f4-mwptc   32m    31Mi   
websocket-server-5f4f67c6f4-nzqx6   96m    31Mi   
websocket-server-5f4f67c6f4-qzmdm   76m    31Mi   
websocket-server-5f4f67c6f4-vrdfv   101m   31Mi   
websocket-server-5f4f67c6f4-wfwm8   169m   31Mi   
websocket-server-5f4f67c6f4-xxmst   75m    73Mi   
1772364954
websocket-loadgen-dg79p             141m   66Mi   
websocket-server-5f4f67c6f4-gk8lk   54m    32Mi   
websocket-server-5f4f67c6f4-ht5l4   114m   75Mi   
websocket-server-5f4f67c6f4-mwptc   32m    31Mi   
websocket-server-5f4f67c6f4-nzqx6   96m    31Mi   
websocket-server-5f4f67c6f4-qzmdm   76m    31Mi   
websocket-server-5f4f67c6f4-vrdfv   101m   31Mi   
websocket-server-5f4f67c6f4-wfwm8   169m   31Mi   
websocket-server-5f4f67c6f4-xxmst   75m    73Mi   
1772364959
websocket-loadgen-dg79p             141m   66Mi   
websocket-server-5f4f67c6f4-gk8lk   54m    32Mi   
websocket-server-5f4f67c6f4-ht5l4   114m   75Mi   
websocket-server-5f4f67c6f4-mwptc   32m    31Mi   
websocket-server-5f4f67c6f4-nzqx6   96m    31Mi   
websocket-server-5f4f67c6f4-qzmdm   76m    31Mi   
websocket-server-5f4f67c6f4-vrdfv   101m   31Mi   
websocket-server-5f4f67c6f4-wfwm8   169m   31Mi   
websocket-server-5f4f67c6f4-xxmst   75m    73Mi   
1772364964
websocket-loadgen-dg79p             44m    67Mi   
websocket-server-5f4f67c6f4-gk8lk   158m   32Mi   
websocket-server-5f4f67c6f4-ht5l4   127m   75Mi   
websocket-server-5f4f67c6f4-mwptc   138m   31Mi   
websocket-server-5f4f67c6f4-nzqx6   148m   31Mi   
websocket-server-5f4f67c6f4-qzmdm   114m   31Mi   
websocket-server-5f4f67c6f4-vrdfv   169m   32Mi   
websocket-server-5f4f67c6f4-wfwm8   134m   31Mi   
websocket-server-5f4f67c6f4-xxmst   169m   73Mi   
1772364969
websocket-loadgen-dg79p             44m    67Mi   
websocket-server-5f4f67c6f4-ht5l4   127m   75Mi   
websocket-server-5f4f67c6f4-xxmst   169m   73Mi   
1772364974
websocket-loadgen-dg79p             44m    67Mi   
websocket-server-5f4f67c6f4-ht5l4   127m   75Mi   
websocket-server-5f4f67c6f4-xxmst   169m   73Mi   
1772364979
websocket-loadgen-dg79p             111m   94Mi   
websocket-server-5f4f67c6f4-ht5l4   215m   81Mi   
websocket-server-5f4f67c6f4-lc4vx   329m   37Mi   
websocket-server-5f4f67c6f4-xxmst   134m   73Mi   
1772364985
websocket-loadgen-dg79p             111m   94Mi   
websocket-server-5f4f67c6f4-ht5l4   215m   81Mi   
websocket-server-5f4f67c6f4-lc4vx   329m   37Mi   
websocket-server-5f4f67c6f4-xxmst   134m   73Mi   
1772364990
websocket-loadgen-dg79p             111m   94Mi   
websocket-server-5f4f67c6f4-ht5l4   215m   81Mi   
websocket-server-5f4f67c6f4-lc4vx   329m   37Mi   
websocket-server-5f4f67c6f4-xxmst   134m   73Mi   
1772364995
websocket-loadgen-dg79p             50m    95Mi   
websocket-server-5f4f67c6f4-ht5l4   380m   83Mi   
websocket-server-5f4f67c6f4-lc4vx   291m   37Mi   
websocket-server-5f4f67c6f4-xxmst   337m   83Mi   
1772365000
websocket-loadgen-dg79p             50m    95Mi   
websocket-server-5f4f67c6f4-ht5l4   380m   83Mi   
websocket-server-5f4f67c6f4-lc4vx   291m   37Mi   
websocket-server-5f4f67c6f4-xxmst   337m   83Mi   
1772365005
websocket-loadgen-dg79p             50m    95Mi   
websocket-server-5f4f67c6f4-ht5l4   380m   83Mi   
websocket-server-5f4f67c6f4-lc4vx   291m   37Mi   
websocket-server-5f4f67c6f4-xxmst   337m   83Mi   
1772365010
websocket-loadgen-dg79p             50m    95Mi   
websocket-server-5f4f67c6f4-4zkgk   58m    25Mi   
websocket-server-5f4f67c6f4-ht5l4   431m   83Mi   
websocket-server-5f4f67c6f4-lc4vx   318m   37Mi   
websocket-server-5f4f67c6f4-p8zl8   52m    25Mi   
websocket-server-5f4f67c6f4-xhg2s   55m    25Mi   
websocket-server-5f4f67c6f4-xxmst   451m   83Mi   
1772365015
websocket-loadgen-dg79p             50m    95Mi   
websocket-server-5f4f67c6f4-4zkgk   58m    25Mi   
websocket-server-5f4f67c6f4-ht5l4   431m   83Mi   
websocket-server-5f4f67c6f4-lc4vx   318m   37Mi   
websocket-server-5f4f67c6f4-p8zl8   52m    25Mi   
websocket-server-5f4f67c6f4-xhg2s   55m    25Mi   
websocket-server-5f4f67c6f4-xxmst   451m   83Mi   
1772365020
websocket-server-5f4f67c6f4-4zkgk   58m    25Mi   
websocket-server-5f4f67c6f4-ht5l4   431m   83Mi   
websocket-server-5f4f67c6f4-lc4vx   318m   37Mi   
websocket-server-5f4f67c6f4-p8zl8   52m    25Mi   
websocket-server-5f4f67c6f4-xhg2s   55m    25Mi   
websocket-server-5f4f67c6f4-xxmst   451m   83Mi   
1772365026
websocket-server-5f4f67c6f4-4zkgk   0m     25Mi   
websocket-server-5f4f67c6f4-6phcm   57m    25Mi   
websocket-server-5f4f67c6f4-7z4xm   58m    25Mi   
websocket-server-5f4f67c6f4-ht5l4   390m   83Mi   
websocket-server-5f4f67c6f4-lc4vx   261m   36Mi   
websocket-server-5f4f67c6f4-ljc2p   59m    25Mi   
websocket-server-5f4f67c6f4-p8zl8   0m     25Mi   
websocket-server-5f4f67c6f4-t8cdd   59m    25Mi   
websocket-server-5f4f67c6f4-xhg2s   0m     25Mi   
websocket-server-5f4f67c6f4-xxmst   371m   83Mi   
1772365031
websocket-server-5f4f67c6f4-4zkgk   0m     25Mi   
websocket-server-5f4f67c6f4-6phcm   57m    25Mi   
websocket-server-5f4f67c6f4-7z4xm   58m    25Mi   
websocket-server-5f4f67c6f4-ht5l4   390m   83Mi   
websocket-server-5f4f67c6f4-lc4vx   261m   36Mi   
websocket-server-5f4f67c6f4-ljc2p   59m    25Mi   
websocket-server-5f4f67c6f4-p8zl8   0m     25Mi   
websocket-server-5f4f67c6f4-t8cdd   59m    25Mi   
websocket-server-5f4f67c6f4-xhg2s   0m     25Mi   
websocket-server-5f4f67c6f4-xxmst   371m   83Mi   
1772365036
websocket-server-5f4f67c6f4-4zkgk   0m     25Mi   
websocket-server-5f4f67c6f4-6phcm   57m    25Mi   
websocket-server-5f4f67c6f4-7z4xm   58m    25Mi   
websocket-server-5f4f67c6f4-ht5l4   390m   83Mi   
websocket-server-5f4f67c6f4-lc4vx   261m   36Mi   
websocket-server-5f4f67c6f4-ljc2p   59m    25Mi   
websocket-server-5f4f67c6f4-p8zl8   0m     25Mi   
websocket-server-5f4f67c6f4-t8cdd   59m    25Mi   
websocket-server-5f4f67c6f4-xhg2s   0m     25Mi   
websocket-server-5f4f67c6f4-xxmst   371m   83Mi   
1772365041
websocket-server-5f4f67c6f4-4zkgk   0m     25Mi   
websocket-server-5f4f67c6f4-6phcm   0m     25Mi   
websocket-server-5f4f67c6f4-7z4xm   0m     25Mi   
websocket-server-5f4f67c6f4-ht5l4   150m   83Mi   
websocket-server-5f4f67c6f4-lc4vx   0m     36Mi   
websocket-server-5f4f67c6f4-ljc2p   0m     25Mi   
websocket-server-5f4f67c6f4-p8zl8   0m     25Mi   
websocket-server-5f4f67c6f4-t8cdd   54m    25Mi   
websocket-server-5f4f67c6f4-xhg2s   0m     25Mi   
websocket-server-5f4f67c6f4-xxmst   371m   83Mi   
1772365046
websocket-server-5f4f67c6f4-4zkgk   0m     25Mi   
websocket-server-5f4f67c6f4-6phcm   0m     25Mi   
websocket-server-5f4f67c6f4-7z4xm   0m     25Mi   
websocket-server-5f4f67c6f4-ht5l4   150m   83Mi   
websocket-server-5f4f67c6f4-lc4vx   0m     36Mi   
websocket-server-5f4f67c6f4-ljc2p   0m     25Mi   
websocket-server-5f4f67c6f4-p8zl8   0m     25Mi   
websocket-server-5f4f67c6f4-t8cdd   54m    25Mi   
websocket-server-5f4f67c6f4-xhg2s   0m     25Mi   
websocket-server-5f4f67c6f4-xxmst   371m   83Mi   
1772365051
websocket-server-5f4f67c6f4-4zkgk   0m     25Mi   
websocket-server-5f4f67c6f4-6phcm   0m     25Mi   
websocket-server-5f4f67c6f4-7z4xm   0m     25Mi   
websocket-server-5f4f67c6f4-ht5l4   150m   83Mi   
websocket-server-5f4f67c6f4-lc4vx   0m     36Mi   
websocket-server-5f4f67c6f4-ljc2p   0m     25Mi   
websocket-server-5f4f67c6f4-p8zl8   0m     25Mi   
websocket-server-5f4f67c6f4-t8cdd   54m    25Mi   
websocket-server-5f4f67c6f4-xhg2s   0m     25Mi   
websocket-server-5f4f67c6f4-xxmst   371m   83Mi   
1772365056
websocket-server-5f4f67c6f4-4zkgk   0m    25Mi   
websocket-server-5f4f67c6f4-6phcm   0m    25Mi   
websocket-server-5f4f67c6f4-7z4xm   0m    25Mi   
websocket-server-5f4f67c6f4-ht5l4   1m    83Mi   
websocket-server-5f4f67c6f4-lc4vx   0m    36Mi   
websocket-server-5f4f67c6f4-ljc2p   0m    25Mi   
websocket-server-5f4f67c6f4-p8zl8   0m    25Mi   
websocket-server-5f4f67c6f4-t8cdd   0m    25Mi   
websocket-server-5f4f67c6f4-xhg2s   0m    25Mi   
websocket-server-5f4f67c6f4-xxmst   0m    83Mi   
1772365061
websocket-server-5f4f67c6f4-4zkgk   0m    25Mi   
websocket-server-5f4f67c6f4-6phcm   0m    25Mi   
websocket-server-5f4f67c6f4-7z4xm   0m    25Mi   
websocket-server-5f4f67c6f4-ht5l4   1m    83Mi   
websocket-server-5f4f67c6f4-lc4vx   0m    36Mi   
websocket-server-5f4f67c6f4-ljc2p   0m    25Mi   
websocket-server-5f4f67c6f4-p8zl8   0m    25Mi   
websocket-server-5f4f67c6f4-t8cdd   0m    25Mi   
websocket-server-5f4f67c6f4-xhg2s   0m    25Mi   
websocket-server-5f4f67c6f4-xxmst   0m    83Mi   
1772365066
websocket-server-5f4f67c6f4-4zkgk   0m    25Mi   
websocket-server-5f4f67c6f4-6phcm   0m    25Mi   
websocket-server-5f4f67c6f4-7z4xm   0m    25Mi   
websocket-server-5f4f67c6f4-ht5l4   1m    83Mi   
websocket-server-5f4f67c6f4-lc4vx   0m    36Mi   
websocket-server-5f4f67c6f4-ljc2p   0m    25Mi   
websocket-server-5f4f67c6f4-p8zl8   0m    25Mi   
websocket-server-5f4f67c6f4-t8cdd   0m    25Mi   
websocket-server-5f4f67c6f4-xhg2s   0m    25Mi   
websocket-server-5f4f67c6f4-xxmst   0m    83Mi   
1772365071
websocket-server-5f4f67c6f4-4zkgk   0m    25Mi   
websocket-server-5f4f67c6f4-6phcm   0m    25Mi   
websocket-server-5f4f67c6f4-7z4xm   0m    25Mi   
websocket-server-5f4f67c6f4-ht5l4   1m    83Mi   
websocket-server-5f4f67c6f4-lc4vx   0m    36Mi   
websocket-server-5f4f67c6f4-ljc2p   0m    25Mi   
websocket-server-5f4f67c6f4-p8zl8   0m    25Mi   
websocket-server-5f4f67c6f4-t8cdd   0m    25Mi   
websocket-server-5f4f67c6f4-xhg2s   0m    25Mi   
websocket-server-5f4f67c6f4-xxmst   0m    83Mi   
1772365077
websocket-server-5f4f67c6f4-4zkgk   0m    25Mi   
websocket-server-5f4f67c6f4-6phcm   0m    25Mi   
websocket-server-5f4f67c6f4-7z4xm   0m    25Mi   
websocket-server-5f4f67c6f4-ht5l4   1m    83Mi   
websocket-server-5f4f67c6f4-lc4vx   0m    36Mi   
websocket-server-5f4f67c6f4-ljc2p   0m    25Mi   
websocket-server-5f4f67c6f4-p8zl8   0m    25Mi   
websocket-server-5f4f67c6f4-t8cdd   0m    25Mi   
websocket-server-5f4f67c6f4-xhg2s   0m    25Mi   
websocket-server-5f4f67c6f4-xxmst   0m    83Mi   
1772365082
websocket-server-5f4f67c6f4-4zkgk   0m    25Mi   
websocket-server-5f4f67c6f4-6phcm   0m    25Mi   
websocket-server-5f4f67c6f4-7z4xm   0m    25Mi   
websocket-server-5f4f67c6f4-ht5l4   1m    83Mi   
websocket-server-5f4f67c6f4-lc4vx   0m    36Mi   
websocket-server-5f4f67c6f4-ljc2p   0m    25Mi   
websocket-server-5f4f67c6f4-p8zl8   0m    25Mi   
websocket-server-5f4f67c6f4-t8cdd   0m    25Mi   
websocket-server-5f4f67c6f4-xhg2s   0m    25Mi   
websocket-server-5f4f67c6f4-xxmst   0m    83Mi   
1772365087
websocket-server-5f4f67c6f4-4zkgk   0m    25Mi   
websocket-server-5f4f67c6f4-6phcm   0m    25Mi   
websocket-server-5f4f67c6f4-7z4xm   0m    25Mi   
websocket-server-5f4f67c6f4-ht5l4   11m   85Mi   
websocket-server-5f4f67c6f4-lc4vx   0m    36Mi   
websocket-server-5f4f67c6f4-ljc2p   0m    25Mi   
websocket-server-5f4f67c6f4-p8zl8   0m    25Mi   
websocket-server-5f4f67c6f4-t8cdd   0m    25Mi   
websocket-server-5f4f67c6f4-xhg2s   0m    25Mi   
websocket-server-5f4f67c6f4-xxmst   0m    83Mi   
1772365092
websocket-server-5f4f67c6f4-4zkgk   0m    25Mi   
websocket-server-5f4f67c6f4-6phcm   0m    25Mi   
websocket-server-5f4f67c6f4-7z4xm   0m    25Mi   
websocket-server-5f4f67c6f4-ht5l4   11m   85Mi   
websocket-server-5f4f67c6f4-lc4vx   0m    36Mi   
websocket-server-5f4f67c6f4-ljc2p   0m    25Mi   
websocket-server-5f4f67c6f4-p8zl8   0m    25Mi   
websocket-server-5f4f67c6f4-t8cdd   0m    25Mi   
websocket-server-5f4f67c6f4-xhg2s   0m    25Mi   
websocket-server-5f4f67c6f4-xxmst   0m    83Mi   
1772365097
websocket-server-5f4f67c6f4-4zkgk   0m    25Mi   
websocket-server-5f4f67c6f4-6phcm   0m    25Mi   
websocket-server-5f4f67c6f4-7z4xm   0m    25Mi   
websocket-server-5f4f67c6f4-ht5l4   11m   85Mi   
websocket-server-5f4f67c6f4-lc4vx   0m    36Mi   
websocket-server-5f4f67c6f4-ljc2p   0m    25Mi   
websocket-server-5f4f67c6f4-p8zl8   0m    25Mi   
websocket-server-5f4f67c6f4-t8cdd   0m    25Mi   
websocket-server-5f4f67c6f4-xhg2s   0m    25Mi   
websocket-server-5f4f67c6f4-xxmst   0m    83Mi   
1772365102
websocket-loadgen-tm95j             36m    65Mi   
websocket-server-5f4f67c6f4-4zkgk   103m   31Mi   
websocket-server-5f4f67c6f4-6phcm   107m   31Mi   
websocket-server-5f4f67c6f4-7z4xm   122m   29Mi   
websocket-server-5f4f67c6f4-ht5l4   143m   85Mi   
websocket-server-5f4f67c6f4-lc4vx   120m   39Mi   
websocket-server-5f4f67c6f4-ljc2p   114m   30Mi   
websocket-server-5f4f67c6f4-p8zl8   123m   31Mi   
websocket-server-5f4f67c6f4-t8cdd   91m    32Mi   
websocket-server-5f4f67c6f4-xhg2s   66m    29Mi   
websocket-server-5f4f67c6f4-xxmst   84m    87Mi   
1772365107
websocket-loadgen-tm95j             36m    65Mi   
websocket-server-5f4f67c6f4-4zkgk   103m   31Mi   
websocket-server-5f4f67c6f4-6phcm   107m   31Mi   
websocket-server-5f4f67c6f4-7z4xm   122m   29Mi   
websocket-server-5f4f67c6f4-ht5l4   143m   85Mi   
websocket-server-5f4f67c6f4-lc4vx   120m   39Mi   
websocket-server-5f4f67c6f4-ljc2p   114m   30Mi   
websocket-server-5f4f67c6f4-p8zl8   123m   31Mi   
websocket-server-5f4f67c6f4-t8cdd   91m    32Mi   
websocket-server-5f4f67c6f4-xhg2s   66m    29Mi   
websocket-server-5f4f67c6f4-xxmst   84m    87Mi   
1772365112
websocket-loadgen-tm95j             36m    65Mi   
websocket-server-5f4f67c6f4-4zkgk   103m   31Mi   
websocket-server-5f4f67c6f4-6phcm   107m   31Mi   
websocket-server-5f4f67c6f4-7z4xm   122m   29Mi   
websocket-server-5f4f67c6f4-ht5l4   143m   85Mi   
websocket-server-5f4f67c6f4-lc4vx   120m   39Mi   
websocket-server-5f4f67c6f4-ljc2p   114m   30Mi   
websocket-server-5f4f67c6f4-p8zl8   123m   31Mi   
websocket-server-5f4f67c6f4-t8cdd   91m    32Mi   
websocket-server-5f4f67c6f4-xhg2s   66m    29Mi   
websocket-server-5f4f67c6f4-xxmst   84m    87Mi   
1772365118
websocket-loadgen-tm95j             36m    65Mi   
websocket-server-5f4f67c6f4-4zkgk   180m   32Mi   
websocket-server-5f4f67c6f4-6phcm   142m   31Mi   
websocket-server-5f4f67c6f4-7z4xm   101m   29Mi   
websocket-server-5f4f67c6f4-ht5l4   116m   85Mi   
websocket-server-5f4f67c6f4-lc4vx   106m   39Mi   
websocket-server-5f4f67c6f4-ljc2p   148m   30Mi   
websocket-server-5f4f67c6f4-p8zl8   149m   31Mi   
websocket-server-5f4f67c6f4-t8cdd   146m   30Mi   
websocket-server-5f4f67c6f4-xhg2s   92m    30Mi   
websocket-server-5f4f67c6f4-xxmst   137m   88Mi   
1772365123
websocket-loadgen-tm95j             36m    65Mi   
websocket-server-5f4f67c6f4-4zkgk   180m   32Mi   
websocket-server-5f4f67c6f4-6phcm   142m   31Mi   
websocket-server-5f4f67c6f4-ht5l4   116m   85Mi   
websocket-server-5f4f67c6f4-ljc2p   148m   30Mi   
websocket-server-5f4f67c6f4-xxmst   137m   88Mi   
1772365128
websocket-loadgen-tm95j             36m    65Mi   
websocket-server-5f4f67c6f4-4zkgk   180m   32Mi   
websocket-server-5f4f67c6f4-6phcm   142m   31Mi   
websocket-server-5f4f67c6f4-ht5l4   116m   85Mi   
websocket-server-5f4f67c6f4-ljc2p   148m   30Mi   
websocket-server-5f4f67c6f4-xxmst   137m   88Mi   
1772365133
websocket-loadgen-tm95j             47m    66Mi   
websocket-server-5f4f67c6f4-4zkgk   159m   31Mi   
websocket-server-5f4f67c6f4-6phcm   127m   30Mi   
websocket-server-5f4f67c6f4-ht5l4   182m   88Mi   
websocket-server-5f4f67c6f4-ljc2p   148m   30Mi   
websocket-server-5f4f67c6f4-t9752   157m   29Mi   
websocket-server-5f4f67c6f4-xxmst   118m   87Mi   
1772365138
websocket-loadgen-tm95j             47m    66Mi   
websocket-server-5f4f67c6f4-4zkgk   159m   31Mi   
websocket-server-5f4f67c6f4-6phcm   127m   30Mi   
websocket-server-5f4f67c6f4-ht5l4   182m   88Mi   
websocket-server-5f4f67c6f4-ljc2p   148m   30Mi   
websocket-server-5f4f67c6f4-t9752   157m   29Mi   
websocket-server-5f4f67c6f4-xxmst   118m   87Mi   
1772365143
websocket-loadgen-tm95j             47m    66Mi   
websocket-server-5f4f67c6f4-4zkgk   159m   31Mi   
websocket-server-5f4f67c6f4-6phcm   127m   30Mi   
websocket-server-5f4f67c6f4-ht5l4   182m   88Mi   
websocket-server-5f4f67c6f4-ljc2p   148m   30Mi   
websocket-server-5f4f67c6f4-t9752   157m   29Mi   
websocket-server-5f4f67c6f4-xxmst   118m   87Mi   
1772365148
websocket-loadgen-tm95j             101m   82Mi   
websocket-server-5f4f67c6f4-4zkgk   233m   34Mi   
websocket-server-5f4f67c6f4-6phcm   177m   33Mi   
websocket-server-5f4f67c6f4-ht5l4   209m   88Mi   
websocket-server-5f4f67c6f4-ljc2p   188m   34Mi   
websocket-server-5f4f67c6f4-t9752   144m   29Mi   
websocket-server-5f4f67c6f4-xxmst   228m   86Mi   
1772365154
websocket-loadgen-tm95j             101m   82Mi   
websocket-server-5f4f67c6f4-4zkgk   233m   34Mi   
websocket-server-5f4f67c6f4-6phcm   177m   33Mi   
websocket-server-5f4f67c6f4-ht5l4   209m   88Mi   
websocket-server-5f4f67c6f4-ljc2p   188m   34Mi   
websocket-server-5f4f67c6f4-t9752   144m   29Mi   
websocket-server-5f4f67c6f4-xxmst   228m   86Mi   
1772365159
websocket-loadgen-tm95j             44m    82Mi   
websocket-server-5f4f67c6f4-4zkgk   199m   35Mi   
websocket-server-5f4f67c6f4-6phcm   200m   33Mi   
websocket-server-5f4f67c6f4-8dxjg   47m    25Mi   
websocket-server-5f4f67c6f4-ht5l4   195m   88Mi   
websocket-server-5f4f67c6f4-ljc2p   214m   34Mi   
websocket-server-5f4f67c6f4-t9752   79m    29Mi   
websocket-server-5f4f67c6f4-tm97p   47m    25Mi   
websocket-server-5f4f67c6f4-xjkfw   48m    25Mi   
websocket-server-5f4f67c6f4-xxmst   202m   87Mi   
1772365164
websocket-loadgen-tm95j             44m    82Mi   
websocket-server-5f4f67c6f4-4zkgk   199m   35Mi   
websocket-server-5f4f67c6f4-6phcm   200m   33Mi   
websocket-server-5f4f67c6f4-8dxjg   47m    25Mi   
websocket-server-5f4f67c6f4-ht5l4   195m   88Mi   
websocket-server-5f4f67c6f4-ljc2p   214m   34Mi   
websocket-server-5f4f67c6f4-t9752   79m    29Mi   
websocket-server-5f4f67c6f4-tm97p   47m    25Mi   
websocket-server-5f4f67c6f4-xjkfw   48m    25Mi   
websocket-server-5f4f67c6f4-xxmst   202m   87Mi   
1772365169
websocket-server-5f4f67c6f4-4zkgk   199m   35Mi   
websocket-server-5f4f67c6f4-6phcm   200m   33Mi   
websocket-server-5f4f67c6f4-8dxjg   47m    25Mi   
websocket-server-5f4f67c6f4-ht5l4   195m   88Mi   
websocket-server-5f4f67c6f4-ljc2p   214m   34Mi   
websocket-server-5f4f67c6f4-t9752   79m    29Mi   
websocket-server-5f4f67c6f4-tm97p   47m    25Mi   
websocket-server-5f4f67c6f4-xjkfw   48m    25Mi   
websocket-server-5f4f67c6f4-xxmst   202m   87Mi   
1772365174
websocket-server-5f4f67c6f4-4zkgk   218m   34Mi   
websocket-server-5f4f67c6f4-6phcm   161m   33Mi   
websocket-server-5f4f67c6f4-8dxjg   0m     25Mi   
websocket-server-5f4f67c6f4-ht5l4   188m   87Mi   
websocket-server-5f4f67c6f4-ljc2p   165m   35Mi   
websocket-server-5f4f67c6f4-t9752   97m    29Mi   
websocket-server-5f4f67c6f4-tm97p   33m    25Mi   
websocket-server-5f4f67c6f4-xjkfw   45m    25Mi   
websocket-server-5f4f67c6f4-xxmst   176m   87Mi   
1772365179
websocket-server-5f4f67c6f4-4zkgk   218m   34Mi   
websocket-server-5f4f67c6f4-6phcm   161m   33Mi   
websocket-server-5f4f67c6f4-8dxjg   0m     25Mi   
websocket-server-5f4f67c6f4-ht5l4   188m   87Mi   
websocket-server-5f4f67c6f4-ljc2p   165m   35Mi   
websocket-server-5f4f67c6f4-t9752   97m    29Mi   
websocket-server-5f4f67c6f4-tm97p   33m    25Mi   
websocket-server-5f4f67c6f4-xjkfw   45m    25Mi   
websocket-server-5f4f67c6f4-xxmst   176m   87Mi   
1772365184
websocket-server-5f4f67c6f4-4zkgk   218m   34Mi   
websocket-server-5f4f67c6f4-6phcm   161m   33Mi   
websocket-server-5f4f67c6f4-8dxjg   0m     25Mi   
websocket-server-5f4f67c6f4-ht5l4   188m   87Mi   
websocket-server-5f4f67c6f4-ljc2p   165m   35Mi   
websocket-server-5f4f67c6f4-t9752   97m    29Mi   
websocket-server-5f4f67c6f4-tm97p   33m    25Mi   
websocket-server-5f4f67c6f4-xjkfw   45m    25Mi   
websocket-server-5f4f67c6f4-xxmst   176m   87Mi   
1772365189
websocket-server-5f4f67c6f4-4zkgk   42m    34Mi   
websocket-server-5f4f67c6f4-6phcm   73m    33Mi   
websocket-server-5f4f67c6f4-8dxjg   0m     25Mi   
websocket-server-5f4f67c6f4-ht5l4   68m    87Mi   
websocket-server-5f4f67c6f4-ljc2p   100m   34Mi   
websocket-server-5f4f67c6f4-t9752   65m    29Mi   
websocket-server-5f4f67c6f4-tm97p   0m     25Mi   
websocket-server-5f4f67c6f4-xjkfw   0m     25Mi   
websocket-server-5f4f67c6f4-xxmst   37m    86Mi   
1772365194
websocket-server-5f4f67c6f4-4zkgk   42m    34Mi   
websocket-server-5f4f67c6f4-6phcm   73m    33Mi   
websocket-server-5f4f67c6f4-8dxjg   0m     25Mi   
websocket-server-5f4f67c6f4-ht5l4   68m    87Mi   
websocket-server-5f4f67c6f4-ljc2p   100m   34Mi   
websocket-server-5f4f67c6f4-t9752   65m    29Mi   
websocket-server-5f4f67c6f4-tm97p   0m     25Mi   
websocket-server-5f4f67c6f4-xjkfw   0m     25Mi   
websocket-server-5f4f67c6f4-xxmst   37m    86Mi   
1772365199
websocket-server-5f4f67c6f4-4zkgk   42m    34Mi   
websocket-server-5f4f67c6f4-6phcm   73m    33Mi   
websocket-server-5f4f67c6f4-8dxjg   0m     25Mi   
websocket-server-5f4f67c6f4-ht5l4   68m    87Mi   
websocket-server-5f4f67c6f4-ljc2p   100m   34Mi   
websocket-server-5f4f67c6f4-t9752   65m    29Mi   
websocket-server-5f4f67c6f4-tm97p   0m     25Mi   
websocket-server-5f4f67c6f4-xjkfw   0m     25Mi   
websocket-server-5f4f67c6f4-xxmst   37m    86Mi   
1772365205
websocket-server-5f4f67c6f4-4zkgk   0m    34Mi   
websocket-server-5f4f67c6f4-6phcm   0m    33Mi   
websocket-server-5f4f67c6f4-8dxjg   0m    25Mi   
websocket-server-5f4f67c6f4-ht5l4   1m    87Mi   
websocket-server-5f4f67c6f4-ljc2p   0m    34Mi   
websocket-server-5f4f67c6f4-t9752   0m    29Mi   
websocket-server-5f4f67c6f4-tm97p   0m    25Mi   
websocket-server-5f4f67c6f4-xjkfw   0m    25Mi   
websocket-server-5f4f67c6f4-xxmst   0m    86Mi   
1772365210
websocket-server-5f4f67c6f4-4zkgk   0m    34Mi   
websocket-server-5f4f67c6f4-6phcm   0m    33Mi   
websocket-server-5f4f67c6f4-8dxjg   0m    25Mi   
websocket-server-5f4f67c6f4-ht5l4   1m    87Mi   
websocket-server-5f4f67c6f4-ljc2p   0m    34Mi   
websocket-server-5f4f67c6f4-t9752   0m    29Mi   
websocket-server-5f4f67c6f4-tm97p   0m    25Mi   
websocket-server-5f4f67c6f4-xjkfw   0m    25Mi   
websocket-server-5f4f67c6f4-xxmst   0m    86Mi   
1772365215
websocket-server-5f4f67c6f4-4zkgk   0m    34Mi   
websocket-server-5f4f67c6f4-6phcm   0m    33Mi   
websocket-server-5f4f67c6f4-8dxjg   0m    25Mi   
websocket-server-5f4f67c6f4-ht5l4   1m    87Mi   
websocket-server-5f4f67c6f4-ljc2p   0m    34Mi   
websocket-server-5f4f67c6f4-t9752   0m    29Mi   
websocket-server-5f4f67c6f4-tm97p   0m    25Mi   
websocket-server-5f4f67c6f4-xjkfw   0m    25Mi   
websocket-server-5f4f67c6f4-xxmst   0m    86Mi   
1772365220
websocket-server-5f4f67c6f4-4zkgk   0m    34Mi   
websocket-server-5f4f67c6f4-6phcm   0m    33Mi   
websocket-server-5f4f67c6f4-8dxjg   0m    25Mi   
websocket-server-5f4f67c6f4-ht5l4   1m    87Mi   
websocket-server-5f4f67c6f4-ljc2p   0m    34Mi   
websocket-server-5f4f67c6f4-t9752   0m    29Mi   
websocket-server-5f4f67c6f4-tm97p   0m    25Mi   
websocket-server-5f4f67c6f4-xjkfw   0m    25Mi   
websocket-server-5f4f67c6f4-xxmst   0m    86Mi   
1772365225
websocket-server-5f4f67c6f4-4zkgk   0m    34Mi   
websocket-server-5f4f67c6f4-6phcm   0m    33Mi   
websocket-server-5f4f67c6f4-8dxjg   0m    25Mi   
websocket-server-5f4f67c6f4-ht5l4   1m    87Mi   
websocket-server-5f4f67c6f4-ljc2p   0m    34Mi   
websocket-server-5f4f67c6f4-t9752   0m    29Mi   
websocket-server-5f4f67c6f4-tm97p   0m    25Mi   
websocket-server-5f4f67c6f4-xjkfw   0m    25Mi   
websocket-server-5f4f67c6f4-xxmst   0m    86Mi   
1772365230
websocket-server-5f4f67c6f4-4zkgk   0m    34Mi   
websocket-server-5f4f67c6f4-6phcm   0m    33Mi   
websocket-server-5f4f67c6f4-8dxjg   0m    25Mi   
websocket-server-5f4f67c6f4-ht5l4   1m    87Mi   
websocket-server-5f4f67c6f4-ljc2p   0m    34Mi   
websocket-server-5f4f67c6f4-t9752   0m    29Mi   
websocket-server-5f4f67c6f4-tm97p   0m    25Mi   
websocket-server-5f4f67c6f4-xjkfw   0m    25Mi   
websocket-server-5f4f67c6f4-xxmst   0m    86Mi   
1772365235
websocket-server-5f4f67c6f4-4zkgk   0m    34Mi   
websocket-server-5f4f67c6f4-6phcm   0m    33Mi   
websocket-server-5f4f67c6f4-8dxjg   0m    25Mi   
websocket-server-5f4f67c6f4-ht5l4   39m   88Mi   
websocket-server-5f4f67c6f4-ljc2p   0m    34Mi   
websocket-server-5f4f67c6f4-t9752   25m   34Mi   
websocket-server-5f4f67c6f4-tm97p   0m    25Mi   
websocket-server-5f4f67c6f4-xjkfw   2m    26Mi   
websocket-server-5f4f67c6f4-xxmst   0m    86Mi   
1772365240
websocket-server-5f4f67c6f4-4zkgk   0m    34Mi   
websocket-server-5f4f67c6f4-6phcm   0m    33Mi   
websocket-server-5f4f67c6f4-8dxjg   0m    25Mi   
websocket-server-5f4f67c6f4-ht5l4   39m   88Mi   
websocket-server-5f4f67c6f4-ljc2p   0m    34Mi   
websocket-server-5f4f67c6f4-t9752   25m   34Mi   
websocket-server-5f4f67c6f4-tm97p   0m    25Mi   
websocket-server-5f4f67c6f4-xjkfw   2m    26Mi   
websocket-server-5f4f67c6f4-xxmst   0m    86Mi   
1772365245
websocket-server-5f4f67c6f4-4zkgk   0m    34Mi   
websocket-server-5f4f67c6f4-6phcm   0m    33Mi   
websocket-server-5f4f67c6f4-8dxjg   0m    25Mi   
websocket-server-5f4f67c6f4-ht5l4   39m   88Mi   
websocket-server-5f4f67c6f4-ljc2p   0m    34Mi   
websocket-server-5f4f67c6f4-t9752   25m   34Mi   
websocket-server-5f4f67c6f4-tm97p   0m    25Mi   
websocket-server-5f4f67c6f4-xjkfw   2m    26Mi   
websocket-server-5f4f67c6f4-xxmst   0m    86Mi   
1772365251
websocket-loadgen-ltlff             30m    65Mi   
websocket-server-5f4f67c6f4-4zkgk   34m    38Mi   
websocket-server-5f4f67c6f4-6phcm   73m    38Mi   
websocket-server-5f4f67c6f4-8dxjg   125m   30Mi   
websocket-server-5f4f67c6f4-ht5l4   129m   88Mi   
websocket-server-5f4f67c6f4-ljc2p   102m   38Mi   
websocket-server-5f4f67c6f4-t9752   128m   34Mi   
websocket-server-5f4f67c6f4-tm97p   89m    32Mi   
websocket-server-5f4f67c6f4-xjkfw   150m   30Mi   
websocket-server-5f4f67c6f4-xxmst   33m    86Mi   
1772365256
websocket-loadgen-ltlff             30m    65Mi   
websocket-server-5f4f67c6f4-4zkgk   34m    38Mi   
websocket-server-5f4f67c6f4-6phcm   73m    38Mi   
websocket-server-5f4f67c6f4-8dxjg   125m   30Mi   
websocket-server-5f4f67c6f4-ht5l4   129m   88Mi   
websocket-server-5f4f67c6f4-ljc2p   102m   38Mi   
websocket-server-5f4f67c6f4-t9752   128m   34Mi   
websocket-server-5f4f67c6f4-tm97p   89m    32Mi   
websocket-server-5f4f67c6f4-xjkfw   150m   30Mi   
websocket-server-5f4f67c6f4-xxmst   33m    86Mi   
1772365261
websocket-loadgen-ltlff             30m    65Mi   
websocket-server-5f4f67c6f4-4zkgk   34m    38Mi   
websocket-server-5f4f67c6f4-6phcm   73m    38Mi   
websocket-server-5f4f67c6f4-8dxjg   125m   30Mi   
websocket-server-5f4f67c6f4-ht5l4   129m   88Mi   
websocket-server-5f4f67c6f4-ljc2p   102m   38Mi   
websocket-server-5f4f67c6f4-t9752   128m   34Mi   
websocket-server-5f4f67c6f4-tm97p   89m    32Mi   
websocket-server-5f4f67c6f4-xjkfw   150m   30Mi   
websocket-server-5f4f67c6f4-xxmst   33m    86Mi   
1772365266
websocket-loadgen-ltlff             54m    66Mi   
websocket-server-5f4f67c6f4-4zkgk   129m   38Mi   
websocket-server-5f4f67c6f4-6phcm   201m   38Mi   
websocket-server-5f4f67c6f4-8dxjg   126m   30Mi   
websocket-server-5f4f67c6f4-ht5l4   129m   88Mi   
websocket-server-5f4f67c6f4-ljc2p   132m   39Mi   
websocket-server-5f4f67c6f4-t9752   128m   34Mi   
websocket-server-5f4f67c6f4-tm97p   183m   32Mi   
websocket-server-5f4f67c6f4-xjkfw   118m   31Mi   
websocket-server-5f4f67c6f4-xxmst   116m   87Mi   
1772365271
websocket-loadgen-ltlff             54m    66Mi   
websocket-server-5f4f67c6f4-4zkgk   129m   38Mi   
websocket-server-5f4f67c6f4-8dxjg   126m   30Mi   
websocket-server-5f4f67c6f4-ht5l4   129m   88Mi   
websocket-server-5f4f67c6f4-ljc2p   132m   39Mi   
1772365276
websocket-loadgen-ltlff             54m    66Mi   
websocket-server-5f4f67c6f4-4zkgk   129m   38Mi   
websocket-server-5f4f67c6f4-8dxjg   126m   30Mi   
websocket-server-5f4f67c6f4-ht5l4   129m   88Mi   
websocket-server-5f4f67c6f4-ljc2p   132m   39Mi   
1772365281
websocket-loadgen-ltlff             54m    66Mi   
websocket-server-5f4f67c6f4-4zkgk   105m   38Mi   
websocket-server-5f4f67c6f4-8dxjg   163m   37Mi   
websocket-server-5f4f67c6f4-ht5l4   131m   88Mi   
websocket-server-5f4f67c6f4-ljc2p   132m   39Mi   
1772365287
websocket-loadgen-ltlff             54m    66Mi   
websocket-server-5f4f67c6f4-4zkgk   105m   38Mi   
websocket-server-5f4f67c6f4-8dxjg   163m   37Mi   
websocket-server-5f4f67c6f4-ht5l4   131m   88Mi   
websocket-server-5f4f67c6f4-ljc2p   132m   39Mi   
1772365292
websocket-loadgen-ltlff             54m    66Mi   
websocket-server-5f4f67c6f4-4zkgk   105m   38Mi   
websocket-server-5f4f67c6f4-8dxjg   163m   37Mi   
websocket-server-5f4f67c6f4-ht5l4   131m   88Mi   
websocket-server-5f4f67c6f4-ljc2p   132m   39Mi   
1772365297
websocket-loadgen-ltlff             91m    89Mi   
websocket-server-5f4f67c6f4-4zkgk   222m   41Mi   
websocket-server-5f4f67c6f4-8dxjg   302m   38Mi   
websocket-server-5f4f67c6f4-ht5l4   217m   89Mi   
websocket-server-5f4f67c6f4-ljc2p   229m   42Mi   
1772365302
websocket-loadgen-ltlff             91m    89Mi   
websocket-server-5f4f67c6f4-4zkgk   222m   41Mi   
websocket-server-5f4f67c6f4-8dxjg   302m   38Mi   
websocket-server-5f4f67c6f4-ht5l4   217m   89Mi   
websocket-server-5f4f67c6f4-ljc2p   229m   42Mi   
1772365307
websocket-loadgen-ltlff             91m    89Mi   
websocket-server-5f4f67c6f4-4zkgk   222m   41Mi   
websocket-server-5f4f67c6f4-8dxjg   302m   38Mi   
websocket-server-5f4f67c6f4-ht5l4   217m   89Mi   
websocket-server-5f4f67c6f4-ljc2p   229m   42Mi   
1772365312
websocket-loadgen-ltlff             56m    90Mi   
websocket-server-5f4f67c6f4-4zkgk   294m   41Mi   
websocket-server-5f4f67c6f4-6m44t   54m    25Mi   
websocket-server-5f4f67c6f4-8dxjg   302m   38Mi   
websocket-server-5f4f67c6f4-8n4gf   58m    25Mi   
websocket-server-5f4f67c6f4-fb7gt   56m    25Mi   
websocket-server-5f4f67c6f4-ht5l4   277m   89Mi   
websocket-server-5f4f67c6f4-ljc2p   229m   42Mi   
1772365317
websocket-loadgen-ltlff             56m    90Mi   
websocket-server-5f4f67c6f4-4zkgk   294m   41Mi   
websocket-server-5f4f67c6f4-6m44t   54m    25Mi   
websocket-server-5f4f67c6f4-8dxjg   302m   38Mi   
websocket-server-5f4f67c6f4-8n4gf   58m    25Mi   
websocket-server-5f4f67c6f4-fb7gt   56m    25Mi   
websocket-server-5f4f67c6f4-ht5l4   277m   89Mi   
websocket-server-5f4f67c6f4-ljc2p   229m   42Mi   
1772365322
websocket-server-5f4f67c6f4-4zkgk   294m   41Mi   
websocket-server-5f4f67c6f4-6m44t   54m    25Mi   
websocket-server-5f4f67c6f4-8dxjg   302m   38Mi   
websocket-server-5f4f67c6f4-8n4gf   58m    25Mi   
websocket-server-5f4f67c6f4-fb7gt   56m    25Mi   
websocket-server-5f4f67c6f4-ht5l4   277m   89Mi   
websocket-server-5f4f67c6f4-ljc2p   229m   42Mi   
1772365327
websocket-server-5f4f67c6f4-4zkgk   224m   42Mi   
websocket-server-5f4f67c6f4-6m44t   0m     25Mi   
websocket-server-5f4f67c6f4-8dxjg   245m   37Mi   
websocket-server-5f4f67c6f4-8n4gf   0m     25Mi   
websocket-server-5f4f67c6f4-fb7gt   0m     25Mi   
websocket-server-5f4f67c6f4-fsxcd   57m    25Mi   
websocket-server-5f4f67c6f4-hj48f   52m    25Mi   
websocket-server-5f4f67c6f4-ht5l4   251m   89Mi   
websocket-server-5f4f67c6f4-ljc2p   240m   40Mi   
websocket-server-5f4f67c6f4-rc26g   0m     25Mi   
1772365333
websocket-server-5f4f67c6f4-4zkgk   224m   42Mi   
websocket-server-5f4f67c6f4-6m44t   0m     25Mi   
websocket-server-5f4f67c6f4-8dxjg   245m   37Mi   
websocket-server-5f4f67c6f4-8n4gf   0m     25Mi   
websocket-server-5f4f67c6f4-fb7gt   0m     25Mi   
websocket-server-5f4f67c6f4-fsxcd   57m    25Mi   
websocket-server-5f4f67c6f4-hj48f   52m    25Mi   
websocket-server-5f4f67c6f4-ht5l4   251m   89Mi   
websocket-server-5f4f67c6f4-ljc2p   240m   40Mi   
websocket-server-5f4f67c6f4-rc26g   0m     25Mi   
1772365338
websocket-server-5f4f67c6f4-4zkgk   224m   42Mi   
websocket-server-5f4f67c6f4-6m44t   0m     25Mi   
websocket-server-5f4f67c6f4-8dxjg   245m   37Mi   
websocket-server-5f4f67c6f4-8n4gf   0m     25Mi   
websocket-server-5f4f67c6f4-fb7gt   0m     25Mi   
websocket-server-5f4f67c6f4-fsxcd   57m    25Mi   
websocket-server-5f4f67c6f4-hj48f   52m    25Mi   
websocket-server-5f4f67c6f4-ht5l4   251m   89Mi   
websocket-server-5f4f67c6f4-ljc2p   240m   40Mi   
websocket-server-5f4f67c6f4-rc26g   0m     25Mi   
1772365343
websocket-server-5f4f67c6f4-4zkgk   68m    40Mi   
websocket-server-5f4f67c6f4-6m44t   0m     25Mi   
websocket-server-5f4f67c6f4-8dxjg   0m     37Mi   
websocket-server-5f4f67c6f4-8n4gf   0m     25Mi   
websocket-server-5f4f67c6f4-fb7gt   0m     25Mi   
websocket-server-5f4f67c6f4-fsxcd   0m     25Mi   
websocket-server-5f4f67c6f4-hj48f   0m     25Mi   
websocket-server-5f4f67c6f4-ht5l4   138m   88Mi   
websocket-server-5f4f67c6f4-ljc2p   0m     40Mi   
websocket-server-5f4f67c6f4-rc26g   0m     25Mi   
1772365348
websocket-server-5f4f67c6f4-4zkgk   68m    40Mi   
websocket-server-5f4f67c6f4-6m44t   0m     25Mi   
websocket-server-5f4f67c6f4-8dxjg   0m     37Mi   
websocket-server-5f4f67c6f4-8n4gf   0m     25Mi   
websocket-server-5f4f67c6f4-fb7gt   0m     25Mi   
websocket-server-5f4f67c6f4-fsxcd   0m     25Mi   
websocket-server-5f4f67c6f4-hj48f   0m     25Mi   
websocket-server-5f4f67c6f4-ht5l4   138m   88Mi   
websocket-server-5f4f67c6f4-ljc2p   0m     40Mi   
websocket-server-5f4f67c6f4-rc26g   0m     25Mi   
1772365353
websocket-server-5f4f67c6f4-4zkgk   68m    40Mi   
websocket-server-5f4f67c6f4-6m44t   0m     25Mi   
websocket-server-5f4f67c6f4-8dxjg   0m     37Mi   
websocket-server-5f4f67c6f4-8n4gf   0m     25Mi   
websocket-server-5f4f67c6f4-fb7gt   0m     25Mi   
websocket-server-5f4f67c6f4-fsxcd   0m     25Mi   
websocket-server-5f4f67c6f4-hj48f   0m     25Mi   
websocket-server-5f4f67c6f4-ht5l4   138m   88Mi   
websocket-server-5f4f67c6f4-ljc2p   0m     40Mi   
websocket-server-5f4f67c6f4-rc26g   0m     25Mi   
1772365358
websocket-server-5f4f67c6f4-4zkgk   68m   40Mi   
websocket-server-5f4f67c6f4-6m44t   0m    25Mi   
websocket-server-5f4f67c6f4-8dxjg   0m    37Mi   
websocket-server-5f4f67c6f4-8n4gf   0m    25Mi   
websocket-server-5f4f67c6f4-fb7gt   0m    25Mi   
websocket-server-5f4f67c6f4-fsxcd   0m    25Mi   
websocket-server-5f4f67c6f4-hj48f   0m    25Mi   
websocket-server-5f4f67c6f4-ht5l4   1m    88Mi   
websocket-server-5f4f67c6f4-ljc2p   0m    40Mi   
websocket-server-5f4f67c6f4-rc26g   0m    25Mi   
1772365363
websocket-server-5f4f67c6f4-4zkgk   68m   40Mi   
websocket-server-5f4f67c6f4-6m44t   0m    25Mi   
websocket-server-5f4f67c6f4-8dxjg   0m    37Mi   
websocket-server-5f4f67c6f4-8n4gf   0m    25Mi   
websocket-server-5f4f67c6f4-fb7gt   0m    25Mi   
websocket-server-5f4f67c6f4-fsxcd   0m    25Mi   
websocket-server-5f4f67c6f4-hj48f   0m    25Mi   
websocket-server-5f4f67c6f4-ht5l4   1m    88Mi   
websocket-server-5f4f67c6f4-ljc2p   0m    40Mi   
websocket-server-5f4f67c6f4-rc26g   0m    25Mi   
1772365368
websocket-server-5f4f67c6f4-4zkgk   68m   40Mi   
websocket-server-5f4f67c6f4-6m44t   0m    25Mi   
websocket-server-5f4f67c6f4-8dxjg   0m    37Mi   
websocket-server-5f4f67c6f4-8n4gf   0m    25Mi   
websocket-server-5f4f67c6f4-fb7gt   0m    25Mi   
websocket-server-5f4f67c6f4-fsxcd   0m    25Mi   
websocket-server-5f4f67c6f4-hj48f   0m    25Mi   
websocket-server-5f4f67c6f4-ht5l4   1m    88Mi   
websocket-server-5f4f67c6f4-ljc2p   0m    40Mi   
websocket-server-5f4f67c6f4-rc26g   0m    25Mi   
1772365373
websocket-server-5f4f67c6f4-4zkgk   0m    40Mi   
websocket-server-5f4f67c6f4-6m44t   0m    25Mi   
websocket-server-5f4f67c6f4-8dxjg   0m    37Mi   
websocket-server-5f4f67c6f4-8n4gf   0m    25Mi   
websocket-server-5f4f67c6f4-fb7gt   0m    25Mi   
websocket-server-5f4f67c6f4-fsxcd   0m    25Mi   
websocket-server-5f4f67c6f4-hj48f   0m    25Mi   
websocket-server-5f4f67c6f4-ht5l4   1m    88Mi   
websocket-server-5f4f67c6f4-ljc2p   0m    40Mi   
websocket-server-5f4f67c6f4-rc26g   0m    25Mi   
1772365378
websocket-server-5f4f67c6f4-4zkgk   0m    40Mi   
websocket-server-5f4f67c6f4-6m44t   0m    25Mi   
websocket-server-5f4f67c6f4-8dxjg   0m    37Mi   
websocket-server-5f4f67c6f4-8n4gf   0m    25Mi   
websocket-server-5f4f67c6f4-fb7gt   0m    25Mi   
websocket-server-5f4f67c6f4-fsxcd   0m    25Mi   
websocket-server-5f4f67c6f4-hj48f   0m    25Mi   
websocket-server-5f4f67c6f4-ht5l4   1m    88Mi   
websocket-server-5f4f67c6f4-ljc2p   0m    40Mi   
websocket-server-5f4f67c6f4-rc26g   0m    25Mi   
1772365384
websocket-server-5f4f67c6f4-4zkgk   0m    40Mi   
websocket-server-5f4f67c6f4-6m44t   0m    25Mi   
websocket-server-5f4f67c6f4-8dxjg   0m    37Mi   
websocket-server-5f4f67c6f4-8n4gf   0m    25Mi   
websocket-server-5f4f67c6f4-fb7gt   0m    25Mi   
websocket-server-5f4f67c6f4-fsxcd   0m    25Mi   
websocket-server-5f4f67c6f4-hj48f   0m    25Mi   
websocket-server-5f4f67c6f4-ht5l4   1m    88Mi   
websocket-server-5f4f67c6f4-ljc2p   0m    40Mi   
websocket-server-5f4f67c6f4-rc26g   0m    25Mi   
1772365389
websocket-server-5f4f67c6f4-4zkgk   0m    40Mi   
websocket-server-5f4f67c6f4-6m44t   0m    25Mi   
websocket-server-5f4f67c6f4-8dxjg   0m    37Mi   
websocket-server-5f4f67c6f4-8n4gf   0m    25Mi   
websocket-server-5f4f67c6f4-fb7gt   0m    25Mi   
websocket-server-5f4f67c6f4-fsxcd   0m    25Mi   
websocket-server-5f4f67c6f4-hj48f   0m    25Mi   
websocket-server-5f4f67c6f4-ht5l4   1m    88Mi   
websocket-server-5f4f67c6f4-ljc2p   0m    40Mi   
websocket-server-5f4f67c6f4-rc26g   0m    25Mi   
1772365394
websocket-server-5f4f67c6f4-4zkgk   0m    40Mi   
websocket-server-5f4f67c6f4-6m44t   0m    25Mi   
websocket-server-5f4f67c6f4-8dxjg   0m    37Mi   
websocket-server-5f4f67c6f4-8n4gf   0m    25Mi   
websocket-server-5f4f67c6f4-fb7gt   0m    25Mi   
websocket-server-5f4f67c6f4-fsxcd   0m    25Mi   
websocket-server-5f4f67c6f4-hj48f   0m    25Mi   
websocket-server-5f4f67c6f4-ht5l4   1m    88Mi   
websocket-server-5f4f67c6f4-ljc2p   0m    40Mi   
websocket-server-5f4f67c6f4-rc26g   0m    25Mi   
1772365399
websocket-server-5f4f67c6f4-4zkgk   0m    40Mi   
websocket-server-5f4f67c6f4-6m44t   0m    25Mi   
websocket-server-5f4f67c6f4-8dxjg   0m    37Mi   
websocket-server-5f4f67c6f4-8n4gf   0m    25Mi   
websocket-server-5f4f67c6f4-fb7gt   0m    25Mi   
websocket-server-5f4f67c6f4-fsxcd   0m    25Mi   
websocket-server-5f4f67c6f4-hj48f   0m    25Mi   
websocket-server-5f4f67c6f4-ht5l4   1m    88Mi   
websocket-server-5f4f67c6f4-ljc2p   0m    40Mi   
websocket-server-5f4f67c6f4-rc26g   0m    25Mi   
1772365404
websocket-server-5f4f67c6f4-4zkgk   0m    40Mi   
websocket-server-5f4f67c6f4-6m44t   0m    25Mi   
websocket-server-5f4f67c6f4-8dxjg   0m    37Mi   
websocket-server-5f4f67c6f4-8n4gf   0m    25Mi   
websocket-server-5f4f67c6f4-fb7gt   0m    25Mi   
websocket-server-5f4f67c6f4-fsxcd   0m    25Mi   
websocket-server-5f4f67c6f4-hj48f   0m    25Mi   
websocket-server-5f4f67c6f4-ht5l4   1m    88Mi   
websocket-server-5f4f67c6f4-ljc2p   0m    40Mi   
websocket-server-5f4f67c6f4-rc26g   0m    25Mi   
1772365409
websocket-server-5f4f67c6f4-4zkgk   0m    40Mi   
websocket-server-5f4f67c6f4-6m44t   0m    25Mi   
websocket-server-5f4f67c6f4-8dxjg   0m    37Mi   
websocket-server-5f4f67c6f4-8n4gf   0m    25Mi   
websocket-server-5f4f67c6f4-fb7gt   0m    25Mi   
websocket-server-5f4f67c6f4-fsxcd   0m    25Mi   
websocket-server-5f4f67c6f4-hj48f   0m    25Mi   
websocket-server-5f4f67c6f4-ht5l4   1m    88Mi   
websocket-server-5f4f67c6f4-ljc2p   0m    40Mi   
websocket-server-5f4f67c6f4-rc26g   0m    25Mi   
1772365414
websocket-server-5f4f67c6f4-4zkgk   0m    40Mi   
websocket-server-5f4f67c6f4-6m44t   0m    25Mi   
websocket-server-5f4f67c6f4-8dxjg   0m    37Mi   
websocket-server-5f4f67c6f4-8n4gf   0m    25Mi   
websocket-server-5f4f67c6f4-fb7gt   0m    25Mi   
websocket-server-5f4f67c6f4-fsxcd   0m    25Mi   
websocket-server-5f4f67c6f4-hj48f   0m    25Mi   
websocket-server-5f4f67c6f4-ht5l4   1m    88Mi   
websocket-server-5f4f67c6f4-ljc2p   0m    40Mi   
websocket-server-5f4f67c6f4-rc26g   0m    25Mi   
