1773119698
websocket-server-658446559c-mbzwx   50m   28Mi   
websocket-server-658446559c-pxtdk   52m   28Mi   
1773119703
websocket-server-658446559c-mbzwx   50m   28Mi   
websocket-server-658446559c-pxtdk   52m   28Mi   
1773119708
websocket-server-658446559c-mbzwx   50m   28Mi   
websocket-server-658446559c-pxtdk   52m   28Mi   
1773119713
websocket-server-658446559c-mbzwx   42m   28Mi   
websocket-server-658446559c-pxtdk   0m    28Mi   
1773119718
websocket-server-658446559c-mbzwx   42m   28Mi   
websocket-server-658446559c-pxtdk   0m    28Mi   
1773119724
websocket-server-658446559c-mbzwx   42m   28Mi   
websocket-server-658446559c-pxtdk   0m    28Mi   
1773119729
websocket-server-658446559c-mbzwx   1m    28Mi   
websocket-server-658446559c-pxtdk   3m    28Mi   
1773119734
websocket-server-658446559c-mbzwx   1m    28Mi   
websocket-server-658446559c-pxtdk   3m    28Mi   
1773119739
websocket-server-658446559c-mbzwx   1m    28Mi   
websocket-server-658446559c-pxtdk   3m    28Mi   
1773119744
websocket-server-658446559c-mbzwx   78m   33Mi   
websocket-server-658446559c-pxtdk   64m   30Mi   
1773119749
websocket-server-658446559c-mbzwx   78m   33Mi   
websocket-server-658446559c-pxtdk   64m   30Mi   
1773119754
websocket-server-658446559c-mbzwx   78m   33Mi   
websocket-server-658446559c-pxtdk   64m   30Mi   
1773119759
websocket-server-658446559c-mbzwx   178m   37Mi   
websocket-server-658446559c-pxtdk   158m   35Mi   
1773119764
websocket-server-658446559c-mbzwx   178m   37Mi   
websocket-server-658446559c-pxtdk   158m   35Mi   
1773119769
websocket-server-658446559c-mbzwx   178m   37Mi   
websocket-server-658446559c-pxtdk   158m   35Mi   
1773119775
websocket-server-658446559c-4szc6   58m    30Mi   
websocket-server-658446559c-mbzwx   238m   39Mi   
websocket-server-658446559c-pxtdk   219m   38Mi   
1773119780
websocket-server-658446559c-4szc6   58m    30Mi   
websocket-server-658446559c-mbzwx   238m   39Mi   
websocket-server-658446559c-pxtdk   219m   38Mi   
1773119785
websocket-server-658446559c-4bt57   28m    29Mi   
websocket-server-658446559c-4szc6   75m    30Mi   
websocket-server-658446559c-dpxpn   64m    28Mi   
websocket-server-658446559c-mbzwx   238m   39Mi   
websocket-server-658446559c-pxtdk   266m   40Mi   
websocket-server-658446559c-tbssc   26m    28Mi   
1773119790
websocket-server-658446559c-4bt57   28m    29Mi   
websocket-server-658446559c-4szc6   75m    30Mi   
websocket-server-658446559c-dpxpn   64m    28Mi   
websocket-server-658446559c-mbzwx   238m   39Mi   
websocket-server-658446559c-pxtdk   266m   40Mi   
websocket-server-658446559c-tbssc   26m    28Mi   
1773119795
websocket-server-658446559c-4bt57   28m    29Mi   
websocket-server-658446559c-4szc6   75m    30Mi   
websocket-server-658446559c-dpxpn   64m    28Mi   
websocket-server-658446559c-mbzwx   238m   39Mi   
websocket-server-658446559c-pxtdk   266m   40Mi   
websocket-server-658446559c-tbssc   26m    28Mi   
1773119800
websocket-server-658446559c-4bt57   52m    29Mi   
websocket-server-658446559c-4szc6   93m    31Mi   
websocket-server-658446559c-6tmws   11m    28Mi   
websocket-server-658446559c-dpxpn   38m    29Mi   
websocket-server-658446559c-ksl9s   49m    28Mi   
websocket-server-658446559c-mbzwx   278m   40Mi   
websocket-server-658446559c-pxtdk   292m   41Mi   
websocket-server-658446559c-sxxgb   46m    28Mi   
websocket-server-658446559c-tbssc   53m    30Mi   
1773119805
websocket-server-658446559c-4bt57   52m    29Mi   
websocket-server-658446559c-4szc6   93m    31Mi   
websocket-server-658446559c-6tmws   11m    28Mi   
websocket-server-658446559c-dpxpn   38m    29Mi   
websocket-server-658446559c-ksl9s   49m    28Mi   
websocket-server-658446559c-mbzwx   278m   40Mi   
websocket-server-658446559c-pxtdk   292m   41Mi   
websocket-server-658446559c-sxxgb   46m    28Mi   
websocket-server-658446559c-tbssc   53m    30Mi   
1773119810
websocket-server-658446559c-4bt57   52m    29Mi   
websocket-server-658446559c-4szc6   93m    31Mi   
websocket-server-658446559c-6tmws   11m    28Mi   
websocket-server-658446559c-dpxpn   38m    29Mi   
websocket-server-658446559c-ksl9s   49m    28Mi   
websocket-server-658446559c-mbzwx   278m   40Mi   
websocket-server-658446559c-pxtdk   292m   41Mi   
websocket-server-658446559c-sxxgb   46m    28Mi   
websocket-server-658446559c-tbssc   53m    30Mi   
1773119816
websocket-server-658446559c-4bt57   67m    30Mi   
websocket-server-658446559c-4szc6   101m   32Mi   
websocket-server-658446559c-6tmws   16m    28Mi   
websocket-server-658446559c-7bxtr   56m    28Mi   
websocket-server-658446559c-dpxpn   51m    29Mi   
websocket-server-658446559c-h7lrb   15m    28Mi   
websocket-server-658446559c-ksl9s   31m    28Mi   
websocket-server-658446559c-mbzwx   278m   40Mi   
websocket-server-658446559c-pxtdk   317m   42Mi   
websocket-server-658446559c-sxxgb   23m    28Mi   
websocket-server-658446559c-tbssc   67m    30Mi   
1773119821
websocket-server-658446559c-4bt57   67m    30Mi   
websocket-server-658446559c-4szc6   101m   32Mi   
websocket-server-658446559c-6tmws   16m    28Mi   
websocket-server-658446559c-7bxtr   56m    28Mi   
websocket-server-658446559c-dpxpn   51m    29Mi   
websocket-server-658446559c-h7lrb   15m    28Mi   
websocket-server-658446559c-ksl9s   31m    28Mi   
websocket-server-658446559c-mbzwx   278m   40Mi   
websocket-server-658446559c-pxtdk   317m   42Mi   
websocket-server-658446559c-sxxgb   23m    28Mi   
websocket-server-658446559c-tbssc   67m    30Mi   
1773119826
websocket-server-658446559c-4bt57   67m    30Mi   
websocket-server-658446559c-4szc6   101m   32Mi   
websocket-server-658446559c-6tmws   16m    28Mi   
websocket-server-658446559c-7bxtr   56m    28Mi   
websocket-server-658446559c-dpxpn   51m    29Mi   
websocket-server-658446559c-h7lrb   15m    28Mi   
websocket-server-658446559c-ksl9s   31m    28Mi   
websocket-server-658446559c-mbzwx   278m   40Mi   
websocket-server-658446559c-pxtdk   317m   42Mi   
websocket-server-658446559c-sxxgb   23m    28Mi   
websocket-server-658446559c-tbssc   67m    30Mi   
1773119831
websocket-server-658446559c-4bt57   66m    30Mi   
websocket-server-658446559c-4szc6   110m   32Mi   
websocket-server-658446559c-6tmws   18m    28Mi   
websocket-server-658446559c-7bxtr   9m     28Mi   
websocket-server-658446559c-dpxpn   59m    30Mi   
websocket-server-658446559c-h7lrb   16m    28Mi   
websocket-server-658446559c-ksl9s   35m    28Mi   
websocket-server-658446559c-mbzwx   294m   40Mi   
websocket-server-658446559c-pxtdk   312m   42Mi   
websocket-server-658446559c-qcw6s   0m     27Mi   
websocket-server-658446559c-sfd5g   0m     28Mi   
websocket-server-658446559c-sxxgb   27m    28Mi   
websocket-server-658446559c-tbssc   71m    30Mi   
websocket-server-658446559c-zsn2h   51m    28Mi   
1773119836
websocket-server-658446559c-4bt57   66m    30Mi   
websocket-server-658446559c-4szc6   110m   32Mi   
websocket-server-658446559c-6tmws   18m    28Mi   
websocket-server-658446559c-7bxtr   9m     28Mi   
websocket-server-658446559c-dpxpn   59m    30Mi   
websocket-server-658446559c-h7lrb   16m    28Mi   
websocket-server-658446559c-ksl9s   35m    28Mi   
websocket-server-658446559c-mbzwx   294m   40Mi   
websocket-server-658446559c-pxtdk   312m   42Mi   
websocket-server-658446559c-qcw6s   0m     27Mi   
websocket-server-658446559c-sfd5g   0m     28Mi   
websocket-server-658446559c-sxxgb   27m    28Mi   
websocket-server-658446559c-tbssc   71m    30Mi   
websocket-server-658446559c-zsn2h   51m    28Mi   
1773119841
websocket-server-658446559c-4bt57   66m    30Mi   
websocket-server-658446559c-4szc6   110m   32Mi   
websocket-server-658446559c-6tmws   18m    28Mi   
websocket-server-658446559c-7bxtr   9m     28Mi   
websocket-server-658446559c-dpxpn   59m    30Mi   
websocket-server-658446559c-h7lrb   16m    28Mi   
websocket-server-658446559c-ksl9s   35m    28Mi   
websocket-server-658446559c-mbzwx   294m   40Mi   
websocket-server-658446559c-pxtdk   312m   42Mi   
websocket-server-658446559c-qcw6s   0m     27Mi   
websocket-server-658446559c-sfd5g   0m     28Mi   
websocket-server-658446559c-sxxgb   27m    28Mi   
websocket-server-658446559c-tbssc   71m    30Mi   
websocket-server-658446559c-zsn2h   51m    28Mi   
1773119846
websocket-server-658446559c-4bt57   35m    30Mi   
websocket-server-658446559c-4szc6   49m    32Mi   
websocket-server-658446559c-6tmws   14m    28Mi   
websocket-server-658446559c-7bxtr   7m     28Mi   
websocket-server-658446559c-8zxct   1m     28Mi   
websocket-server-658446559c-dpxpn   25m    29Mi   
websocket-server-658446559c-h7lrb   16m    28Mi   
websocket-server-658446559c-ksl9s   23m    28Mi   
websocket-server-658446559c-mbzwx   278m   41Mi   
websocket-server-658446559c-pxtdk   128m   42Mi   
websocket-server-658446559c-qcw6s   1m     28Mi   
websocket-server-658446559c-sfd5g   1m     28Mi   
websocket-server-658446559c-sxxgb   26m    28Mi   
websocket-server-658446559c-tbssc   53m    30Mi   
websocket-server-658446559c-zsn2h   1m     28Mi   
1773119851
websocket-server-658446559c-4bt57   35m    30Mi   
websocket-server-658446559c-4szc6   49m    32Mi   
websocket-server-658446559c-6tmws   14m    28Mi   
websocket-server-658446559c-7bxtr   7m     28Mi   
websocket-server-658446559c-8zxct   1m     28Mi   
websocket-server-658446559c-dpxpn   25m    29Mi   
websocket-server-658446559c-h7lrb   16m    28Mi   
websocket-server-658446559c-ksl9s   23m    28Mi   
websocket-server-658446559c-mbzwx   278m   41Mi   
websocket-server-658446559c-pxtdk   128m   42Mi   
websocket-server-658446559c-qcw6s   1m     28Mi   
websocket-server-658446559c-sfd5g   1m     28Mi   
websocket-server-658446559c-sxxgb   26m    28Mi   
websocket-server-658446559c-tbssc   53m    30Mi   
websocket-server-658446559c-zsn2h   1m     28Mi   
1773119856
websocket-server-658446559c-4bt57   35m    30Mi   
websocket-server-658446559c-4szc6   49m    32Mi   
websocket-server-658446559c-6tmws   14m    28Mi   
websocket-server-658446559c-7bxtr   7m     28Mi   
websocket-server-658446559c-8zxct   1m     28Mi   
websocket-server-658446559c-dpxpn   25m    29Mi   
websocket-server-658446559c-h7lrb   16m    28Mi   
websocket-server-658446559c-ksl9s   23m    28Mi   
websocket-server-658446559c-mbzwx   278m   41Mi   
websocket-server-658446559c-pxtdk   128m   42Mi   
websocket-server-658446559c-qcw6s   1m     28Mi   
websocket-server-658446559c-sfd5g   1m     28Mi   
websocket-server-658446559c-sxxgb   26m    28Mi   
websocket-server-658446559c-tbssc   53m    30Mi   
websocket-server-658446559c-zsn2h   1m     28Mi   
1773119862
websocket-server-658446559c-4bt57   2m    30Mi   
websocket-server-658446559c-4szc6   49m   32Mi   
websocket-server-658446559c-6tmws   1m    28Mi   
websocket-server-658446559c-7bxtr   1m    28Mi   
websocket-server-658446559c-8zxct   1m    28Mi   
websocket-server-658446559c-dpxpn   25m   29Mi   
websocket-server-658446559c-h7lrb   6m    28Mi   
websocket-server-658446559c-ksl9s   2m    28Mi   
websocket-server-658446559c-mbzwx   19m   41Mi   
websocket-server-658446559c-pxtdk   8m    43Mi   
websocket-server-658446559c-qcw6s   1m    28Mi   
websocket-server-658446559c-sfd5g   1m    28Mi   
websocket-server-658446559c-sxxgb   3m    28Mi   
websocket-server-658446559c-tbssc   2m    30Mi   
websocket-server-658446559c-zsn2h   1m    28Mi   
1773119867
websocket-server-658446559c-4bt57   2m    30Mi   
websocket-server-658446559c-4szc6   49m   32Mi   
websocket-server-658446559c-6tmws   1m    28Mi   
websocket-server-658446559c-7bxtr   1m    28Mi   
websocket-server-658446559c-8zxct   1m    28Mi   
websocket-server-658446559c-dpxpn   25m   29Mi   
websocket-server-658446559c-h7lrb   6m    28Mi   
websocket-server-658446559c-ksl9s   2m    28Mi   
websocket-server-658446559c-mbzwx   19m   41Mi   
websocket-server-658446559c-pxtdk   8m    43Mi   
websocket-server-658446559c-qcw6s   1m    28Mi   
websocket-server-658446559c-sfd5g   1m    28Mi   
websocket-server-658446559c-sxxgb   3m    28Mi   
websocket-server-658446559c-tbssc   2m    30Mi   
websocket-server-658446559c-zsn2h   1m    28Mi   
1773119872
websocket-server-658446559c-4bt57   2m    30Mi   
websocket-server-658446559c-4szc6   49m   32Mi   
websocket-server-658446559c-6tmws   1m    28Mi   
websocket-server-658446559c-7bxtr   1m    28Mi   
websocket-server-658446559c-8zxct   1m    28Mi   
websocket-server-658446559c-dpxpn   25m   29Mi   
websocket-server-658446559c-h7lrb   6m    28Mi   
websocket-server-658446559c-ksl9s   2m    28Mi   
websocket-server-658446559c-mbzwx   19m   41Mi   
websocket-server-658446559c-pxtdk   8m    43Mi   
websocket-server-658446559c-qcw6s   1m    28Mi   
websocket-server-658446559c-sfd5g   1m    28Mi   
websocket-server-658446559c-sxxgb   3m    28Mi   
websocket-server-658446559c-tbssc   2m    30Mi   
websocket-server-658446559c-zsn2h   1m    28Mi   
1773119877
websocket-server-658446559c-4bt57   2m    30Mi   
websocket-server-658446559c-4szc6   3m    32Mi   
websocket-server-658446559c-6tmws   1m    28Mi   
websocket-server-658446559c-7bxtr   1m    28Mi   
websocket-server-658446559c-8zxct   1m    28Mi   
websocket-server-658446559c-dpxpn   2m    29Mi   
websocket-server-658446559c-h7lrb   1m    28Mi   
websocket-server-658446559c-ksl9s   1m    28Mi   
websocket-server-658446559c-mbzwx   6m    41Mi   
websocket-server-658446559c-pxtdk   8m    42Mi   
websocket-server-658446559c-qcw6s   1m    28Mi   
websocket-server-658446559c-sfd5g   1m    28Mi   
websocket-server-658446559c-sxxgb   1m    28Mi   
websocket-server-658446559c-tbssc   2m    30Mi   
websocket-server-658446559c-zsn2h   1m    28Mi   
1773119882
websocket-server-658446559c-4bt57   2m    30Mi   
websocket-server-658446559c-4szc6   3m    32Mi   
websocket-server-658446559c-6tmws   1m    28Mi   
websocket-server-658446559c-7bxtr   1m    28Mi   
websocket-server-658446559c-8zxct   1m    28Mi   
websocket-server-658446559c-dpxpn   2m    29Mi   
websocket-server-658446559c-h7lrb   1m    28Mi   
websocket-server-658446559c-ksl9s   1m    28Mi   
websocket-server-658446559c-mbzwx   6m    41Mi   
websocket-server-658446559c-pxtdk   8m    42Mi   
websocket-server-658446559c-qcw6s   1m    28Mi   
websocket-server-658446559c-sfd5g   1m    28Mi   
websocket-server-658446559c-sxxgb   1m    28Mi   
websocket-server-658446559c-tbssc   2m    30Mi   
websocket-server-658446559c-zsn2h   1m    28Mi   
1773119887
websocket-server-658446559c-4bt57   2m    30Mi   
websocket-server-658446559c-4szc6   3m    32Mi   
websocket-server-658446559c-6tmws   1m    28Mi   
websocket-server-658446559c-7bxtr   1m    28Mi   
websocket-server-658446559c-8zxct   1m    28Mi   
websocket-server-658446559c-dpxpn   2m    29Mi   
websocket-server-658446559c-h7lrb   1m    28Mi   
websocket-server-658446559c-ksl9s   1m    28Mi   
websocket-server-658446559c-mbzwx   6m    41Mi   
websocket-server-658446559c-pxtdk   8m    42Mi   
websocket-server-658446559c-qcw6s   1m    28Mi   
websocket-server-658446559c-sfd5g   1m    28Mi   
websocket-server-658446559c-sxxgb   1m    28Mi   
websocket-server-658446559c-tbssc   2m    30Mi   
websocket-server-658446559c-zsn2h   1m    28Mi   
1773119892
websocket-server-658446559c-4bt57   2m    30Mi   
websocket-server-658446559c-4szc6   3m    32Mi   
websocket-server-658446559c-6tmws   1m    28Mi   
websocket-server-658446559c-7bxtr   1m    28Mi   
websocket-server-658446559c-8zxct   1m    28Mi   
websocket-server-658446559c-dpxpn   2m    29Mi   
websocket-server-658446559c-h7lrb   1m    28Mi   
websocket-server-658446559c-ksl9s   1m    28Mi   
websocket-server-658446559c-mbzwx   7m    41Mi   
websocket-server-658446559c-pxtdk   8m    42Mi   
websocket-server-658446559c-qcw6s   1m    28Mi   
websocket-server-658446559c-sfd5g   1m    28Mi   
websocket-server-658446559c-sxxgb   1m    28Mi   
websocket-server-658446559c-tbssc   2m    30Mi   
websocket-server-658446559c-zsn2h   1m    28Mi   
1773119897
websocket-server-658446559c-4bt57   2m    30Mi   
websocket-server-658446559c-4szc6   3m    32Mi   
websocket-server-658446559c-6tmws   1m    28Mi   
websocket-server-658446559c-7bxtr   1m    28Mi   
websocket-server-658446559c-8zxct   1m    28Mi   
websocket-server-658446559c-dpxpn   2m    29Mi   
websocket-server-658446559c-h7lrb   1m    28Mi   
websocket-server-658446559c-ksl9s   1m    28Mi   
websocket-server-658446559c-mbzwx   7m    41Mi   
websocket-server-658446559c-pxtdk   8m    42Mi   
websocket-server-658446559c-qcw6s   1m    28Mi   
websocket-server-658446559c-sfd5g   1m    28Mi   
websocket-server-658446559c-sxxgb   1m    28Mi   
websocket-server-658446559c-tbssc   2m    30Mi   
websocket-server-658446559c-zsn2h   1m    28Mi   
1773119902
websocket-server-658446559c-4bt57   2m    30Mi   
websocket-server-658446559c-4szc6   3m    32Mi   
websocket-server-658446559c-6tmws   1m    28Mi   
websocket-server-658446559c-7bxtr   1m    28Mi   
websocket-server-658446559c-8zxct   1m    28Mi   
websocket-server-658446559c-dpxpn   2m    29Mi   
websocket-server-658446559c-h7lrb   1m    28Mi   
websocket-server-658446559c-ksl9s   1m    28Mi   
websocket-server-658446559c-mbzwx   7m    41Mi   
websocket-server-658446559c-pxtdk   8m    42Mi   
websocket-server-658446559c-qcw6s   1m    28Mi   
websocket-server-658446559c-sfd5g   1m    28Mi   
websocket-server-658446559c-sxxgb   1m    28Mi   
websocket-server-658446559c-tbssc   2m    30Mi   
websocket-server-658446559c-zsn2h   1m    28Mi   
1773119907
websocket-server-658446559c-4bt57   2m    30Mi   
websocket-server-658446559c-4szc6   3m    32Mi   
websocket-server-658446559c-6tmws   1m    28Mi   
websocket-server-658446559c-7bxtr   1m    28Mi   
websocket-server-658446559c-8zxct   1m    28Mi   
websocket-server-658446559c-dpxpn   2m    30Mi   
websocket-server-658446559c-h7lrb   1m    28Mi   
websocket-server-658446559c-ksl9s   1m    28Mi   
websocket-server-658446559c-mbzwx   7m    41Mi   
websocket-server-658446559c-pxtdk   8m    42Mi   
websocket-server-658446559c-qcw6s   1m    28Mi   
websocket-server-658446559c-sfd5g   1m    28Mi   
websocket-server-658446559c-sxxgb   1m    28Mi   
websocket-server-658446559c-tbssc   2m    30Mi   
websocket-server-658446559c-zsn2h   1m    28Mi   
1773119913
websocket-server-658446559c-4bt57   2m    30Mi   
websocket-server-658446559c-4szc6   3m    32Mi   
websocket-server-658446559c-6tmws   1m    28Mi   
websocket-server-658446559c-7bxtr   1m    28Mi   
websocket-server-658446559c-8zxct   1m    28Mi   
websocket-server-658446559c-dpxpn   2m    30Mi   
websocket-server-658446559c-h7lrb   1m    28Mi   
websocket-server-658446559c-ksl9s   1m    28Mi   
websocket-server-658446559c-mbzwx   7m    41Mi   
websocket-server-658446559c-pxtdk   8m    42Mi   
websocket-server-658446559c-qcw6s   1m    28Mi   
websocket-server-658446559c-sfd5g   1m    28Mi   
websocket-server-658446559c-sxxgb   1m    28Mi   
websocket-server-658446559c-tbssc   2m    30Mi   
websocket-server-658446559c-zsn2h   1m    28Mi   
1773119918
websocket-server-658446559c-4bt57   2m    30Mi   
websocket-server-658446559c-4szc6   3m    32Mi   
websocket-server-658446559c-6tmws   1m    28Mi   
websocket-server-658446559c-7bxtr   1m    28Mi   
websocket-server-658446559c-8zxct   1m    28Mi   
websocket-server-658446559c-dpxpn   2m    30Mi   
websocket-server-658446559c-h7lrb   1m    28Mi   
websocket-server-658446559c-ksl9s   1m    28Mi   
websocket-server-658446559c-mbzwx   7m    41Mi   
websocket-server-658446559c-pxtdk   8m    42Mi   
websocket-server-658446559c-qcw6s   1m    28Mi   
websocket-server-658446559c-sfd5g   1m    28Mi   
websocket-server-658446559c-sxxgb   1m    28Mi   
websocket-server-658446559c-tbssc   2m    30Mi   
websocket-server-658446559c-zsn2h   1m    28Mi   
1773119923
websocket-server-658446559c-4bt57   2m    30Mi   
websocket-server-658446559c-4szc6   3m    32Mi   
websocket-server-658446559c-6tmws   1m    28Mi   
websocket-server-658446559c-7bxtr   1m    28Mi   
websocket-server-658446559c-8zxct   0m    28Mi   
websocket-server-658446559c-dpxpn   2m    30Mi   
websocket-server-658446559c-h7lrb   1m    28Mi   
websocket-server-658446559c-ksl9s   1m    28Mi   
websocket-server-658446559c-mbzwx   6m    41Mi   
websocket-server-658446559c-pxtdk   8m    43Mi   
websocket-server-658446559c-qcw6s   1m    28Mi   
websocket-server-658446559c-sfd5g   1m    28Mi   
websocket-server-658446559c-sxxgb   1m    28Mi   
websocket-server-658446559c-tbssc   3m    30Mi   
websocket-server-658446559c-zsn2h   1m    28Mi   
1773119928
websocket-server-658446559c-4bt57   2m    30Mi   
websocket-server-658446559c-4szc6   3m    32Mi   
websocket-server-658446559c-6tmws   1m    28Mi   
websocket-server-658446559c-7bxtr   1m    28Mi   
websocket-server-658446559c-dpxpn   2m    30Mi   
websocket-server-658446559c-h7lrb   1m    28Mi   
websocket-server-658446559c-mbzwx   6m    41Mi   
websocket-server-658446559c-pxtdk   8m    43Mi   
websocket-server-658446559c-qcw6s   1m    28Mi   
websocket-server-658446559c-sfd5g   1m    28Mi   
websocket-server-658446559c-tbssc   3m    30Mi   
1773119933
websocket-server-658446559c-4bt57   2m    30Mi   
websocket-server-658446559c-4szc6   3m    32Mi   
websocket-server-658446559c-6tmws   1m    28Mi   
websocket-server-658446559c-7bxtr   1m    28Mi   
websocket-server-658446559c-dpxpn   2m    30Mi   
websocket-server-658446559c-h7lrb   1m    28Mi   
websocket-server-658446559c-mbzwx   6m    41Mi   
websocket-server-658446559c-pxtdk   8m    43Mi   
websocket-server-658446559c-qcw6s   1m    28Mi   
websocket-server-658446559c-sfd5g   1m    28Mi   
websocket-server-658446559c-tbssc   3m    30Mi   
1773119938
websocket-server-658446559c-4bt57   2m    30Mi   
websocket-server-658446559c-4szc6   4m    32Mi   
websocket-server-658446559c-6tmws   1m    28Mi   
websocket-server-658446559c-7bxtr   1m    28Mi   
websocket-server-658446559c-dpxpn   2m    29Mi   
websocket-server-658446559c-h7lrb   1m    28Mi   
websocket-server-658446559c-mbzwx   7m    40Mi   
websocket-server-658446559c-pxtdk   8m    42Mi   
websocket-server-658446559c-qcw6s   1m    28Mi   
websocket-server-658446559c-sfd5g   1m    28Mi   
websocket-server-658446559c-tbssc   2m    30Mi   
1773119943
websocket-server-658446559c-4bt57   2m    30Mi   
websocket-server-658446559c-4szc6   4m    32Mi   
websocket-server-658446559c-6tmws   1m    28Mi   
websocket-server-658446559c-7bxtr   1m    28Mi   
websocket-server-658446559c-dpxpn   2m    29Mi   
websocket-server-658446559c-h7lrb   1m    28Mi   
websocket-server-658446559c-mbzwx   7m    40Mi   
websocket-server-658446559c-pxtdk   8m    42Mi   
websocket-server-658446559c-qcw6s   1m    28Mi   
websocket-server-658446559c-sfd5g   1m    28Mi   
websocket-server-658446559c-tbssc   2m    30Mi   
1773119948
websocket-server-658446559c-4bt57   2m    30Mi   
websocket-server-658446559c-4szc6   4m    32Mi   
websocket-server-658446559c-6tmws   1m    28Mi   
websocket-server-658446559c-7bxtr   1m    28Mi   
websocket-server-658446559c-dpxpn   2m    29Mi   
websocket-server-658446559c-h7lrb   1m    28Mi   
websocket-server-658446559c-mbzwx   7m    40Mi   
websocket-server-658446559c-pxtdk   8m    42Mi   
websocket-server-658446559c-qcw6s   1m    28Mi   
websocket-server-658446559c-sfd5g   1m    28Mi   
websocket-server-658446559c-tbssc   2m    30Mi   
1773119953
websocket-server-658446559c-4bt57   2m    30Mi   
websocket-server-658446559c-4szc6   3m    32Mi   
websocket-server-658446559c-6tmws   1m    28Mi   
websocket-server-658446559c-7bxtr   1m    28Mi   
websocket-server-658446559c-dpxpn   2m    29Mi   
websocket-server-658446559c-h7lrb   1m    28Mi   
websocket-server-658446559c-mbzwx   6m    41Mi   
websocket-server-658446559c-pxtdk   8m    43Mi   
websocket-server-658446559c-qcw6s   1m    28Mi   
websocket-server-658446559c-sfd5g   1m    28Mi   
websocket-server-658446559c-tbssc   2m    30Mi   
1773119958
websocket-server-658446559c-4bt57   2m    30Mi   
websocket-server-658446559c-4szc6   3m    32Mi   
websocket-server-658446559c-6tmws   1m    28Mi   
websocket-server-658446559c-7bxtr   1m    28Mi   
websocket-server-658446559c-dpxpn   2m    29Mi   
websocket-server-658446559c-h7lrb   1m    28Mi   
websocket-server-658446559c-mbzwx   6m    41Mi   
websocket-server-658446559c-pxtdk   8m    43Mi   
websocket-server-658446559c-qcw6s   1m    28Mi   
websocket-server-658446559c-sfd5g   1m    28Mi   
websocket-server-658446559c-tbssc   2m    30Mi   
1773119964
websocket-server-658446559c-4bt57   2m    30Mi   
websocket-server-658446559c-4szc6   3m    32Mi   
websocket-server-658446559c-6tmws   1m    28Mi   
websocket-server-658446559c-7bxtr   1m    28Mi   
websocket-server-658446559c-dpxpn   2m    29Mi   
websocket-server-658446559c-h7lrb   1m    28Mi   
websocket-server-658446559c-mbzwx   6m    41Mi   
websocket-server-658446559c-pxtdk   8m    43Mi   
websocket-server-658446559c-qcw6s   1m    28Mi   
websocket-server-658446559c-sfd5g   1m    28Mi   
websocket-server-658446559c-tbssc   2m    30Mi   
1773119969
websocket-server-658446559c-4bt57   2m    30Mi   
websocket-server-658446559c-4szc6   3m    32Mi   
websocket-server-658446559c-6tmws   1m    28Mi   
websocket-server-658446559c-7bxtr   1m    28Mi   
websocket-server-658446559c-dpxpn   2m    30Mi   
websocket-server-658446559c-h7lrb   1m    28Mi   
websocket-server-658446559c-mbzwx   7m    41Mi   
websocket-server-658446559c-pxtdk   8m    42Mi   
websocket-server-658446559c-qcw6s   1m    28Mi   
websocket-server-658446559c-sfd5g   1m    28Mi   
websocket-server-658446559c-tbssc   2m    31Mi   
1773119974
websocket-server-658446559c-4bt57   2m    30Mi   
websocket-server-658446559c-4szc6   3m    32Mi   
websocket-server-658446559c-6tmws   1m    28Mi   
websocket-server-658446559c-7bxtr   1m    28Mi   
websocket-server-658446559c-dpxpn   2m    30Mi   
websocket-server-658446559c-h7lrb   1m    28Mi   
websocket-server-658446559c-mbzwx   7m    41Mi   
websocket-server-658446559c-pxtdk   8m    42Mi   
websocket-server-658446559c-qcw6s   1m    28Mi   
websocket-server-658446559c-sfd5g   1m    28Mi   
websocket-server-658446559c-tbssc   2m    31Mi   
1773119979
websocket-server-658446559c-4bt57   2m    30Mi   
websocket-server-658446559c-4szc6   3m    32Mi   
websocket-server-658446559c-6tmws   1m    28Mi   
websocket-server-658446559c-7bxtr   1m    28Mi   
websocket-server-658446559c-dpxpn   2m    30Mi   
websocket-server-658446559c-h7lrb   1m    28Mi   
websocket-server-658446559c-mbzwx   7m    41Mi   
websocket-server-658446559c-pxtdk   8m    42Mi   
websocket-server-658446559c-qcw6s   1m    28Mi   
websocket-server-658446559c-sfd5g   1m    28Mi   
websocket-server-658446559c-tbssc   2m    31Mi   
1773119984
websocket-server-658446559c-4bt57   2m    30Mi   
websocket-server-658446559c-4szc6   3m    32Mi   
websocket-server-658446559c-6tmws   1m    28Mi   
websocket-server-658446559c-7bxtr   1m    28Mi   
websocket-server-658446559c-dpxpn   2m    30Mi   
websocket-server-658446559c-h7lrb   1m    28Mi   
websocket-server-658446559c-mbzwx   7m    41Mi   
websocket-server-658446559c-pxtdk   8m    42Mi   
websocket-server-658446559c-qcw6s   1m    28Mi   
websocket-server-658446559c-sfd5g   1m    28Mi   
websocket-server-658446559c-tbssc   2m    30Mi   
1773119989
websocket-server-658446559c-4bt57   2m    30Mi   
websocket-server-658446559c-4szc6   3m    32Mi   
websocket-server-658446559c-6tmws   1m    28Mi   
websocket-server-658446559c-7bxtr   1m    28Mi   
websocket-server-658446559c-dpxpn   2m    30Mi   
websocket-server-658446559c-h7lrb   1m    28Mi   
websocket-server-658446559c-pxtdk   8m    42Mi   
1773119994
websocket-server-658446559c-4bt57   2m    30Mi   
websocket-server-658446559c-4szc6   3m    32Mi   
websocket-server-658446559c-6tmws   1m    28Mi   
websocket-server-658446559c-7bxtr   1m    28Mi   
websocket-server-658446559c-dpxpn   2m    30Mi   
websocket-server-658446559c-h7lrb   1m    28Mi   
websocket-server-658446559c-pxtdk   8m    42Mi   
1773119999
websocket-server-658446559c-4bt57   2m    30Mi   
websocket-server-658446559c-4szc6   4m    32Mi   
websocket-server-658446559c-6tmws   1m    28Mi   
websocket-server-658446559c-7bxtr   1m    28Mi   
websocket-server-658446559c-dpxpn   2m    30Mi   
websocket-server-658446559c-h7lrb   1m    28Mi   
websocket-server-658446559c-pxtdk   9m    42Mi   
1773120004
websocket-server-658446559c-4bt57   2m    30Mi   
websocket-server-658446559c-4szc6   4m    32Mi   
websocket-server-658446559c-6tmws   1m    28Mi   
websocket-server-658446559c-7bxtr   1m    28Mi   
websocket-server-658446559c-dpxpn   2m    30Mi   
websocket-server-658446559c-h7lrb   1m    28Mi   
websocket-server-658446559c-pxtdk   9m    42Mi   
1773120009
websocket-server-658446559c-4bt57   2m    30Mi   
websocket-server-658446559c-4szc6   4m    32Mi   
websocket-server-658446559c-6tmws   1m    28Mi   
websocket-server-658446559c-7bxtr   1m    28Mi   
websocket-server-658446559c-dpxpn   2m    30Mi   
websocket-server-658446559c-h7lrb   1m    28Mi   
websocket-server-658446559c-pxtdk   9m    42Mi   
1773120015
websocket-server-658446559c-4bt57   2m    30Mi   
websocket-server-658446559c-4szc6   3m    32Mi   
websocket-server-658446559c-6tmws   1m    28Mi   
websocket-server-658446559c-7bxtr   1m    28Mi   
websocket-server-658446559c-dpxpn   2m    29Mi   
websocket-server-658446559c-h7lrb   1m    28Mi   
websocket-server-658446559c-pxtdk   8m    43Mi   
1773120020
websocket-server-658446559c-4bt57   2m    30Mi   
websocket-server-658446559c-4szc6   3m    32Mi   
websocket-server-658446559c-6tmws   1m    28Mi   
websocket-server-658446559c-7bxtr   1m    28Mi   
websocket-server-658446559c-dpxpn   2m    29Mi   
websocket-server-658446559c-h7lrb   1m    28Mi   
websocket-server-658446559c-pxtdk   8m    43Mi   
1773120025
websocket-server-658446559c-4bt57   2m    30Mi   
websocket-server-658446559c-4szc6   3m    32Mi   
websocket-server-658446559c-6tmws   1m    28Mi   
websocket-server-658446559c-7bxtr   1m    28Mi   
websocket-server-658446559c-dpxpn   2m    29Mi   
websocket-server-658446559c-h7lrb   1m    28Mi   
websocket-server-658446559c-pxtdk   8m    43Mi   
1773120030
websocket-server-658446559c-4bt57   2m    30Mi   
websocket-server-658446559c-4szc6   3m    32Mi   
websocket-server-658446559c-6tmws   1m    28Mi   
websocket-server-658446559c-7bxtr   1m    28Mi   
websocket-server-658446559c-dpxpn   2m    29Mi   
websocket-server-658446559c-h7lrb   1m    28Mi   
websocket-server-658446559c-pxtdk   8m    43Mi   
1773120035
websocket-server-658446559c-4bt57   2m    30Mi   
websocket-server-658446559c-4szc6   3m    32Mi   
websocket-server-658446559c-6tmws   1m    28Mi   
websocket-server-658446559c-7bxtr   1m    28Mi   
websocket-server-658446559c-dpxpn   2m    29Mi   
websocket-server-658446559c-h7lrb   1m    28Mi   
websocket-server-658446559c-pxtdk   8m    43Mi   
1773120040
websocket-server-658446559c-4bt57   2m    30Mi   
websocket-server-658446559c-4szc6   4m    32Mi   
websocket-server-658446559c-6tmws   1m    28Mi   
websocket-server-658446559c-7bxtr   1m    28Mi   
websocket-server-658446559c-dpxpn   2m    29Mi   
websocket-server-658446559c-h7lrb   1m    28Mi   
websocket-server-658446559c-pxtdk   8m    43Mi   
1773120045
websocket-server-658446559c-4bt57   2m    30Mi   
websocket-server-658446559c-4szc6   4m    32Mi   
websocket-server-658446559c-6tmws   1m    28Mi   
websocket-server-658446559c-7bxtr   1m    28Mi   
websocket-server-658446559c-dpxpn   2m    29Mi   
websocket-server-658446559c-h7lrb   1m    28Mi   
websocket-server-658446559c-pxtdk   8m    43Mi   
1773120050
websocket-server-658446559c-4bt57   2m    30Mi   
websocket-server-658446559c-6tmws   1m    28Mi   
websocket-server-658446559c-h7lrb   1m    28Mi   
1773120055
websocket-server-658446559c-4bt57   2m    30Mi   
websocket-server-658446559c-6tmws   1m    28Mi   
websocket-server-658446559c-h7lrb   1m    28Mi   
1773120061
websocket-server-658446559c-4bt57   2m    30Mi   
websocket-server-658446559c-6tmws   1m    28Mi   
websocket-server-658446559c-h7lrb   1m    28Mi   
1773120066
websocket-server-658446559c-4bt57   2m    30Mi   
websocket-server-658446559c-6tmws   1m    28Mi   
websocket-server-658446559c-h7lrb   1m    28Mi   
1773120071
websocket-server-658446559c-4bt57   2m    30Mi   
websocket-server-658446559c-6tmws   1m    28Mi   
websocket-server-658446559c-h7lrb   1m    28Mi   
1773120076
websocket-server-658446559c-4bt57   2m    30Mi   
websocket-server-658446559c-6tmws   1m    28Mi   
websocket-server-658446559c-h7lrb   1m    28Mi   
