1773124312
websocket-server-b9ff574dc-5m55q   51m   28Mi   
websocket-server-b9ff574dc-npz6w   45m   28Mi   
1773124317
websocket-server-b9ff574dc-5m55q   51m   28Mi   
websocket-server-b9ff574dc-npz6w   45m   28Mi   
1773124322
websocket-server-b9ff574dc-5m55q   51m   28Mi   
websocket-server-b9ff574dc-npz6w   45m   28Mi   
1773124327
websocket-server-b9ff574dc-5m55q   1m    28Mi   
websocket-server-b9ff574dc-npz6w   1m    28Mi   
1773124332
websocket-server-b9ff574dc-5m55q   1m    28Mi   
websocket-server-b9ff574dc-npz6w   1m    28Mi   
1773124337
websocket-server-b9ff574dc-5m55q   1m    28Mi   
websocket-server-b9ff574dc-npz6w   1m    28Mi   
1773124342
websocket-server-b9ff574dc-5m55q   4m    29Mi   
websocket-server-b9ff574dc-npz6w   6m    29Mi   
1773124347
websocket-server-b9ff574dc-5m55q   4m    29Mi   
websocket-server-b9ff574dc-npz6w   6m    29Mi   
1773124352
websocket-server-b9ff574dc-5m55q   4m    29Mi   
websocket-server-b9ff574dc-npz6w   6m    29Mi   
1773124358
websocket-server-b9ff574dc-5m55q   10m   31Mi   
websocket-server-b9ff574dc-npz6w   13m   33Mi   
1773124363
websocket-server-b9ff574dc-5m55q   10m   31Mi   
websocket-server-b9ff574dc-npz6w   13m   33Mi   
1773124368
websocket-server-b9ff574dc-5m55q   10m   31Mi   
websocket-server-b9ff574dc-npz6w   13m   33Mi   
1773124373
websocket-server-b9ff574dc-5m55q   18m   36Mi   
websocket-server-b9ff574dc-npz6w   18m   37Mi   
websocket-server-b9ff574dc-q5fh9   47m   30Mi   
1773124378
websocket-server-b9ff574dc-5m55q   18m   36Mi   
websocket-server-b9ff574dc-npz6w   18m   37Mi   
websocket-server-b9ff574dc-q5fh9   47m   30Mi   
1773124383
websocket-server-b9ff574dc-5m55q   21m   37Mi   
websocket-server-b9ff574dc-ltmp8   39m   29Mi   
websocket-server-b9ff574dc-npz6w   22m   39Mi   
websocket-server-b9ff574dc-q5fh9   8m    30Mi   
1773124388
websocket-server-b9ff574dc-5m55q   21m   37Mi   
websocket-server-b9ff574dc-ltmp8   39m   29Mi   
websocket-server-b9ff574dc-npz6w   22m   39Mi   
websocket-server-b9ff574dc-q5fh9   8m    30Mi   
1773124393
websocket-server-b9ff574dc-5m55q   21m   37Mi   
websocket-server-b9ff574dc-ltmp8   39m   29Mi   
websocket-server-b9ff574dc-npz6w   22m   39Mi   
websocket-server-b9ff574dc-q5fh9   8m    30Mi   
1773124398
websocket-server-b9ff574dc-5m55q   27m   41Mi   
websocket-server-b9ff574dc-94np2   4m    28Mi   
websocket-server-b9ff574dc-ltmp8   6m    29Mi   
websocket-server-b9ff574dc-npz6w   25m   40Mi   
websocket-server-b9ff574dc-q5fh9   10m   32Mi   
websocket-server-b9ff574dc-v7jb8   50m   28Mi   
1773124404
websocket-server-b9ff574dc-5m55q   27m   41Mi   
websocket-server-b9ff574dc-94np2   4m    28Mi   
websocket-server-b9ff574dc-ltmp8   6m    29Mi   
websocket-server-b9ff574dc-npz6w   25m   40Mi   
websocket-server-b9ff574dc-q5fh9   10m   32Mi   
websocket-server-b9ff574dc-v7jb8   50m   28Mi   
1773124409
websocket-server-b9ff574dc-5m55q   27m   41Mi   
websocket-server-b9ff574dc-94np2   4m    28Mi   
websocket-server-b9ff574dc-ltmp8   6m    29Mi   
websocket-server-b9ff574dc-npz6w   25m   40Mi   
websocket-server-b9ff574dc-q5fh9   10m   32Mi   
websocket-server-b9ff574dc-v7jb8   50m   28Mi   
1773124414
websocket-server-b9ff574dc-5m55q   29m   43Mi   
websocket-server-b9ff574dc-94np2   2m    28Mi   
websocket-server-b9ff574dc-ltmp8   7m    30Mi   
websocket-server-b9ff574dc-mv92k   49m   28Mi   
websocket-server-b9ff574dc-npz6w   26m   42Mi   
websocket-server-b9ff574dc-q5fh9   15m   33Mi   
websocket-server-b9ff574dc-v7jb8   48m   28Mi   
1773124419
websocket-server-b9ff574dc-5m55q   29m   43Mi   
websocket-server-b9ff574dc-94np2   2m    28Mi   
websocket-server-b9ff574dc-ltmp8   7m    30Mi   
websocket-server-b9ff574dc-mv92k   49m   28Mi   
websocket-server-b9ff574dc-npz6w   26m   42Mi   
websocket-server-b9ff574dc-q5fh9   15m   33Mi   
websocket-server-b9ff574dc-v7jb8   48m   28Mi   
1773124424
websocket-server-b9ff574dc-5m55q   29m   43Mi   
websocket-server-b9ff574dc-94np2   2m    28Mi   
websocket-server-b9ff574dc-ltmp8   7m    30Mi   
websocket-server-b9ff574dc-mv92k   49m   28Mi   
websocket-server-b9ff574dc-npz6w   26m   42Mi   
websocket-server-b9ff574dc-q5fh9   15m   33Mi   
websocket-server-b9ff574dc-v7jb8   48m   28Mi   
1773124429
websocket-server-b9ff574dc-5m55q   29m   43Mi   
websocket-server-b9ff574dc-94np2   5m    29Mi   
websocket-server-b9ff574dc-ltmp8   7m    31Mi   
websocket-server-b9ff574dc-mv92k   1m    28Mi   
websocket-server-b9ff574dc-npz6w   26m   42Mi   
websocket-server-b9ff574dc-q5fh9   14m   35Mi   
websocket-server-b9ff574dc-v7jb8   5m    29Mi   
websocket-server-b9ff574dc-zb4bc   1m    28Mi   
1773124434
websocket-server-b9ff574dc-5m55q   29m   43Mi   
websocket-server-b9ff574dc-94np2   5m    29Mi   
websocket-server-b9ff574dc-ltmp8   7m    31Mi   
websocket-server-b9ff574dc-mv92k   1m    28Mi   
websocket-server-b9ff574dc-npz6w   26m   42Mi   
websocket-server-b9ff574dc-q5fh9   14m   35Mi   
websocket-server-b9ff574dc-v7jb8   5m    29Mi   
websocket-server-b9ff574dc-zb4bc   1m    28Mi   
1773124439
websocket-server-b9ff574dc-5m55q   29m   43Mi   
websocket-server-b9ff574dc-94np2   5m    29Mi   
websocket-server-b9ff574dc-ltmp8   7m    31Mi   
websocket-server-b9ff574dc-mv92k   1m    28Mi   
websocket-server-b9ff574dc-npz6w   26m   42Mi   
websocket-server-b9ff574dc-q5fh9   14m   35Mi   
websocket-server-b9ff574dc-v7jb8   5m    29Mi   
websocket-server-b9ff574dc-zb4bc   1m    28Mi   
1773124444
websocket-server-b9ff574dc-5m55q   30m   44Mi   
websocket-server-b9ff574dc-94np2   5m    29Mi   
websocket-server-b9ff574dc-ltmp8   7m    30Mi   
websocket-server-b9ff574dc-mv92k   2m    28Mi   
websocket-server-b9ff574dc-npz6w   25m   42Mi   
websocket-server-b9ff574dc-q5fh9   14m   35Mi   
websocket-server-b9ff574dc-v7jb8   4m    29Mi   
websocket-server-b9ff574dc-zb4bc   1m    28Mi   
1773124449
websocket-server-b9ff574dc-5m55q   30m   44Mi   
websocket-server-b9ff574dc-94np2   5m    29Mi   
websocket-server-b9ff574dc-ltmp8   7m    30Mi   
websocket-server-b9ff574dc-mv92k   2m    28Mi   
websocket-server-b9ff574dc-npz6w   25m   42Mi   
websocket-server-b9ff574dc-q5fh9   14m   35Mi   
websocket-server-b9ff574dc-v7jb8   4m    29Mi   
websocket-server-b9ff574dc-zb4bc   1m    28Mi   
1773124455
websocket-server-b9ff574dc-5m55q   30m   44Mi   
websocket-server-b9ff574dc-94np2   5m    29Mi   
websocket-server-b9ff574dc-ltmp8   7m    30Mi   
websocket-server-b9ff574dc-mv92k   2m    28Mi   
websocket-server-b9ff574dc-npz6w   25m   42Mi   
websocket-server-b9ff574dc-q5fh9   14m   35Mi   
websocket-server-b9ff574dc-v7jb8   4m    29Mi   
websocket-server-b9ff574dc-zb4bc   1m    28Mi   
1773124460
websocket-server-b9ff574dc-5m55q   17m   44Mi   
websocket-server-b9ff574dc-94np2   5m    29Mi   
websocket-server-b9ff574dc-ltmp8   4m    30Mi   
websocket-server-b9ff574dc-mv92k   1m    28Mi   
websocket-server-b9ff574dc-npz6w   17m   42Mi   
websocket-server-b9ff574dc-q5fh9   14m   35Mi   
websocket-server-b9ff574dc-v7jb8   3m    29Mi   
websocket-server-b9ff574dc-zb4bc   1m    28Mi   
1773124465
websocket-server-b9ff574dc-5m55q   17m   44Mi   
websocket-server-b9ff574dc-94np2   5m    29Mi   
websocket-server-b9ff574dc-ltmp8   4m    30Mi   
websocket-server-b9ff574dc-mv92k   1m    28Mi   
websocket-server-b9ff574dc-npz6w   17m   42Mi   
websocket-server-b9ff574dc-q5fh9   14m   35Mi   
websocket-server-b9ff574dc-v7jb8   3m    29Mi   
websocket-server-b9ff574dc-zb4bc   1m    28Mi   
1773124470
websocket-server-b9ff574dc-5m55q   17m   44Mi   
websocket-server-b9ff574dc-94np2   5m    29Mi   
websocket-server-b9ff574dc-ltmp8   4m    30Mi   
websocket-server-b9ff574dc-mv92k   1m    28Mi   
websocket-server-b9ff574dc-npz6w   17m   42Mi   
websocket-server-b9ff574dc-q5fh9   14m   35Mi   
websocket-server-b9ff574dc-v7jb8   3m    29Mi   
websocket-server-b9ff574dc-zb4bc   1m    28Mi   
1773124475
websocket-server-b9ff574dc-5m55q   8m    43Mi   
websocket-server-b9ff574dc-94np2   2m    30Mi   
websocket-server-b9ff574dc-ltmp8   2m    30Mi   
websocket-server-b9ff574dc-mv92k   1m    28Mi   
websocket-server-b9ff574dc-npz6w   7m    42Mi   
websocket-server-b9ff574dc-q5fh9   5m    34Mi   
websocket-server-b9ff574dc-v7jb8   1m    29Mi   
websocket-server-b9ff574dc-zb4bc   1m    28Mi   
1773124480
websocket-server-b9ff574dc-5m55q   8m    43Mi   
websocket-server-b9ff574dc-94np2   2m    30Mi   
websocket-server-b9ff574dc-ltmp8   2m    30Mi   
websocket-server-b9ff574dc-mv92k   1m    28Mi   
websocket-server-b9ff574dc-npz6w   7m    42Mi   
websocket-server-b9ff574dc-q5fh9   5m    34Mi   
websocket-server-b9ff574dc-v7jb8   1m    29Mi   
websocket-server-b9ff574dc-zb4bc   1m    28Mi   
1773124485
websocket-server-b9ff574dc-5m55q   8m    43Mi   
websocket-server-b9ff574dc-94np2   2m    30Mi   
websocket-server-b9ff574dc-ltmp8   2m    30Mi   
websocket-server-b9ff574dc-mv92k   1m    28Mi   
websocket-server-b9ff574dc-npz6w   7m    42Mi   
websocket-server-b9ff574dc-q5fh9   5m    34Mi   
websocket-server-b9ff574dc-v7jb8   1m    29Mi   
websocket-server-b9ff574dc-zb4bc   1m    28Mi   
1773124490
websocket-server-b9ff574dc-5m55q   8m    44Mi   
websocket-server-b9ff574dc-94np2   2m    29Mi   
websocket-server-b9ff574dc-ltmp8   2m    30Mi   
websocket-server-b9ff574dc-mv92k   1m    28Mi   
websocket-server-b9ff574dc-npz6w   7m    42Mi   
websocket-server-b9ff574dc-q5fh9   4m    34Mi   
websocket-server-b9ff574dc-v7jb8   1m    29Mi   
websocket-server-b9ff574dc-zb4bc   1m    28Mi   
1773124495
websocket-server-b9ff574dc-5m55q   8m    44Mi   
websocket-server-b9ff574dc-94np2   2m    29Mi   
websocket-server-b9ff574dc-ltmp8   2m    30Mi   
websocket-server-b9ff574dc-mv92k   1m    28Mi   
websocket-server-b9ff574dc-npz6w   7m    42Mi   
websocket-server-b9ff574dc-q5fh9   4m    34Mi   
websocket-server-b9ff574dc-v7jb8   1m    29Mi   
websocket-server-b9ff574dc-zb4bc   1m    28Mi   
1773124500
websocket-server-b9ff574dc-5m55q   8m    44Mi   
websocket-server-b9ff574dc-94np2   2m    29Mi   
websocket-server-b9ff574dc-ltmp8   2m    30Mi   
websocket-server-b9ff574dc-mv92k   1m    28Mi   
websocket-server-b9ff574dc-npz6w   7m    42Mi   
websocket-server-b9ff574dc-q5fh9   4m    34Mi   
websocket-server-b9ff574dc-v7jb8   1m    29Mi   
websocket-server-b9ff574dc-zb4bc   1m    28Mi   
1773124505
websocket-server-b9ff574dc-5m55q   8m    43Mi   
websocket-server-b9ff574dc-94np2   2m    29Mi   
websocket-server-b9ff574dc-ltmp8   2m    31Mi   
websocket-server-b9ff574dc-mv92k   1m    28Mi   
websocket-server-b9ff574dc-npz6w   7m    42Mi   
websocket-server-b9ff574dc-q5fh9   4m    34Mi   
websocket-server-b9ff574dc-v7jb8   2m    29Mi   
websocket-server-b9ff574dc-zb4bc   1m    28Mi   
1773124511
websocket-server-b9ff574dc-5m55q   8m    43Mi   
websocket-server-b9ff574dc-94np2   2m    29Mi   
websocket-server-b9ff574dc-ltmp8   2m    31Mi   
websocket-server-b9ff574dc-mv92k   1m    28Mi   
websocket-server-b9ff574dc-npz6w   7m    42Mi   
websocket-server-b9ff574dc-q5fh9   4m    34Mi   
websocket-server-b9ff574dc-v7jb8   2m    29Mi   
websocket-server-b9ff574dc-zb4bc   1m    28Mi   
1773124516
websocket-server-b9ff574dc-5m55q   8m    43Mi   
websocket-server-b9ff574dc-94np2   2m    29Mi   
websocket-server-b9ff574dc-ltmp8   2m    31Mi   
websocket-server-b9ff574dc-mv92k   1m    28Mi   
websocket-server-b9ff574dc-npz6w   7m    42Mi   
websocket-server-b9ff574dc-q5fh9   4m    34Mi   
websocket-server-b9ff574dc-v7jb8   2m    29Mi   
websocket-server-b9ff574dc-zb4bc   1m    28Mi   
1773124521
websocket-server-b9ff574dc-5m55q   16m   42Mi   
websocket-server-b9ff574dc-94np2   5m    29Mi   
websocket-server-b9ff574dc-ltmp8   6m    30Mi   
websocket-server-b9ff574dc-mv92k   2m    28Mi   
websocket-server-b9ff574dc-npz6w   14m   41Mi   
websocket-server-b9ff574dc-q5fh9   10m   34Mi   
websocket-server-b9ff574dc-v7jb8   2m    29Mi   
websocket-server-b9ff574dc-zb4bc   1m    28Mi   
1773124526
websocket-server-b9ff574dc-5m55q   16m   42Mi   
websocket-server-b9ff574dc-94np2   5m    29Mi   
websocket-server-b9ff574dc-ltmp8   6m    30Mi   
websocket-server-b9ff574dc-mv92k   2m    28Mi   
websocket-server-b9ff574dc-npz6w   14m   41Mi   
websocket-server-b9ff574dc-q5fh9   10m   34Mi   
websocket-server-b9ff574dc-v7jb8   2m    29Mi   
websocket-server-b9ff574dc-zb4bc   1m    28Mi   
1773124531
websocket-server-b9ff574dc-5m55q   16m   42Mi   
websocket-server-b9ff574dc-94np2   5m    29Mi   
websocket-server-b9ff574dc-ltmp8   6m    30Mi   
websocket-server-b9ff574dc-mv92k   2m    28Mi   
websocket-server-b9ff574dc-npz6w   14m   41Mi   
websocket-server-b9ff574dc-q5fh9   10m   34Mi   
websocket-server-b9ff574dc-v7jb8   2m    29Mi   
websocket-server-b9ff574dc-zb4bc   1m    28Mi   
1773124536
websocket-server-b9ff574dc-5m55q   1m    42Mi   
websocket-server-b9ff574dc-94np2   1m    29Mi   
websocket-server-b9ff574dc-ltmp8   1m    30Mi   
websocket-server-b9ff574dc-mv92k   0m    28Mi   
websocket-server-b9ff574dc-npz6w   1m    41Mi   
websocket-server-b9ff574dc-q5fh9   1m    34Mi   
websocket-server-b9ff574dc-v7jb8   2m    29Mi   
websocket-server-b9ff574dc-zb4bc   1m    28Mi   
1773124541
websocket-server-b9ff574dc-5m55q   1m    42Mi   
websocket-server-b9ff574dc-94np2   1m    29Mi   
websocket-server-b9ff574dc-ltmp8   1m    30Mi   
websocket-server-b9ff574dc-mv92k   0m    28Mi   
websocket-server-b9ff574dc-npz6w   1m    41Mi   
websocket-server-b9ff574dc-q5fh9   1m    34Mi   
websocket-server-b9ff574dc-v7jb8   2m    29Mi   
websocket-server-b9ff574dc-zb4bc   1m    28Mi   
1773124546
websocket-server-b9ff574dc-5m55q   1m    42Mi   
websocket-server-b9ff574dc-94np2   1m    29Mi   
websocket-server-b9ff574dc-ltmp8   1m    30Mi   
websocket-server-b9ff574dc-mv92k   0m    28Mi   
websocket-server-b9ff574dc-npz6w   1m    41Mi   
websocket-server-b9ff574dc-q5fh9   1m    34Mi   
websocket-server-b9ff574dc-v7jb8   2m    29Mi   
websocket-server-b9ff574dc-zb4bc   1m    28Mi   
1773124551
websocket-server-b9ff574dc-5m55q   1m    42Mi   
websocket-server-b9ff574dc-94np2   1m    29Mi   
websocket-server-b9ff574dc-ltmp8   1m    30Mi   
websocket-server-b9ff574dc-mv92k   1m    28Mi   
websocket-server-b9ff574dc-npz6w   1m    41Mi   
websocket-server-b9ff574dc-q5fh9   1m    34Mi   
websocket-server-b9ff574dc-v7jb8   2m    29Mi   
websocket-server-b9ff574dc-zb4bc   1m    28Mi   
1773124556
websocket-server-b9ff574dc-5m55q   1m    42Mi   
websocket-server-b9ff574dc-94np2   1m    29Mi   
websocket-server-b9ff574dc-ltmp8   1m    30Mi   
websocket-server-b9ff574dc-mv92k   1m    28Mi   
websocket-server-b9ff574dc-npz6w   1m    41Mi   
websocket-server-b9ff574dc-q5fh9   1m    34Mi   
websocket-server-b9ff574dc-v7jb8   2m    29Mi   
websocket-server-b9ff574dc-zb4bc   1m    28Mi   
1773124562
websocket-server-b9ff574dc-5m55q   1m    42Mi   
websocket-server-b9ff574dc-94np2   1m    29Mi   
websocket-server-b9ff574dc-ltmp8   1m    30Mi   
websocket-server-b9ff574dc-mv92k   1m    28Mi   
websocket-server-b9ff574dc-npz6w   1m    41Mi   
websocket-server-b9ff574dc-q5fh9   1m    34Mi   
websocket-server-b9ff574dc-v7jb8   2m    29Mi   
websocket-server-b9ff574dc-zb4bc   1m    28Mi   
1773124567
websocket-server-b9ff574dc-5m55q   1m    42Mi   
websocket-server-b9ff574dc-94np2   1m    29Mi   
websocket-server-b9ff574dc-ltmp8   1m    30Mi   
websocket-server-b9ff574dc-mv92k   1m    28Mi   
websocket-server-b9ff574dc-npz6w   1m    41Mi   
websocket-server-b9ff574dc-q5fh9   1m    34Mi   
websocket-server-b9ff574dc-v7jb8   1m    29Mi   
websocket-server-b9ff574dc-zb4bc   1m    28Mi   
1773124572
websocket-server-b9ff574dc-5m55q   1m    42Mi   
websocket-server-b9ff574dc-94np2   1m    29Mi   
websocket-server-b9ff574dc-ltmp8   1m    30Mi   
websocket-server-b9ff574dc-mv92k   1m    28Mi   
websocket-server-b9ff574dc-npz6w   1m    41Mi   
websocket-server-b9ff574dc-q5fh9   1m    34Mi   
websocket-server-b9ff574dc-v7jb8   1m    29Mi   
websocket-server-b9ff574dc-zb4bc   1m    28Mi   
1773124577
websocket-server-b9ff574dc-5m55q   1m    42Mi   
websocket-server-b9ff574dc-94np2   1m    29Mi   
websocket-server-b9ff574dc-ltmp8   1m    30Mi   
websocket-server-b9ff574dc-mv92k   1m    28Mi   
websocket-server-b9ff574dc-npz6w   1m    41Mi   
websocket-server-b9ff574dc-q5fh9   1m    34Mi   
websocket-server-b9ff574dc-v7jb8   1m    29Mi   
websocket-server-b9ff574dc-zb4bc   1m    28Mi   
1773124582
websocket-server-b9ff574dc-5m55q   2m    43Mi   
websocket-server-b9ff574dc-94np2   2m    30Mi   
websocket-server-b9ff574dc-ltmp8   1m    31Mi   
websocket-server-b9ff574dc-mv92k   2m    28Mi   
websocket-server-b9ff574dc-npz6w   1m    42Mi   
websocket-server-b9ff574dc-q5fh9   1m    35Mi   
websocket-server-b9ff574dc-v7jb8   1m    29Mi   
websocket-server-b9ff574dc-zb4bc   1m    28Mi   
1773124587
websocket-server-b9ff574dc-5m55q   2m    43Mi   
websocket-server-b9ff574dc-94np2   2m    30Mi   
websocket-server-b9ff574dc-ltmp8   1m    31Mi   
websocket-server-b9ff574dc-mv92k   2m    28Mi   
websocket-server-b9ff574dc-npz6w   1m    42Mi   
websocket-server-b9ff574dc-q5fh9   1m    35Mi   
websocket-server-b9ff574dc-v7jb8   1m    29Mi   
websocket-server-b9ff574dc-zb4bc   1m    28Mi   
1773124592
websocket-server-b9ff574dc-5m55q   2m    43Mi   
websocket-server-b9ff574dc-94np2   2m    30Mi   
websocket-server-b9ff574dc-ltmp8   1m    31Mi   
websocket-server-b9ff574dc-mv92k   2m    28Mi   
websocket-server-b9ff574dc-npz6w   1m    42Mi   
websocket-server-b9ff574dc-q5fh9   1m    35Mi   
websocket-server-b9ff574dc-v7jb8   1m    29Mi   
websocket-server-b9ff574dc-zb4bc   1m    28Mi   
1773124597
websocket-server-b9ff574dc-5m55q   4m    43Mi   
websocket-server-b9ff574dc-94np2   4m    31Mi   
websocket-server-b9ff574dc-ltmp8   1m    31Mi   
websocket-server-b9ff574dc-mv92k   4m    29Mi   
websocket-server-b9ff574dc-npz6w   1m    42Mi   
websocket-server-b9ff574dc-q5fh9   3m    35Mi   
websocket-server-b9ff574dc-v7jb8   2m    29Mi   
websocket-server-b9ff574dc-zb4bc   4m    29Mi   
1773124602
websocket-server-b9ff574dc-5m55q   4m    43Mi   
websocket-server-b9ff574dc-94np2   4m    31Mi   
websocket-server-b9ff574dc-ltmp8   1m    31Mi   
websocket-server-b9ff574dc-mv92k   4m    29Mi   
websocket-server-b9ff574dc-npz6w   1m    42Mi   
websocket-server-b9ff574dc-q5fh9   3m    35Mi   
websocket-server-b9ff574dc-v7jb8   2m    29Mi   
websocket-server-b9ff574dc-zb4bc   4m    29Mi   
1773124607
websocket-server-b9ff574dc-5m55q   4m    43Mi   
websocket-server-b9ff574dc-94np2   4m    31Mi   
websocket-server-b9ff574dc-ltmp8   1m    31Mi   
websocket-server-b9ff574dc-mv92k   4m    29Mi   
websocket-server-b9ff574dc-npz6w   1m    42Mi   
websocket-server-b9ff574dc-q5fh9   3m    35Mi   
websocket-server-b9ff574dc-v7jb8   2m    29Mi   
websocket-server-b9ff574dc-zb4bc   4m    29Mi   
1773124612
websocket-server-b9ff574dc-5m55q   6m    44Mi   
websocket-server-b9ff574dc-94np2   4m    31Mi   
websocket-server-b9ff574dc-ltmp8   3m    31Mi   
websocket-server-b9ff574dc-mv92k   4m    29Mi   
websocket-server-b9ff574dc-npz6w   4m    42Mi   
websocket-server-b9ff574dc-q5fh9   6m    36Mi   
websocket-server-b9ff574dc-v7jb8   4m    30Mi   
websocket-server-b9ff574dc-zb4bc   6m    30Mi   
1773124618
websocket-server-b9ff574dc-5m55q   6m    44Mi   
websocket-server-b9ff574dc-94np2   4m    31Mi   
websocket-server-b9ff574dc-ltmp8   3m    31Mi   
websocket-server-b9ff574dc-mv92k   4m    29Mi   
websocket-server-b9ff574dc-npz6w   4m    42Mi   
websocket-server-b9ff574dc-q5fh9   6m    36Mi   
websocket-server-b9ff574dc-v7jb8   4m    30Mi   
websocket-server-b9ff574dc-zb4bc   6m    30Mi   
1773124623
websocket-server-b9ff574dc-5m55q   6m    44Mi   
websocket-server-b9ff574dc-94np2   4m    31Mi   
websocket-server-b9ff574dc-ltmp8   3m    31Mi   
websocket-server-b9ff574dc-mv92k   4m    29Mi   
websocket-server-b9ff574dc-npz6w   4m    42Mi   
websocket-server-b9ff574dc-q5fh9   6m    36Mi   
websocket-server-b9ff574dc-v7jb8   4m    30Mi   
websocket-server-b9ff574dc-zb4bc   6m    30Mi   
1773124628
websocket-server-b9ff574dc-5m55q   9m    45Mi   
websocket-server-b9ff574dc-94np2   7m    33Mi   
websocket-server-b9ff574dc-ltmp8   5m    32Mi   
websocket-server-b9ff574dc-mv92k   6m    30Mi   
websocket-server-b9ff574dc-npz6w   8m    43Mi   
websocket-server-b9ff574dc-q5fh9   8m    37Mi   
websocket-server-b9ff574dc-v7jb8   6m    32Mi   
websocket-server-b9ff574dc-zb4bc   6m    30Mi   
1773124633
websocket-server-b9ff574dc-5m55q   9m    45Mi   
websocket-server-b9ff574dc-94np2   7m    33Mi   
websocket-server-b9ff574dc-ltmp8   5m    32Mi   
websocket-server-b9ff574dc-mv92k   6m    30Mi   
websocket-server-b9ff574dc-npz6w   8m    43Mi   
websocket-server-b9ff574dc-q5fh9   8m    37Mi   
websocket-server-b9ff574dc-v7jb8   6m    32Mi   
websocket-server-b9ff574dc-zb4bc   6m    30Mi   
1773124638
websocket-server-b9ff574dc-5m55q   10m   45Mi   
websocket-server-b9ff574dc-94np2   7m    33Mi   
websocket-server-b9ff574dc-ltmp8   7m    33Mi   
websocket-server-b9ff574dc-mv92k   9m    33Mi   
websocket-server-b9ff574dc-npz6w   11m   43Mi   
websocket-server-b9ff574dc-q5fh9   12m   39Mi   
websocket-server-b9ff574dc-v7jb8   6m    32Mi   
websocket-server-b9ff574dc-zb4bc   7m    31Mi   
1773124643
websocket-server-b9ff574dc-5m55q   10m   45Mi   
websocket-server-b9ff574dc-94np2   7m    33Mi   
websocket-server-b9ff574dc-ltmp8   7m    33Mi   
websocket-server-b9ff574dc-mv92k   9m    33Mi   
websocket-server-b9ff574dc-npz6w   11m   43Mi   
websocket-server-b9ff574dc-q5fh9   12m   39Mi   
websocket-server-b9ff574dc-v7jb8   6m    32Mi   
websocket-server-b9ff574dc-zb4bc   7m    31Mi   
1773124648
websocket-server-b9ff574dc-5m55q   10m   45Mi   
websocket-server-b9ff574dc-94np2   7m    33Mi   
websocket-server-b9ff574dc-ltmp8   7m    33Mi   
websocket-server-b9ff574dc-mv92k   9m    33Mi   
websocket-server-b9ff574dc-npz6w   11m   43Mi   
websocket-server-b9ff574dc-q5fh9   12m   39Mi   
websocket-server-b9ff574dc-v7jb8   6m    32Mi   
websocket-server-b9ff574dc-zb4bc   7m    31Mi   
1773124653
websocket-server-b9ff574dc-5m55q   13m   47Mi   
websocket-server-b9ff574dc-ltmp8   8m    33Mi   
websocket-server-b9ff574dc-mv92k   9m    33Mi   
websocket-server-b9ff574dc-npz6w   14m   43Mi   
websocket-server-b9ff574dc-pjh6s   55m   28Mi   
websocket-server-b9ff574dc-q5fh9   14m   40Mi   
websocket-server-b9ff574dc-zb4bc   7m    31Mi   
1773124658
websocket-server-b9ff574dc-5m55q   13m   47Mi   
websocket-server-b9ff574dc-ltmp8   8m    33Mi   
websocket-server-b9ff574dc-mv92k   9m    33Mi   
websocket-server-b9ff574dc-npz6w   14m   43Mi   
websocket-server-b9ff574dc-pjh6s   55m   28Mi   
websocket-server-b9ff574dc-q5fh9   14m   40Mi   
1773124663
websocket-server-b9ff574dc-5m55q   13m   47Mi   
websocket-server-b9ff574dc-ltmp8   8m    33Mi   
websocket-server-b9ff574dc-mv92k   9m    33Mi   
websocket-server-b9ff574dc-npz6w   14m   43Mi   
websocket-server-b9ff574dc-pjh6s   55m   28Mi   
websocket-server-b9ff574dc-q5fh9   14m   40Mi   
1773124669
websocket-server-b9ff574dc-5m55q   17m   49Mi   
websocket-server-b9ff574dc-ltmp8   11m   34Mi   
websocket-server-b9ff574dc-mv92k   15m   36Mi   
websocket-server-b9ff574dc-npz6w   16m   44Mi   
websocket-server-b9ff574dc-pjh6s   7m    30Mi   
websocket-server-b9ff574dc-q5fh9   17m   42Mi   
websocket-server-b9ff574dc-rcd58   46m   28Mi   
websocket-server-b9ff574dc-rzls4   6m    29Mi   
1773124674
websocket-server-b9ff574dc-5m55q   17m   49Mi   
websocket-server-b9ff574dc-ltmp8   11m   34Mi   
websocket-server-b9ff574dc-mv92k   15m   36Mi   
websocket-server-b9ff574dc-npz6w   16m   44Mi   
websocket-server-b9ff574dc-pjh6s   7m    30Mi   
websocket-server-b9ff574dc-q5fh9   17m   42Mi   
websocket-server-b9ff574dc-rcd58   46m   28Mi   
websocket-server-b9ff574dc-rzls4   6m    29Mi   
1773124679
websocket-server-b9ff574dc-5m55q   17m   49Mi   
websocket-server-b9ff574dc-ltmp8   11m   34Mi   
websocket-server-b9ff574dc-mv92k   15m   36Mi   
websocket-server-b9ff574dc-npz6w   16m   44Mi   
websocket-server-b9ff574dc-pjh6s   7m    30Mi   
websocket-server-b9ff574dc-q5fh9   17m   42Mi   
websocket-server-b9ff574dc-rcd58   46m   28Mi   
websocket-server-b9ff574dc-rzls4   6m    29Mi   
1773124684
websocket-server-b9ff574dc-5m55q   17m   49Mi   
websocket-server-b9ff574dc-ltmp8   12m   34Mi   
websocket-server-b9ff574dc-mv92k   15m   36Mi   
websocket-server-b9ff574dc-npz6w   15m   44Mi   
websocket-server-b9ff574dc-pjh6s   6m    30Mi   
websocket-server-b9ff574dc-q5fh9   17m   41Mi   
websocket-server-b9ff574dc-rcd58   1m    28Mi   
websocket-server-b9ff574dc-rzls4   4m    29Mi   
websocket-server-b9ff574dc-x258n   40m   27Mi   
1773124689
websocket-server-b9ff574dc-5m55q   17m   49Mi   
websocket-server-b9ff574dc-ltmp8   12m   34Mi   
websocket-server-b9ff574dc-mv92k   15m   36Mi   
websocket-server-b9ff574dc-npz6w   15m   44Mi   
websocket-server-b9ff574dc-pjh6s   6m    30Mi   
websocket-server-b9ff574dc-q5fh9   17m   41Mi   
websocket-server-b9ff574dc-rcd58   1m    28Mi   
websocket-server-b9ff574dc-rzls4   4m    29Mi   
websocket-server-b9ff574dc-x258n   40m   27Mi   
1773124694
websocket-server-b9ff574dc-5m55q   17m   49Mi   
websocket-server-b9ff574dc-ltmp8   12m   34Mi   
websocket-server-b9ff574dc-mv92k   15m   36Mi   
websocket-server-b9ff574dc-npz6w   15m   44Mi   
websocket-server-b9ff574dc-pjh6s   6m    30Mi   
websocket-server-b9ff574dc-q5fh9   17m   41Mi   
websocket-server-b9ff574dc-rcd58   1m    28Mi   
websocket-server-b9ff574dc-rzls4   4m    29Mi   
websocket-server-b9ff574dc-x258n   40m   27Mi   
1773124699
websocket-server-b9ff574dc-5m55q   13m   49Mi   
websocket-server-b9ff574dc-ltmp8   8m    35Mi   
websocket-server-b9ff574dc-mv92k   15m   36Mi   
websocket-server-b9ff574dc-npz6w   9m    43Mi   
websocket-server-b9ff574dc-pjh6s   6m    30Mi   
websocket-server-b9ff574dc-q5fh9   11m   41Mi   
websocket-server-b9ff574dc-rcd58   1m    28Mi   
websocket-server-b9ff574dc-rzls4   3m    29Mi   
websocket-server-b9ff574dc-x258n   1m    28Mi   
1773124704
websocket-server-b9ff574dc-5m55q   13m   49Mi   
websocket-server-b9ff574dc-ltmp8   8m    35Mi   
websocket-server-b9ff574dc-mv92k   15m   36Mi   
websocket-server-b9ff574dc-npz6w   9m    43Mi   
websocket-server-b9ff574dc-pjh6s   6m    30Mi   
websocket-server-b9ff574dc-q5fh9   11m   41Mi   
websocket-server-b9ff574dc-rcd58   1m    28Mi   
websocket-server-b9ff574dc-rzls4   3m    29Mi   
websocket-server-b9ff574dc-x258n   1m    28Mi   
1773124709
websocket-server-b9ff574dc-5m55q   13m   49Mi   
websocket-server-b9ff574dc-ltmp8   8m    35Mi   
websocket-server-b9ff574dc-mv92k   15m   36Mi   
websocket-server-b9ff574dc-npz6w   9m    43Mi   
websocket-server-b9ff574dc-pjh6s   6m    30Mi   
websocket-server-b9ff574dc-q5fh9   11m   41Mi   
websocket-server-b9ff574dc-rcd58   1m    28Mi   
websocket-server-b9ff574dc-rzls4   3m    29Mi   
websocket-server-b9ff574dc-x258n   1m    28Mi   
1773124714
websocket-server-b9ff574dc-5m55q   5m    49Mi   
websocket-server-b9ff574dc-ltmp8   8m    35Mi   
websocket-server-b9ff574dc-mv92k   6m    36Mi   
websocket-server-b9ff574dc-npz6w   4m    43Mi   
websocket-server-b9ff574dc-pjh6s   2m    30Mi   
websocket-server-b9ff574dc-q5fh9   11m   41Mi   
websocket-server-b9ff574dc-rcd58   1m    28Mi   
websocket-server-b9ff574dc-rzls4   1m    29Mi   
websocket-server-b9ff574dc-x258n   1m    28Mi   
1773124719
websocket-server-b9ff574dc-5m55q   5m    49Mi   
websocket-server-b9ff574dc-ltmp8   8m    35Mi   
websocket-server-b9ff574dc-mv92k   6m    36Mi   
websocket-server-b9ff574dc-npz6w   4m    43Mi   
websocket-server-b9ff574dc-pjh6s   2m    30Mi   
websocket-server-b9ff574dc-q5fh9   11m   41Mi   
websocket-server-b9ff574dc-rcd58   1m    28Mi   
websocket-server-b9ff574dc-rzls4   1m    29Mi   
websocket-server-b9ff574dc-x258n   1m    28Mi   
1773124725
websocket-server-b9ff574dc-5m55q   5m    49Mi   
websocket-server-b9ff574dc-ltmp8   8m    35Mi   
websocket-server-b9ff574dc-mv92k   6m    36Mi   
websocket-server-b9ff574dc-npz6w   4m    43Mi   
websocket-server-b9ff574dc-pjh6s   2m    30Mi   
websocket-server-b9ff574dc-q5fh9   11m   41Mi   
websocket-server-b9ff574dc-rcd58   1m    28Mi   
websocket-server-b9ff574dc-rzls4   1m    29Mi   
websocket-server-b9ff574dc-x258n   1m    28Mi   
1773124730
websocket-server-b9ff574dc-5m55q   5m    49Mi   
websocket-server-b9ff574dc-ltmp8   4m    34Mi   
websocket-server-b9ff574dc-mv92k   4m    35Mi   
websocket-server-b9ff574dc-npz6w   4m    43Mi   
websocket-server-b9ff574dc-pjh6s   2m    30Mi   
websocket-server-b9ff574dc-q5fh9   4m    41Mi   
websocket-server-b9ff574dc-rcd58   1m    28Mi   
websocket-server-b9ff574dc-rzls4   2m    29Mi   
websocket-server-b9ff574dc-x258n   1m    28Mi   
1773124735
websocket-server-b9ff574dc-5m55q   5m    49Mi   
websocket-server-b9ff574dc-ltmp8   4m    34Mi   
websocket-server-b9ff574dc-mv92k   4m    35Mi   
websocket-server-b9ff574dc-npz6w   4m    43Mi   
websocket-server-b9ff574dc-pjh6s   2m    30Mi   
websocket-server-b9ff574dc-q5fh9   4m    41Mi   
websocket-server-b9ff574dc-rcd58   1m    28Mi   
websocket-server-b9ff574dc-rzls4   2m    29Mi   
websocket-server-b9ff574dc-x258n   1m    28Mi   
1773124740
websocket-server-b9ff574dc-5m55q   5m    49Mi   
websocket-server-b9ff574dc-ltmp8   4m    34Mi   
websocket-server-b9ff574dc-mv92k   4m    35Mi   
websocket-server-b9ff574dc-npz6w   4m    43Mi   
websocket-server-b9ff574dc-pjh6s   2m    30Mi   
websocket-server-b9ff574dc-q5fh9   4m    41Mi   
websocket-server-b9ff574dc-rcd58   1m    28Mi   
websocket-server-b9ff574dc-rzls4   2m    29Mi   
websocket-server-b9ff574dc-x258n   1m    28Mi   
1773124745
websocket-server-b9ff574dc-5m55q   5m    49Mi   
websocket-server-b9ff574dc-ltmp8   3m    35Mi   
websocket-server-b9ff574dc-mv92k   4m    35Mi   
websocket-server-b9ff574dc-npz6w   4m    44Mi   
websocket-server-b9ff574dc-pjh6s   1m    30Mi   
websocket-server-b9ff574dc-q5fh9   4m    41Mi   
websocket-server-b9ff574dc-rcd58   1m    28Mi   
websocket-server-b9ff574dc-rzls4   2m    29Mi   
websocket-server-b9ff574dc-x258n   1m    28Mi   
1773124750
websocket-server-b9ff574dc-5m55q   5m    49Mi   
websocket-server-b9ff574dc-ltmp8   3m    35Mi   
websocket-server-b9ff574dc-mv92k   4m    35Mi   
websocket-server-b9ff574dc-npz6w   4m    44Mi   
websocket-server-b9ff574dc-pjh6s   1m    30Mi   
websocket-server-b9ff574dc-q5fh9   4m    41Mi   
websocket-server-b9ff574dc-rcd58   1m    28Mi   
websocket-server-b9ff574dc-rzls4   2m    29Mi   
websocket-server-b9ff574dc-x258n   1m    28Mi   
1773124755
websocket-server-b9ff574dc-5m55q   5m    49Mi   
websocket-server-b9ff574dc-ltmp8   3m    35Mi   
websocket-server-b9ff574dc-mv92k   4m    35Mi   
websocket-server-b9ff574dc-npz6w   4m    44Mi   
websocket-server-b9ff574dc-pjh6s   1m    30Mi   
websocket-server-b9ff574dc-q5fh9   4m    41Mi   
websocket-server-b9ff574dc-rcd58   1m    28Mi   
websocket-server-b9ff574dc-rzls4   2m    29Mi   
websocket-server-b9ff574dc-x258n   1m    28Mi   
1773124760
websocket-server-b9ff574dc-5m55q   4m    49Mi   
websocket-server-b9ff574dc-ltmp8   8m    34Mi   
websocket-server-b9ff574dc-mv92k   12m   35Mi   
websocket-server-b9ff574dc-npz6w   10m   43Mi   
websocket-server-b9ff574dc-pjh6s   6m    30Mi   
websocket-server-b9ff574dc-q5fh9   9m    40Mi   
websocket-server-b9ff574dc-rcd58   1m    28Mi   
websocket-server-b9ff574dc-rzls4   4m    29Mi   
websocket-server-b9ff574dc-x258n   1m    28Mi   
1773124765
websocket-server-b9ff574dc-5m55q   4m    49Mi   
websocket-server-b9ff574dc-ltmp8   8m    34Mi   
websocket-server-b9ff574dc-mv92k   12m   35Mi   
websocket-server-b9ff574dc-npz6w   10m   43Mi   
websocket-server-b9ff574dc-pjh6s   6m    30Mi   
websocket-server-b9ff574dc-q5fh9   9m    40Mi   
websocket-server-b9ff574dc-rcd58   1m    28Mi   
websocket-server-b9ff574dc-rzls4   4m    29Mi   
websocket-server-b9ff574dc-x258n   1m    28Mi   
1773124770
websocket-server-b9ff574dc-5m55q   4m    49Mi   
websocket-server-b9ff574dc-ltmp8   8m    34Mi   
websocket-server-b9ff574dc-mv92k   12m   35Mi   
websocket-server-b9ff574dc-npz6w   10m   43Mi   
websocket-server-b9ff574dc-pjh6s   6m    30Mi   
websocket-server-b9ff574dc-q5fh9   9m    40Mi   
websocket-server-b9ff574dc-rcd58   1m    28Mi   
websocket-server-b9ff574dc-rzls4   4m    29Mi   
websocket-server-b9ff574dc-x258n   1m    28Mi   
1773124775
websocket-server-b9ff574dc-5m55q   7m    48Mi   
websocket-server-b9ff574dc-ltmp8   8m    34Mi   
websocket-server-b9ff574dc-mv92k   1m    35Mi   
websocket-server-b9ff574dc-npz6w   1m    43Mi   
websocket-server-b9ff574dc-pjh6s   1m    30Mi   
websocket-server-b9ff574dc-q5fh9   9m    40Mi   
websocket-server-b9ff574dc-rcd58   1m    28Mi   
websocket-server-b9ff574dc-rzls4   1m    29Mi   
websocket-server-b9ff574dc-x258n   1m    28Mi   
1773124781
websocket-server-b9ff574dc-5m55q   7m    48Mi   
websocket-server-b9ff574dc-ltmp8   8m    34Mi   
websocket-server-b9ff574dc-mv92k   1m    35Mi   
websocket-server-b9ff574dc-npz6w   1m    43Mi   
websocket-server-b9ff574dc-pjh6s   1m    30Mi   
websocket-server-b9ff574dc-q5fh9   9m    40Mi   
websocket-server-b9ff574dc-rcd58   1m    28Mi   
websocket-server-b9ff574dc-rzls4   1m    29Mi   
websocket-server-b9ff574dc-x258n   1m    28Mi   
1773124786
websocket-server-b9ff574dc-5m55q   7m    48Mi   
websocket-server-b9ff574dc-ltmp8   8m    34Mi   
websocket-server-b9ff574dc-mv92k   1m    35Mi   
websocket-server-b9ff574dc-npz6w   1m    43Mi   
websocket-server-b9ff574dc-pjh6s   1m    30Mi   
websocket-server-b9ff574dc-q5fh9   9m    40Mi   
websocket-server-b9ff574dc-rcd58   1m    28Mi   
websocket-server-b9ff574dc-rzls4   1m    29Mi   
websocket-server-b9ff574dc-x258n   1m    28Mi   
1773124791
websocket-server-b9ff574dc-5m55q   1m    48Mi   
websocket-server-b9ff574dc-ltmp8   1m    34Mi   
websocket-server-b9ff574dc-mv92k   1m    35Mi   
websocket-server-b9ff574dc-npz6w   1m    43Mi   
websocket-server-b9ff574dc-pjh6s   1m    30Mi   
websocket-server-b9ff574dc-q5fh9   1m    40Mi   
websocket-server-b9ff574dc-rcd58   1m    28Mi   
websocket-server-b9ff574dc-rzls4   1m    29Mi   
websocket-server-b9ff574dc-x258n   1m    28Mi   
1773124796
websocket-server-b9ff574dc-5m55q   1m    48Mi   
websocket-server-b9ff574dc-ltmp8   1m    34Mi   
websocket-server-b9ff574dc-mv92k   1m    35Mi   
websocket-server-b9ff574dc-npz6w   1m    43Mi   
websocket-server-b9ff574dc-pjh6s   1m    30Mi   
websocket-server-b9ff574dc-q5fh9   1m    40Mi   
websocket-server-b9ff574dc-rcd58   1m    28Mi   
websocket-server-b9ff574dc-rzls4   1m    29Mi   
websocket-server-b9ff574dc-x258n   1m    28Mi   
1773124801
websocket-server-b9ff574dc-5m55q   1m    48Mi   
websocket-server-b9ff574dc-ltmp8   1m    34Mi   
websocket-server-b9ff574dc-mv92k   1m    35Mi   
websocket-server-b9ff574dc-npz6w   1m    43Mi   
websocket-server-b9ff574dc-pjh6s   1m    30Mi   
websocket-server-b9ff574dc-q5fh9   1m    40Mi   
websocket-server-b9ff574dc-rcd58   1m    28Mi   
websocket-server-b9ff574dc-rzls4   1m    29Mi   
websocket-server-b9ff574dc-x258n   1m    28Mi   
1773124806
websocket-server-b9ff574dc-5m55q   1m    48Mi   
websocket-server-b9ff574dc-ltmp8   1m    34Mi   
websocket-server-b9ff574dc-mv92k   1m    35Mi   
websocket-server-b9ff574dc-npz6w   1m    43Mi   
websocket-server-b9ff574dc-pjh6s   1m    30Mi   
websocket-server-b9ff574dc-q5fh9   1m    40Mi   
websocket-server-b9ff574dc-rcd58   1m    28Mi   
websocket-server-b9ff574dc-rzls4   1m    29Mi   
websocket-server-b9ff574dc-x258n   1m    28Mi   
1773124811
websocket-server-b9ff574dc-5m55q   1m    48Mi   
websocket-server-b9ff574dc-ltmp8   1m    34Mi   
websocket-server-b9ff574dc-mv92k   1m    35Mi   
websocket-server-b9ff574dc-npz6w   1m    43Mi   
websocket-server-b9ff574dc-pjh6s   1m    30Mi   
websocket-server-b9ff574dc-q5fh9   1m    40Mi   
websocket-server-b9ff574dc-rcd58   1m    28Mi   
websocket-server-b9ff574dc-rzls4   1m    29Mi   
websocket-server-b9ff574dc-x258n   1m    28Mi   
1773124816
websocket-server-b9ff574dc-5m55q   1m    48Mi   
websocket-server-b9ff574dc-ltmp8   1m    34Mi   
websocket-server-b9ff574dc-mv92k   1m    35Mi   
websocket-server-b9ff574dc-npz6w   1m    43Mi   
websocket-server-b9ff574dc-pjh6s   1m    30Mi   
websocket-server-b9ff574dc-q5fh9   1m    40Mi   
websocket-server-b9ff574dc-rcd58   1m    28Mi   
websocket-server-b9ff574dc-rzls4   1m    29Mi   
websocket-server-b9ff574dc-x258n   1m    28Mi   
1773124821
websocket-server-b9ff574dc-5m55q   1m    48Mi   
websocket-server-b9ff574dc-ltmp8   1m    34Mi   
websocket-server-b9ff574dc-mv92k   1m    35Mi   
websocket-server-b9ff574dc-npz6w   0m    43Mi   
websocket-server-b9ff574dc-pjh6s   1m    30Mi   
websocket-server-b9ff574dc-q5fh9   0m    40Mi   
websocket-server-b9ff574dc-rcd58   1m    28Mi   
websocket-server-b9ff574dc-rzls4   1m    29Mi   
websocket-server-b9ff574dc-x258n   1m    28Mi   
1773124826
websocket-server-b9ff574dc-5m55q   1m    48Mi   
websocket-server-b9ff574dc-ltmp8   1m    34Mi   
websocket-server-b9ff574dc-mv92k   1m    35Mi   
websocket-server-b9ff574dc-npz6w   0m    43Mi   
websocket-server-b9ff574dc-pjh6s   1m    30Mi   
websocket-server-b9ff574dc-q5fh9   0m    40Mi   
websocket-server-b9ff574dc-rcd58   1m    28Mi   
websocket-server-b9ff574dc-rzls4   1m    29Mi   
websocket-server-b9ff574dc-x258n   1m    28Mi   
1773124831
websocket-server-b9ff574dc-5m55q   1m    48Mi   
websocket-server-b9ff574dc-ltmp8   1m    34Mi   
websocket-server-b9ff574dc-mv92k   1m    35Mi   
websocket-server-b9ff574dc-npz6w   0m    43Mi   
websocket-server-b9ff574dc-pjh6s   1m    30Mi   
websocket-server-b9ff574dc-q5fh9   0m    40Mi   
websocket-server-b9ff574dc-rcd58   1m    28Mi   
websocket-server-b9ff574dc-x258n   1m    28Mi   
1773124837
websocket-server-b9ff574dc-5m55q   1m    48Mi   
websocket-server-b9ff574dc-ltmp8   1m    34Mi   
websocket-server-b9ff574dc-mv92k   1m    35Mi   
websocket-server-b9ff574dc-npz6w   1m    43Mi   
websocket-server-b9ff574dc-pjh6s   1m    30Mi   
websocket-server-b9ff574dc-q5fh9   1m    40Mi   
websocket-server-b9ff574dc-rcd58   1m    28Mi   
websocket-server-b9ff574dc-x258n   1m    28Mi   
1773124842
websocket-server-b9ff574dc-5m55q   1m    48Mi   
websocket-server-b9ff574dc-ltmp8   1m    34Mi   
websocket-server-b9ff574dc-mv92k   1m    35Mi   
websocket-server-b9ff574dc-npz6w   1m    43Mi   
websocket-server-b9ff574dc-pjh6s   1m    30Mi   
websocket-server-b9ff574dc-q5fh9   1m    40Mi   
websocket-server-b9ff574dc-rcd58   1m    28Mi   
websocket-server-b9ff574dc-x258n   1m    28Mi   
1773124847
websocket-server-b9ff574dc-5m55q   1m    48Mi   
websocket-server-b9ff574dc-ltmp8   1m    34Mi   
websocket-server-b9ff574dc-mv92k   1m    35Mi   
websocket-server-b9ff574dc-npz6w   1m    43Mi   
websocket-server-b9ff574dc-pjh6s   1m    30Mi   
websocket-server-b9ff574dc-q5fh9   1m    40Mi   
websocket-server-b9ff574dc-rcd58   1m    28Mi   
websocket-server-b9ff574dc-x258n   1m    28Mi   
1773124852
websocket-server-b9ff574dc-5m55q   1m    48Mi   
websocket-server-b9ff574dc-ltmp8   1m    34Mi   
websocket-server-b9ff574dc-mv92k   1m    35Mi   
websocket-server-b9ff574dc-npz6w   1m    43Mi   
websocket-server-b9ff574dc-pjh6s   1m    30Mi   
websocket-server-b9ff574dc-q5fh9   0m    40Mi   
websocket-server-b9ff574dc-rcd58   1m    28Mi   
websocket-server-b9ff574dc-x258n   1m    28Mi   
1773124857
websocket-server-b9ff574dc-5m55q   1m    48Mi   
websocket-server-b9ff574dc-ltmp8   1m    34Mi   
websocket-server-b9ff574dc-mv92k   1m    35Mi   
websocket-server-b9ff574dc-npz6w   1m    43Mi   
websocket-server-b9ff574dc-pjh6s   1m    30Mi   
websocket-server-b9ff574dc-q5fh9   0m    40Mi   
websocket-server-b9ff574dc-rcd58   1m    28Mi   
websocket-server-b9ff574dc-x258n   1m    28Mi   
1773124862
websocket-server-b9ff574dc-5m55q   1m    48Mi   
websocket-server-b9ff574dc-ltmp8   1m    34Mi   
websocket-server-b9ff574dc-mv92k   1m    35Mi   
websocket-server-b9ff574dc-npz6w   1m    43Mi   
websocket-server-b9ff574dc-pjh6s   1m    30Mi   
websocket-server-b9ff574dc-q5fh9   0m    40Mi   
websocket-server-b9ff574dc-rcd58   1m    28Mi   
websocket-server-b9ff574dc-x258n   1m    28Mi   
1773124867
websocket-server-b9ff574dc-5m55q   1m    48Mi   
websocket-server-b9ff574dc-ltmp8   1m    34Mi   
websocket-server-b9ff574dc-mv92k   1m    35Mi   
websocket-server-b9ff574dc-npz6w   1m    43Mi   
websocket-server-b9ff574dc-pjh6s   1m    30Mi   
websocket-server-b9ff574dc-q5fh9   0m    40Mi   
websocket-server-b9ff574dc-rcd58   1m    28Mi   
websocket-server-b9ff574dc-x258n   1m    28Mi   
1773124872
websocket-server-b9ff574dc-5m55q   1m    48Mi   
websocket-server-b9ff574dc-ltmp8   1m    34Mi   
websocket-server-b9ff574dc-mv92k   1m    35Mi   
websocket-server-b9ff574dc-npz6w   1m    43Mi   
websocket-server-b9ff574dc-pjh6s   1m    30Mi   
websocket-server-b9ff574dc-q5fh9   0m    40Mi   
websocket-server-b9ff574dc-rcd58   1m    28Mi   
websocket-server-b9ff574dc-x258n   1m    28Mi   
1773124877
websocket-server-b9ff574dc-5m55q   1m    48Mi   
websocket-server-b9ff574dc-ltmp8   1m    34Mi   
websocket-server-b9ff574dc-mv92k   1m    35Mi   
websocket-server-b9ff574dc-npz6w   1m    43Mi   
websocket-server-b9ff574dc-pjh6s   1m    30Mi   
websocket-server-b9ff574dc-q5fh9   0m    40Mi   
websocket-server-b9ff574dc-rcd58   1m    28Mi   
websocket-server-b9ff574dc-x258n   1m    28Mi   
1773124882
websocket-server-b9ff574dc-5m55q   1m    48Mi   
websocket-server-b9ff574dc-ltmp8   1m    34Mi   
websocket-server-b9ff574dc-mv92k   1m    35Mi   
websocket-server-b9ff574dc-npz6w   1m    43Mi   
websocket-server-b9ff574dc-pjh6s   1m    30Mi   
websocket-server-b9ff574dc-q5fh9   1m    40Mi   
websocket-server-b9ff574dc-rcd58   1m    28Mi   
websocket-server-b9ff574dc-x258n   0m    28Mi   
1773124887
websocket-server-b9ff574dc-5m55q   1m    48Mi   
websocket-server-b9ff574dc-ltmp8   1m    34Mi   
websocket-server-b9ff574dc-mv92k   1m    35Mi   
websocket-server-b9ff574dc-npz6w   1m    43Mi   
websocket-server-b9ff574dc-pjh6s   1m    30Mi   
websocket-server-b9ff574dc-q5fh9   1m    40Mi   
websocket-server-b9ff574dc-rcd58   1m    28Mi   
websocket-server-b9ff574dc-x258n   0m    28Mi   
1773124893
websocket-server-b9ff574dc-5m55q   1m    48Mi   
websocket-server-b9ff574dc-ltmp8   1m    34Mi   
websocket-server-b9ff574dc-mv92k   1m    35Mi   
websocket-server-b9ff574dc-npz6w   1m    43Mi   
websocket-server-b9ff574dc-pjh6s   1m    30Mi   
websocket-server-b9ff574dc-q5fh9   1m    40Mi   
websocket-server-b9ff574dc-rcd58   1m    28Mi   
websocket-server-b9ff574dc-x258n   0m    28Mi   
1773124898
websocket-server-b9ff574dc-5m55q   1m    48Mi   
websocket-server-b9ff574dc-ltmp8   1m    34Mi   
websocket-server-b9ff574dc-mv92k   1m    35Mi   
websocket-server-b9ff574dc-npz6w   1m    43Mi   
websocket-server-b9ff574dc-pjh6s   1m    30Mi   
websocket-server-b9ff574dc-q5fh9   1m    40Mi   
websocket-server-b9ff574dc-rcd58   1m    28Mi   
websocket-server-b9ff574dc-x258n   1m    28Mi   
1773124903
websocket-server-b9ff574dc-5m55q   1m    48Mi   
websocket-server-b9ff574dc-ltmp8   1m    34Mi   
websocket-server-b9ff574dc-mv92k   1m    35Mi   
websocket-server-b9ff574dc-npz6w   1m    43Mi   
websocket-server-b9ff574dc-q5fh9   1m    40Mi   
websocket-server-b9ff574dc-x258n   1m    28Mi   
1773124908
websocket-server-b9ff574dc-5m55q   1m    48Mi   
websocket-server-b9ff574dc-ltmp8   1m    34Mi   
websocket-server-b9ff574dc-npz6w   1m    43Mi   
websocket-server-b9ff574dc-q5fh9   1m    40Mi   
1773124913
websocket-server-b9ff574dc-5m55q   1m    48Mi   
websocket-server-b9ff574dc-npz6w   1m    43Mi   
