1772359953
active_connections 0
1772359958
active_connections 419
1772359963
active_connections 419
1772359968
active_connections 419
1772359973
active_connections 419
1772359978
active_connections 419
1772359983
active_connections 419
1772360027
active_connections 419
1772360035
active_connections 419
1772360042
active_connections 419
1772360047
active_connections 96
1772360052
active_connections 96
1772360057
active_connections 96
1772360066
active_connections 96
1772360071
active_connections 96
1772360076
active_connections 96
1772360081
active_connections 96
1772360086
active_connections 96
1772360091
active_connections 96
1772360096
active_connections 96
1772360101
active_connections 96
1772360106
active_connections 96
1772360111
active_connections 96
1772360116
active_connections 96
1772360121
active_connections 96
1772360126
active_connections 96
1772360131
active_connections 96
1772360136
active_connections 45
1772360141
active_connections 45
1772360146
active_connections 45
1772360152
active_connections 45
1772360157
active_connections 45
1772360162
active_connections 45
1772360167
active_connections 45
1772360172
active_connections 45
1772360177
active_connections 45
1772360182
active_connections 45
1772360187
active_connections 45
1772360192
active_connections 45
1772360197
active_connections 45
1772360202
active_connections 45
1772360207
active_connections 45
1772360212
active_connections 45
1772360217
active_connections 45
1772360222
active_connections 45
1772360227
active_connections 46
1772360232
active_connections 46
1772360237
active_connections 46
1772360242
active_connections 46
1772360247
active_connections 46
1772360252
active_connections 46
1772360257
active_connections 46
1772360262
active_connections 46
1772360267
active_connections 46
1772360272
active_connections 46
1772360277
active_connections 46
1772360282
active_connections 46
1772360287
active_connections 46
1772360292
active_connections 46
1772360297
active_connections 46
1772360302
active_connections 46
1772360307
active_connections 46
1772360312
active_connections 46
1772360318
active_connections 55
1772360323
active_connections 55
1772360328
active_connections 55
1772360333
active_connections 55
1772360338
active_connections 55
1772360343
active_connections 55
1772360348
active_connections 55
1772360353
active_connections 55
1772360358
active_connections 55
1772360363
active_connections 55
1772360368
active_connections 55
1772360373
active_connections 55
1772360378
active_connections 55
1772360383
active_connections 55
1772360388
active_connections 55
1772360393
active_connections 55
1772360398
active_connections 55
1772360403
active_connections 55
1772360408
active_connections 0
1772360413
active_connections 0
1772360418
active_connections 0
1772360423
active_connections 0
1772360428
active_connections 0
1772360433
active_connections 0
1772360438
active_connections 0
1772360443
active_connections 0
1772360448
active_connections 0
1772360453
active_connections 0
1772360458
active_connections 0
1772360463
active_connections 0
1772360468
active_connections 0
1772360473
active_connections 0
1772360478
active_connections 0
1772360483
active_connections 0
1772360488
active_connections 0
1772360493
active_connections 0
1772360498
active_connections 0
1772360503
active_connections 0
1772360508
active_connections 0
1772360513
active_connections 0
1772360518
active_connections 0
1772360523
active_connections 0
1772360528
active_connections 0
1772360533
active_connections 0
1772360538
active_connections 0
1772360543
active_connections 0
1772360548
active_connections 0
1772360553
active_connections 0
1772360558
active_connections 0
1772360563
active_connections 0
1772360568
active_connections 0
1772360573
active_connections 0
1772360578
active_connections 0
1772360583
active_connections 0
1772360589
active_connections 0
1772360594
active_connections 0
1772360599
active_connections 0
1772360604
active_connections 0
1772360609
active_connections 0
1772360614
active_connections 0
1772360619
active_connections 0
1772360624
active_connections 0
1772360629
active_connections 0
1772360634
active_connections 0
1772360639
active_connections 0
1772360644
active_connections 0
1772360649
active_connections 0
1772360654
active_connections 0
1772360659
active_connections 0
1772360664
active_connections 0
1772360669
active_connections 0
1772360674
active_connections 0
1772360679
active_connections 0
1772360684
active_connections 0
1772360689
active_connections 0
1772360694
active_connections 0
1772360699
active_connections 0
1772360704
active_connections 0
1772360709
active_connections 0
1772360714
active_connections 0
1772360719
active_connections 0
1772360724
active_connections 0
1772360729
active_connections 0
1772360734
active_connections 0
1772360739
active_connections 0
1772360744
active_connections 0
1772360749
active_connections 0
1772360754
active_connections 0
1772360759
