1772359953,CYCLE_1_HIGH_START
1772360013,CYCLE_1_HIGH_END
1772360013,CYCLE_1_LOW_START
1772360043,CYCLE_1_LOW_END
1772360043,CYCLE_2_HIGH_START
1772360103,CYCLE_2_HIGH_END
1772360103,CYCLE_2_LOW_START
1772360133,CYCLE_2_LOW_END
1772360133,CYCLE_3_HIGH_START
1772360193,CYCLE_3_HIGH_END
1772360194,CYCLE_3_LOW_START
1772360224,CYCLE_3_LOW_END
1772360224,CYCLE_4_HIGH_START
1772360284,CYCLE_4_HIGH_END
1772360284,CYCLE_4_LOW_START
1772360314,CYCLE_4_LOW_END
1772360314,CYCLE_5_HIGH_START
1772360374,CYCLE_5_HIGH_END
1772360374,CYCLE_5_LOW_START
1772360404,CYCLE_5_LOW_END
